0.000000000000000000e+00
3.433414609762576469e-13
5.370582146087247438e-12
2.188987273393379766e-12
4.773861133581949034e-12
0.000000000000000000e+00
0.000000000000000000e+00
1.208033888982067617e-12
0.000000000000000000e+00
0.000000000000000000e+00
2.156958023702429683e-12
0.000000000000000000e+00
0.000000000000000000e+00
0.000000000000000000e+00
0.000000000000000000e+00
2.472294076393295158e-13
5.467166291274198444e-12
0.000000000000000000e+00
6.910429561567002893e-13
0.000000000000000000e+00
8.683305451735198827e-13
0.000000000000000000e+00
3.802934279524641476e-12
0.000000000000000000e+00
1.935647431954134334e-12
9.669879474730085968e-13
0.000000000000000000e+00
4.902957731236731228e-12
5.832204633180961431e-13
4.380463960924935388e-12
1.149367252135500650e-13
1.580513510222474612e-12
2.631563847824042377e-12
1.145475370362158268e-01
3.441655914720680417e-12
3.943149191330809682e-12
0.000000000000000000e+00
0.000000000000000000e+00
0.000000000000000000e+00
2.293086712756482734e-13
0.000000000000000000e+00
4.137355541415092996e-12
6.339396670996327824e-12
0.000000000000000000e+00
0.000000000000000000e+00
1.145475370678488980e-01
2.497029569475734127e-12
1.762724036740351469e-11
0.000000000000000000e+00
3.270960029660285935e-12
0.000000000000000000e+00
4.567904098144730314e-12
0.000000000000000000e+00
7.724755839531015690e-13
0.000000000000000000e+00
0.000000000000000000e+00
0.000000000000000000e+00
0.000000000000000000e+00
0.000000000000000000e+00
1.052621151603840585e-10
0.000000000000000000e+00
0.000000000000000000e+00
5.250138783703642653e-12
1.403662451885918381e-12
0.000000000000000000e+00
4.142671308594016905e-12
0.000000000000000000e+00
3.557192380498477407e-12
0.000000000000000000e+00
1.913210374008933721e-12
5.442647060461191599e-12
5.297961816600956309e-13
1.145475370695714507e-01
0.000000000000000000e+00
0.000000000000000000e+00
4.459674351468468040e-13
2.035839274369321961e-12
2.805984617049966698e-12
2.050204262091184890e-12
0.000000000000000000e+00
0.000000000000000000e+00
4.706514790472062206e-12
1.145475370630538586e-01
6.261064157638626381e-13
1.238034652636010734e-12
0.000000000000000000e+00
0.000000000000000000e+00
0.000000000000000000e+00
0.000000000000000000e+00
5.110117595944153791e-13
1.067147613989190651e-12
0.000000000000000000e+00
4.218080771716013581e-12
0.000000000000000000e+00
0.000000000000000000e+00
7.136838728572843262e-12
7.488003823559702846e-13
0.000000000000000000e+00
1.314769635483410461e-12
0.000000000000000000e+00
4.008907416095623917e-12
3.042828188732029011e-12
0.000000000000000000e+00
0.000000000000000000e+00
0.000000000000000000e+00
0.000000000000000000e+00
1.145475370920657487e-01
1.874956902025649551e-12
0.000000000000000000e+00
0.000000000000000000e+00
5.153323522882874553e-12
1.492689782255255321e-12
0.000000000000000000e+00
3.841960882055813486e-12
2.940953685995679677e-13
5.659539375432956892e-11
9.747508513695761755e-13
0.000000000000000000e+00
1.328307837684985116e-12
1.145475370677643545e-01
2.041527444562606830e-12
0.000000000000000000e+00
0.000000000000000000e+00
9.425369192623763701e-13
3.456021609518696853e-13
0.000000000000000000e+00
5.870706460358430516e-13
0.000000000000000000e+00
2.344086343569996200e-12
0.000000000000000000e+00
1.421438397390018919e-12
0.000000000000000000e+00
7.359651106534970668e-12
0.000000000000000000e+00
3.657773123855947679e-13
0.000000000000000000e+00
1.904968056172729697e-12
0.000000000000000000e+00
1.591224070066961488e-12
0.000000000000000000e+00
2.706354695886005471e-12
0.000000000000000000e+00
8.777645132281071223e-13
7.342039383099561240e-12
3.650972049374249695e-12
9.095146386128964703e-13
2.522113523953241365e-12
0.000000000000000000e+00
1.490725382020407073e-13
1.847641589833585660e-12
0.000000000000000000e+00
0.000000000000000000e+00
0.000000000000000000e+00
0.000000000000000000e+00
0.000000000000000000e+00
2.565385322754404934e-12
0.000000000000000000e+00
0.000000000000000000e+00
2.419344443610128937e-12
3.287298848126242123e-12
3.302387919902603318e-12
5.344782924228083215e-12
2.179628744362334539e-13
0.000000000000000000e+00
0.000000000000000000e+00
0.000000000000000000e+00
2.567325542259867831e-12
2.535021947549188600e-13
0.000000000000000000e+00
5.098700918892700166e-13
0.000000000000000000e+00
0.000000000000000000e+00
1.246762010559664283e-12
5.133171092952908539e-12
0.000000000000000000e+00
1.884009276322941046e-12
0.000000000000000000e+00
0.000000000000000000e+00
1.574758098747290862e-12
0.000000000000000000e+00
4.172594475248035694e-12
0.000000000000000000e+00
0.000000000000000000e+00
0.000000000000000000e+00
0.000000000000000000e+00
7.410596291969839093e-12
0.000000000000000000e+00
4.296122976181661610e-12
1.296641303647534457e-12
0.000000000000000000e+00
5.588674460637196941e-12
5.552395170749533322e-12
0.000000000000000000e+00
1.145475370630126555e-01
0.000000000000000000e+00
0.000000000000000000e+00
3.100459957096995459e-12
1.145475370604717436e-01
1.037021940847469425e-10
9.105280547528839185e-13
0.000000000000000000e+00
8.222637660669140983e-13
4.757600710363660514e-12
0.000000000000000000e+00
0.000000000000000000e+00
0.000000000000000000e+00
1.145475371242348911e-01
2.690128785355417208e-13
4.496435169303805106e-12
1.410412640098558968e-12
1.145475370647601465e-01
1.498795563064210584e-12
0.000000000000000000e+00
4.609175875419084915e-12
1.887081329514407694e-12
1.145475370604929627e-01
2.313405958407369657e-12
0.000000000000000000e+00
1.793929848442057949e-12
1.378622574688225922e-12
4.642281669412797287e-12
1.193397076571948582e-12
0.000000000000000000e+00
2.409132270882867591e-12
0.000000000000000000e+00
3.043827568897302345e-12
4.307536688986951811e-12
4.721683227019101805e-12
0.000000000000000000e+00
0.000000000000000000e+00
0.000000000000000000e+00
0.000000000000000000e+00
2.493881037574054541e-12
0.000000000000000000e+00
0.000000000000000000e+00
8.852773032252511180e-13
0.000000000000000000e+00
7.837852462052217183e-13
0.000000000000000000e+00
2.496673926937107096e-12
3.193332044879864350e-12
1.145475370602733328e-01
0.000000000000000000e+00
0.000000000000000000e+00
4.736658649768246007e-13
1.531477100766204109e-12
0.000000000000000000e+00
0.000000000000000000e+00
0.000000000000000000e+00
5.689360236239178271e-13
4.400402672243547876e-12
0.000000000000000000e+00
5.044827998306356257e-12
1.905075503270997606e-13
0.000000000000000000e+00
0.000000000000000000e+00
0.000000000000000000e+00
0.000000000000000000e+00
0.000000000000000000e+00
0.000000000000000000e+00
1.050233649255752259e-10
2.894537789338748829e-12
1.145475370619477018e-01
6.555720827302014293e-13
8.030276403658752863e-13
5.259797963464223295e-13
0.000000000000000000e+00
0.000000000000000000e+00
3.661889688527107987e-12
1.518187666474114815e-12
0.000000000000000000e+00
0.000000000000000000e+00
1.242698451674835823e-12
0.000000000000000000e+00
0.000000000000000000e+00
0.000000000000000000e+00
2.920396130099331935e-12
0.000000000000000000e+00
1.345143081354916656e-12
7.368578557389239614e-12
1.414367009293404520e-12
7.193293471039135630e-12
0.000000000000000000e+00
0.000000000000000000e+00
1.281676976993820839e-12
0.000000000000000000e+00
1.280295803201713336e-12
1.145475370688156386e-01
0.000000000000000000e+00
1.940049265954413247e-12
1.145475370602591775e-01
1.627084198126285634e-12
1.410746653159173109e-12
0.000000000000000000e+00
0.000000000000000000e+00
0.000000000000000000e+00
0.000000000000000000e+00
0.000000000000000000e+00
2.598903654779205878e-12
4.964570999309180890e-12
0.000000000000000000e+00
0.000000000000000000e+00
2.890608620562590364e-12
0.000000000000000000e+00
1.086645850795755471e-12
0.000000000000000000e+00
0.000000000000000000e+00
1.145475370737158299e-01
0.000000000000000000e+00
2.703570543340305754e-13
2.409113593657954019e-13
0.000000000000000000e+00
1.232494536260195532e-12
2.351879399887511846e-12
2.031883776556863954e-12
0.000000000000000000e+00
0.000000000000000000e+00
5.302080955812604329e-12
4.599084531056095030e-12
1.145475370624569056e-01
3.427248801882772203e-12
0.000000000000000000e+00
2.311449674353985699e-12
3.090963292182758575e-12
0.000000000000000000e+00
0.000000000000000000e+00
0.000000000000000000e+00
0.000000000000000000e+00
0.000000000000000000e+00
0.000000000000000000e+00
2.175590854699037402e-02
0.000000000000000000e+00
3.721517373796048896e-12
5.020065025946748995e-12
2.575370629494216175e-12
1.544027960933742265e-12
0.000000000000000000e+00
5.071158218075331574e-12
0.000000000000000000e+00
0.000000000000000000e+00
0.000000000000000000e+00
0.000000000000000000e+00
2.794421174107808861e-13
2.949811241976436354e-12
3.977186009907657218e-12
1.273365652562743639e-12
0.000000000000000000e+00
0.000000000000000000e+00
0.000000000000000000e+00
0.000000000000000000e+00
0.000000000000000000e+00
0.000000000000000000e+00
0.000000000000000000e+00
1.169517357851143318e-12
0.000000000000000000e+00
0.000000000000000000e+00
0.000000000000000000e+00
1.240771649772626423e-12
2.742512022750724411e-12
1.073636110234875788e-13
0.000000000000000000e+00
5.166048809459363137e-12
0.000000000000000000e+00
2.118609559553633697e-12
1.788151231428431818e-12
0.000000000000000000e+00
0.000000000000000000e+00
0.000000000000000000e+00
0.000000000000000000e+00
0.000000000000000000e+00
6.745730071084352170e-12
1.136186493408239933e-12
4.096086654094389191e-13
0.000000000000000000e+00
2.245128733362171788e-12
1.079885222081345035e-13
0.000000000000000000e+00
0.000000000000000000e+00
2.166459744755785884e-12
1.145475369873005106e-01
7.632690170501187765e-13
1.145475370615195304e-01
1.197942295962776755e-12
1.922054502621101148e-12
5.738806581004231337e-12
2.514740838966915479e-12
1.312575145531755795e-12
0.000000000000000000e+00
5.013648020787509846e-12
3.795173417548516150e-12
2.761399777921608586e-12
9.322528936024433837e-12
9.976789913751372696e-13
0.000000000000000000e+00
1.688292543704761867e-14
8.020375183874993703e-13
1.324429601230014757e-12
0.000000000000000000e+00
1.381520183235506563e-12
1.661185343573428495e-12
0.000000000000000000e+00
1.137881344719797943e-12
8.405397008892566194e-13
1.145475370699790274e-01
0.000000000000000000e+00
0.000000000000000000e+00
2.832754600916949349e-12
3.410033083099051311e-12
3.943414936547989714e-13
2.187686324215926322e-12
1.233930403089036732e-12
1.911634526915974250e-12
0.000000000000000000e+00
0.000000000000000000e+00
7.466578521837979876e-02
5.067732195220637979e-12
1.863457184402298080e-12
4.348964890369429641e-13
3.040602307821264417e-12
1.145475370985608032e-01
1.228482495141580381e-12
3.009432254321264138e-13
0.000000000000000000e+00
4.132325410642856135e-13
0.000000000000000000e+00
0.000000000000000000e+00
2.815444985532828005e-12
0.000000000000000000e+00
1.927472303872377961e-12
0.000000000000000000e+00
0.000000000000000000e+00
3.307861844109704879e-12
0.000000000000000000e+00
0.000000000000000000e+00
5.987510263380621155e-13
5.202807098888160673e-12
1.248659049899019654e-12
0.000000000000000000e+00
5.288389883690597587e-12
1.017994585432914837e-12
1.125845156335187814e-14
0.000000000000000000e+00
0.000000000000000000e+00
0.000000000000000000e+00
2.302516837367985892e-12
0.000000000000000000e+00
0.000000000000000000e+00
1.790052368232001956e-12
8.851234166907175308e-13
6.981247508757934008e-13
4.366595254818354612e-12
9.398776768995418608e-12
3.110502665226798512e-12
2.291024431029507091e-12
1.405015134611034174e-12
0.000000000000000000e+00
0.000000000000000000e+00
0.000000000000000000e+00
0.000000000000000000e+00
6.001533938325334023e-12
0.000000000000000000e+00
0.000000000000000000e+00
0.000000000000000000e+00
1.049989527295005619e-10
5.328506653301066148e-12
0.000000000000000000e+00
2.804708970682203521e-12
3.385993582352972688e-12
3.724179319767833830e-12
0.000000000000000000e+00
0.000000000000000000e+00
0.000000000000000000e+00
1.003186449369316098e-10
9.556492617558129399e-02
4.217492462239264273e-12
0.000000000000000000e+00
0.000000000000000000e+00
9.183875629924931322e-12
5.959569911249712233e-12
4.096795880273329026e-12
2.126189226395176022e-12
1.952927130108889804e-12
1.485766367438771068e-12
1.101826862336767708e-12
5.442412597488170061e-13
1.442974651208263002e-12
1.836436064634264565e-13
0.000000000000000000e+00
1.923733680602907096e-12
0.000000000000000000e+00
0.000000000000000000e+00
3.831085638944677293e-12
0.000000000000000000e+00
0.000000000000000000e+00
1.945203291693127675e-12
5.248388599256657873e-12
1.026505861938496502e-12
1.769187824982874790e-12
0.000000000000000000e+00
3.822805003268402935e-12
1.940011162120690226e-12
8.208433965513354608e-12
0.000000000000000000e+00
0.000000000000000000e+00
1.145475371680964582e-01
0.000000000000000000e+00
0.000000000000000000e+00
0.000000000000000000e+00
4.724135452644348896e-12
0.000000000000000000e+00
0.000000000000000000e+00
5.377222454688278345e-13
7.402220008874905789e-11
0.000000000000000000e+00
0.000000000000000000e+00
0.000000000000000000e+00
1.095319564486938694e-12
7.130323488525033742e-12
3.050636468697415664e-12
0.000000000000000000e+00
0.000000000000000000e+00
1.316167269766025657e-12
7.459861779503339777e-13
3.702710723944232485e-12
1.702115601774183573e-12
1.281144295641815160e-12
3.662055891164820369e-12
0.000000000000000000e+00
0.000000000000000000e+00
1.080838108519023047e-12
1.372525460402848160e-12
4.207948020498036527e-13
0.000000000000000000e+00
0.000000000000000000e+00
0.000000000000000000e+00
2.186468638689627017e-11
1.449367983437094780e-12
4.703392961843857466e-12
2.272506104189508797e-12
7.254984256415223192e-11
1.746402664403129163e-13
1.145475370698762624e-01
7.205842870051317228e-12
1.718311924360174258e-12
0.000000000000000000e+00
1.150143477511957054e-12
1.275453777966361100e-12
7.939389970300515264e-12
0.000000000000000000e+00
6.973958271028328757e-12
4.814505027032987203e-12
4.535388239997643906e-12
0.000000000000000000e+00
2.519516362497917177e-12
1.295641050600439947e-12
6.893266961098805150e-13
1.062514362932321199e-12
2.861705734127745286e-12
0.000000000000000000e+00
0.000000000000000000e+00
0.000000000000000000e+00
0.000000000000000000e+00
0.000000000000000000e+00
1.323913519928385801e-12
8.883712004261922557e-13
2.153749515578830366e-12
1.145475370624819134e-01
0.000000000000000000e+00
7.029395288817924921e-12
1.794037644033968065e-12
6.869413235029361517e-12
3.201021542118523070e-12
0.000000000000000000e+00
1.145475371042297408e-01
1.145475370043654434e-01
7.946173647103914805e-13
3.388537565998433401e-13
0.000000000000000000e+00
1.790441278023324259e-12
0.000000000000000000e+00
5.773185738269960882e-14
1.272816370487470205e-12
1.145475370624737532e-01
0.000000000000000000e+00
1.145475370624519929e-01
8.364521937453973835e-13
0.000000000000000000e+00
0.000000000000000000e+00
0.000000000000000000e+00
1.145475370613981136e-01
1.655640366100190736e-12
6.050342867399521310e-13
0.000000000000000000e+00
6.008992433306811872e-13
1.145475370602627441e-01
6.544176314864497580e-13
9.456423900809636183e-13
0.000000000000000000e+00
9.300055127969451444e-13
0.000000000000000000e+00
1.234867087604157208e-12
0.000000000000000000e+00
0.000000000000000000e+00
5.811087319748766970e-13
1.145475370619632588e-01
1.145475370664357506e-01
1.040579001749373524e-12
9.218695780008731153e-12
8.285805030431662678e-12
5.266358631609769046e-12
1.590026581776871325e-12
0.000000000000000000e+00
2.812825147460036985e-13
2.376159995348465991e-12
0.000000000000000000e+00
0.000000000000000000e+00
0.000000000000000000e+00
5.583749147064185379e-13
7.640964052401217171e-13
5.314346765291791535e-12
2.369724989976149993e-12
0.000000000000000000e+00
0.000000000000000000e+00
2.551174888914183919e-12
0.000000000000000000e+00
5.785433647570625677e-13
2.832472230482228789e-12
2.088657476674645189e-12
7.344532063534794047e-12
1.145475370602779402e-01
0.000000000000000000e+00
5.999415950249424824e-12
0.000000000000000000e+00
0.000000000000000000e+00
1.463606429871574414e-12
0.000000000000000000e+00
0.000000000000000000e+00
0.000000000000000000e+00
1.842509874489127034e-12
9.311552487848457571e-15
0.000000000000000000e+00
0.000000000000000000e+00
8.494131278401981213e-12
1.128669889971804504e-12
9.111331004721394146e-12
1.409807615097003673e-12
7.986554279124371503e-11
7.193296436811647616e-12
0.000000000000000000e+00
0.000000000000000000e+00
1.851800482947028801e-12
2.336323945545309025e-12
1.388243246882212088e-12
0.000000000000000000e+00
2.140045037212886253e-12
0.000000000000000000e+00
1.418037434422289162e-12
2.538938347743441939e-12
1.221882031896159124e-12
0.000000000000000000e+00
1.145475370672108945e-01
6.668228405697916153e-12
6.659648795103968760e-13
9.855451106980976850e-14
0.000000000000000000e+00
2.084408359394020472e-13
7.938796462627049809e-11
0.000000000000000000e+00
0.000000000000000000e+00
0.000000000000000000e+00
0.000000000000000000e+00
7.200305694598041054e-13
0.000000000000000000e+00
9.153169046951018038e-13
1.363005806504984147e-12
2.079115463872776036e-12
2.326615608736626619e-12
0.000000000000000000e+00
0.000000000000000000e+00
7.024467576758962485e-12
5.129660539942975433e-11
4.259184813872732060e-13
1.759805801991107694e-12
2.055358450978577033e-12
2.991759352382515833e-12
4.297685777008054468e-12
0.000000000000000000e+00
1.953134902219551140e-12
1.689383911426007609e-13
2.441237313728479804e-12
0.000000000000000000e+00
3.051685449113010649e-13
0.000000000000000000e+00
1.850957579678602040e-12
4.272848390610719516e-12
7.552259418186858808e-02
2.131779619602771121e-13
0.000000000000000000e+00
4.299884321291576571e-12
0.000000000000000000e+00
6.892035284714176755e-12
7.812051099746588542e-12
1.566215705287639082e-12
1.217420149714449783e-12
5.470616572450998322e-13
0.000000000000000000e+00
1.819564654257851045e-12
7.448897016598582584e-13
1.145475370672317944e-01
5.331128193393349135e-12
0.000000000000000000e+00
1.618537244146071598e-12
1.208716857503731892e-13
0.000000000000000000e+00
0.000000000000000000e+00
3.708215239141984417e-12
2.388486077397113082e-12
2.262560725830192974e-11
2.088303374817387992e-12
7.865101418230296811e-13
5.970182025118512879e-12
2.648767355130795672e-12
4.843619031682079449e-12
3.769460358547627820e-12
5.945313843118330508e-13
0.000000000000000000e+00
5.869263984805846344e-12
0.000000000000000000e+00
8.766834068975016797e-13
0.000000000000000000e+00
4.786125716235026895e-12
0.000000000000000000e+00
1.751902011662263331e-12
7.625975383549727443e-13
3.464084271375351063e-12
1.031395008570882979e-10
3.307961601394855610e-12
0.000000000000000000e+00
0.000000000000000000e+00
0.000000000000000000e+00
2.615687413351335918e-12
0.000000000000000000e+00
1.145475370605174154e-01
1.145475370667414367e-01
0.000000000000000000e+00
0.000000000000000000e+00
0.000000000000000000e+00
0.000000000000000000e+00
5.173052655146600207e-12
6.550030845435355247e-13
0.000000000000000000e+00
7.021379065185475160e-13
0.000000000000000000e+00
0.000000000000000000e+00
1.660294654035675112e-12
1.287361746685147689e-12
0.000000000000000000e+00
1.955362310047533463e-12
0.000000000000000000e+00
0.000000000000000000e+00
0.000000000000000000e+00
1.928382321629229348e-12
1.330974913130327723e-12
1.409721839608934964e-12
1.989147535269985746e-12
5.366896061852223302e-12
4.698784481579948189e-13
5.031500439452102592e-12
6.053482201934026455e-12
1.568763189672775161e-13
2.952787498841433540e-12
0.000000000000000000e+00
0.000000000000000000e+00
0.000000000000000000e+00
0.000000000000000000e+00
0.000000000000000000e+00
0.000000000000000000e+00
0.000000000000000000e+00
5.822447971638918125e-12
2.644483538244457784e-12
1.720655921853165572e-13
1.145475370664790771e-01
3.292531290214056575e-12
1.239898141065532680e-12
2.492834703631166862e-12
2.713343816251421201e-12
0.000000000000000000e+00
4.442001638327105883e-12
0.000000000000000000e+00
0.000000000000000000e+00
0.000000000000000000e+00
0.000000000000000000e+00
2.782241527601358767e-12
2.492620569152568428e-12
2.438489212692126422e-12
0.000000000000000000e+00
7.473605161320253981e-12
7.183894551505458212e-13
2.821436099074045936e-12
0.000000000000000000e+00
0.000000000000000000e+00
0.000000000000000000e+00
0.000000000000000000e+00
3.265214288601898713e-12
0.000000000000000000e+00
1.145475370630360396e-01
4.515964835392083630e-13
0.000000000000000000e+00
0.000000000000000000e+00
6.698111864809950011e-13
1.452988253147965523e-12
2.607094937779206954e-12
1.734977044935740441e-12
0.000000000000000000e+00
2.926007335702356843e-12
8.276120530839825634e-12
0.000000000000000000e+00
0.000000000000000000e+00
0.000000000000000000e+00
0.000000000000000000e+00
2.276758448737306774e-12
0.000000000000000000e+00
3.516794671397131715e-14
2.381151925933492009e-12
0.000000000000000000e+00
0.000000000000000000e+00
3.627623764261134568e-12
4.997566416158409044e-12
8.555773198535338021e-12
0.000000000000000000e+00
6.172979091437977781e-13
0.000000000000000000e+00
9.460712594501355521e-13
4.069591362483408535e-13
0.000000000000000000e+00
0.000000000000000000e+00
7.466582661718998426e-02
0.000000000000000000e+00
1.278054193584334049e-12
0.000000000000000000e+00
0.000000000000000000e+00
9.864548403550986701e-14
8.909459627086405243e-12
0.000000000000000000e+00
6.389074589204902627e-12
0.000000000000000000e+00
2.807949576393512083e-13
2.271781603682675895e-12
0.000000000000000000e+00
1.160907272406325298e-12
7.427077050334307112e-11
5.224496208756229457e-12
0.000000000000000000e+00
1.211824836935814704e-12
1.002122490765862132e-12
2.220543542626400319e-12
0.000000000000000000e+00
0.000000000000000000e+00
1.405614073217666134e-12
5.784771108149479953e-14
2.438609031561632917e-12
7.556932409999371182e-13
2.205667443972588901e-12
1.145475370736817461e-01
5.654536874260313397e-13
0.000000000000000000e+00
8.606889361874937747e-12
8.336835392600506739e-12
0.000000000000000000e+00
2.855823896832720661e-12
5.167633621312721994e-12
3.252977354165422893e-12
