1.417256264594629060e-11
0.000000000000000000e+00
0.000000000000000000e+00
0.000000000000000000e+00
0.000000000000000000e+00
7.811783939744864292e-12
4.955191886495239191e-12
2.224477716679633090e-12
1.535441899389294063e-11
1.475670752240253435e-11
0.000000000000000000e+00
8.346007211616137224e-12
1.399179941938599373e-11
6.800205618728025042e-12
9.941276899934788898e-12
0.000000000000000000e+00
0.000000000000000000e+00
7.605963997148537098e-11
0.000000000000000000e+00
7.406106820853732157e-12
0.000000000000000000e+00
1.058106084804407231e-11
0.000000000000000000e+00
1.434098338800917176e-11
0.000000000000000000e+00
0.000000000000000000e+00
7.481822934195922969e-12
0.000000000000000000e+00
0.000000000000000000e+00
0.000000000000000000e+00
1.410186529976507675e-12
0.000000000000000000e+00
0.000000000000000000e+00
8.018327605956472315e-01
0.000000000000000000e+00
0.000000000000000000e+00
1.298226657386664201e-12
1.218461945894299809e-11
1.529819672309771088e-11
6.869077513998657225e-13
1.424420642522192665e-11
0.000000000000000000e+00
0.000000000000000000e+00
1.916345698774222083e-11
4.602593232970903753e-12
5.991761693354294982e-01
1.630361824833708601e-12
2.608063578914025980e-11
7.603068957027073337e-11
0.000000000000000000e+00
6.359626658235623960e-11
0.000000000000000000e+00
1.121021558266402562e-11
0.000000000000000000e+00
8.146926117118498649e-11
3.371579986537047920e-12
5.488995537652129325e-12
5.882757663183409323e-11
1.694697112792189826e-11
0.000000000000000000e+00
6.333809711183937273e-11
2.156374276887014328e-11
0.000000000000000000e+00
0.000000000000000000e+00
9.209820712706553014e-11
0.000000000000000000e+00
5.841700889880005565e-12
0.000000000000000000e+00
2.206064150058454008e-11
0.000000000000000000e+00
0.000000000000000000e+00
0.000000000000000000e+00
8.018327605956472315e-01
4.214954099959167118e-12
1.146270120842871226e-11
0.000000000000000000e+00
0.000000000000000000e+00
0.000000000000000000e+00
0.000000000000000000e+00
2.544327071651936674e-10
1.697818992694825302e-11
0.000000000000000000e+00
8.018327605956472315e-01
0.000000000000000000e+00
0.000000000000000000e+00
6.318576119946416896e-12
2.190884561971403820e-11
8.174743328514926159e-12
1.155896517652675045e-11
0.000000000000000000e+00
0.000000000000000000e+00
1.460944078731737166e-11
0.000000000000000000e+00
1.355496732484851126e-11
1.759749832922218706e-11
0.000000000000000000e+00
0.000000000000000000e+00
3.127651475186552523e-11
0.000000000000000000e+00
6.041609641709281349e-12
0.000000000000000000e+00
0.000000000000000000e+00
2.479489383166710579e-12
1.868855819106990700e-11
3.200218668705646992e-12
7.336126334768563253e-12
2.804370104574191447e-01
0.000000000000000000e+00
6.991863246092993156e-11
8.489604762476852289e-12
0.000000000000000000e+00
5.275921755022314937e-12
1.305957343087436511e-11
0.000000000000000000e+00
0.000000000000000000e+00
0.000000000000000000e+00
0.000000000000000000e+00
8.972099228838778883e-12
0.000000000000000000e+00
0.000000000000000000e+00
0.000000000000000000e+00
5.131820572008457055e-12
1.469637154883653088e-11
0.000000000000000000e+00
0.000000000000000000e+00
5.792888135871363953e-11
0.000000000000000000e+00
1.091014451027522017e-11
0.000000000000000000e+00
2.001701118938194699e-11
0.000000000000000000e+00
7.813609613352363297e-11
0.000000000000000000e+00
2.241941568904422922e-11
0.000000000000000000e+00
4.574387254596595294e-12
0.000000000000000000e+00
2.241378793649194752e-11
0.000000000000000000e+00
9.109259051493101555e-12
0.000000000000000000e+00
2.820990768707942630e-11
0.000000000000000000e+00
0.000000000000000000e+00
0.000000000000000000e+00
0.000000000000000000e+00
0.000000000000000000e+00
9.511826314016743740e-11
3.550296755226228155e-13
0.000000000000000000e+00
2.369211667084370088e-11
2.879445662510232618e-11
4.462039132778895154e-11
2.877925832391483652e-11
1.241178998679531195e-11
0.000000000000000000e+00
8.856778105632764197e-12
1.249879948982651911e-11
0.000000000000000000e+00
0.000000000000000000e+00
0.000000000000000000e+00
0.000000000000000000e+00
9.939705296988834344e-13
2.297216515412754752e-12
4.512193662816622035e-12
6.957936719741220767e-11
0.000000000000000000e+00
5.036877200614984390e-14
1.038044904521298434e-11
0.000000000000000000e+00
5.582395999063806268e-12
1.804530530019343676e-11
0.000000000000000000e+00
0.000000000000000000e+00
4.519337109659283533e-11
0.000000000000000000e+00
4.206037206046244495e-12
1.005766335959796132e-12
0.000000000000000000e+00
2.090484668095959784e-11
0.000000000000000000e+00
1.752088262316300580e-11
7.601621464583250608e-11
2.563442114484910189e-12
1.252958966904830700e-11
0.000000000000000000e+00
6.960506559794926162e-12
0.000000000000000000e+00
0.000000000000000000e+00
3.774374591785230675e-11
0.000000000000000000e+00
0.000000000000000000e+00
8.833631639077761322e-12
8.018327605956472315e-01
1.579785622867496852e-11
1.276104765868803659e-11
0.000000000000000000e+00
8.018327605956472315e-01
1.779048182156835094e-11
0.000000000000000000e+00
1.976696098896512324e-11
0.000000000000000000e+00
0.000000000000000000e+00
8.362333208421810364e-12
1.288096534824421053e-11
1.189428010411936848e-11
8.018327603030002138e-01
0.000000000000000000e+00
0.000000000000000000e+00
0.000000000000000000e+00
8.018327605956472315e-01
0.000000000000000000e+00
3.410317386710739297e-11
0.000000000000000000e+00
0.000000000000000000e+00
4.042347053391544990e-11
0.000000000000000000e+00
1.872614425725374555e-11
0.000000000000000000e+00
0.000000000000000000e+00
0.000000000000000000e+00
0.000000000000000000e+00
1.384467404280781415e-12
0.000000000000000000e+00
3.073985924381049163e-12
0.000000000000000000e+00
0.000000000000000000e+00
0.000000000000000000e+00
1.871023749964980919e-11
9.123094519731672382e-12
4.110920753989943696e-11
5.699436723738202138e-12
0.000000000000000000e+00
2.690232616909623582e-11
2.074058912335977928e-11
0.000000000000000000e+00
8.349850532591412014e-12
0.000000000000000000e+00
1.179792742620284715e-11
0.000000000000000000e+00
0.000000000000000000e+00
8.018327605956472315e-01
1.860806249811204790e-11
1.912848616257212710e-11
0.000000000000000000e+00
1.691098442487105613e-01
6.298764413584222782e-12
2.759978378740267413e-11
7.401883521931371707e-11
0.000000000000000000e+00
0.000000000000000000e+00
1.018070312057442561e-11
0.000000000000000000e+00
0.000000000000000000e+00
5.515255742060678110e-12
3.531621293963289400e-12
1.018133280994757812e-11
2.753487968477407044e-11
8.479771722385759602e-12
5.505081335396273078e-12
0.000000000000000000e+00
0.000000000000000000e+00
0.000000000000000000e+00
0.000000000000000000e+00
0.000000000000000000e+00
0.000000000000000000e+00
5.599874649634729387e-12
5.286640728892477494e-12
0.000000000000000000e+00
0.000000000000000000e+00
7.267646815120250710e-12
1.659945720539599280e-11
0.000000000000000000e+00
1.159162178495556018e-11
4.509169781156932826e-12
1.319109511913272210e-11
0.000000000000000000e+00
2.986377086460228213e-11
0.000000000000000000e+00
0.000000000000000000e+00
0.000000000000000000e+00
0.000000000000000000e+00
7.004614372233400413e-13
7.756632326409791593e-12
0.000000000000000000e+00
1.313422525585091055e-12
0.000000000000000000e+00
8.018327605956472315e-01
1.629957882328297301e-11
0.000000000000000000e+00
8.018327605956472315e-01
0.000000000000000000e+00
0.000000000000000000e+00
1.781679369402432464e-11
6.357378085198340769e-11
9.750223143060085351e-12
4.350861234259282589e-11
9.933337667092164684e-12
0.000000000000000000e+00
0.000000000000000000e+00
4.486359723488472311e-11
9.068740482915337992e-12
0.000000000000000000e+00
2.885840505517060866e-12
0.000000000000000000e+00
3.237162134524760920e-12
3.391788914789406490e-11
8.018327605956472315e-01
1.506280100885229200e-11
0.000000000000000000e+00
8.980891279214954593e-13
1.316398046402775542e-11
0.000000000000000000e+00
0.000000000000000000e+00
0.000000000000000000e+00
1.513456983150533376e-11
8.678981709006729860e-12
0.000000000000000000e+00
0.000000000000000000e+00
8.018327605956472315e-01
0.000000000000000000e+00
8.180621355714424896e-12
0.000000000000000000e+00
0.000000000000000000e+00
2.112324852532406178e-12
1.286542590627455682e-11
1.334206707689109426e-11
1.697649381597037716e-11
1.467289135614218730e-11
2.891010030873327915e-12
9.052238408008758262e-11
1.312538912945481267e-11
0.000000000000000000e+00
0.000000000000000000e+00
0.000000000000000000e+00
0.000000000000000000e+00
2.259284322965972037e-11
0.000000000000000000e+00
1.606965228927005100e-11
7.686248047799178114e-12
7.161504099181395644e-11
9.033058428279451831e-12
0.000000000000000000e+00
0.000000000000000000e+00
0.000000000000000000e+00
0.000000000000000000e+00
1.790791009211692174e-12
2.335625066715473993e-11
1.573677738827420715e-11
5.402691773775960191e-12
1.031485166823690949e-12
2.889764782064232218e-12
1.696976575041488547e-11
0.000000000000000000e+00
2.117973503374244881e-11
5.940907936683456007e-12
8.600594268590205962e-12
0.000000000000000000e+00
0.000000000000000000e+00
1.203193149735393935e-12
1.388692694659495133e-11
0.000000000000000000e+00
2.025572415033229883e-11
0.000000000000000000e+00
0.000000000000000000e+00
5.257827956668088358e-12
2.961264789195511464e-11
1.932809455149297668e-11
1.279942941698503647e-11
2.710078271473522247e-11
0.000000000000000000e+00
0.000000000000000000e+00
0.000000000000000000e+00
1.321584183973793857e-11
0.000000000000000000e+00
6.319286711291458779e-13
1.105988957031232405e-11
2.248898422259541886e-12
0.000000000000000000e+00
9.154925190239195012e-10
0.000000000000000000e+00
2.662288109000595212e-11
0.000000000000000000e+00
0.000000000000000000e+00
0.000000000000000000e+00
0.000000000000000000e+00
0.000000000000000000e+00
1.182063121921796974e-11
0.000000000000000000e+00
0.000000000000000000e+00
0.000000000000000000e+00
0.000000000000000000e+00
0.000000000000000000e+00
2.540165761525528295e-11
2.567428393034039817e-13
0.000000000000000000e+00
0.000000000000000000e+00
1.155620376069755459e-11
0.000000000000000000e+00
0.000000000000000000e+00
9.981366723139664780e-12
0.000000000000000000e+00
0.000000000000000000e+00
8.018327605956472315e-01
2.028118828956753770e-11
3.523129800808361486e-12
0.000000000000000000e+00
0.000000000000000000e+00
0.000000000000000000e+00
0.000000000000000000e+00
0.000000000000000000e+00
0.000000000000000000e+00
6.114614078150220290e-12
1.291822528279791855e-11
3.715694700476982471e-01
0.000000000000000000e+00
0.000000000000000000e+00
0.000000000000000000e+00
0.000000000000000000e+00
0.000000000000000000e+00
0.000000000000000000e+00
0.000000000000000000e+00
2.106517984059577637e-11
0.000000000000000000e+00
2.170326342621770610e-11
2.777847022580432147e-11
0.000000000000000000e+00
9.199596416162177824e-12
0.000000000000000000e+00
4.415791785837354378e-12
3.963094177669520465e-12
0.000000000000000000e+00
5.118430930334315468e-12
8.130690188189290321e-12
0.000000000000000000e+00
0.000000000000000000e+00
0.000000000000000000e+00
7.186786947276387080e-11
0.000000000000000000e+00
0.000000000000000000e+00
1.125088475612217387e-12
7.863346145091867503e-12
8.735267494389420069e-12
1.323418458914077402e-11
0.000000000000000000e+00
1.626795995545081575e-11
9.748137152986484784e-12
0.000000000000000000e+00
0.000000000000000000e+00
0.000000000000000000e+00
0.000000000000000000e+00
0.000000000000000000e+00
0.000000000000000000e+00
0.000000000000000000e+00
0.000000000000000000e+00
6.138503381832358051e-12
8.830411460565600746e-12
5.501933343870278963e-11
1.172752252774052686e-11
0.000000000000000000e+00
8.014930669671091301e-12
1.584021212666428338e-11
1.051272246138998367e-11
1.075012993353880281e-11
0.000000000000000000e+00
1.005402159286176748e-11
0.000000000000000000e+00
0.000000000000000000e+00
0.000000000000000000e+00
4.895359165395369408e-12
6.112690457989159293e-12
2.529522836648805635e-12
3.360996286492988984e-11
3.179848742666342575e-11
0.000000000000000000e+00
1.099953385277383698e-11
1.800255792776417749e-11
0.000000000000000000e+00
0.000000000000000000e+00
0.000000000000000000e+00
0.000000000000000000e+00
0.000000000000000000e+00
0.000000000000000000e+00
0.000000000000000000e+00
0.000000000000000000e+00
0.000000000000000000e+00
0.000000000000000000e+00
1.822404013938860121e-11
0.000000000000000000e+00
5.452575679649135618e-12
8.808966277711226353e-11
0.000000000000000000e+00
1.849656739106840417e-11
1.894428468768038193e-11
0.000000000000000000e+00
0.000000000000000000e+00
0.000000000000000000e+00
0.000000000000000000e+00
1.759152978815041977e-11
0.000000000000000000e+00
0.000000000000000000e+00
0.000000000000000000e+00
1.902536423376814644e-11
1.790656743959609409e-11
0.000000000000000000e+00
1.180553517072791530e-11
1.681366736721397133e-11
1.380598133254234396e-11
0.000000000000000000e+00
6.637959338171825897e-12
2.727688473517069524e-13
0.000000000000000000e+00
9.698338257978418583e-12
3.986179123508521648e-12
2.987443064988794887e-11
6.902354445195822761e-12
0.000000000000000000e+00
0.000000000000000000e+00
0.000000000000000000e+00
2.937387962052832040e-12
4.603922080057234380e-11
0.000000000000000000e+00
0.000000000000000000e+00
0.000000000000000000e+00
5.378377612534904947e-13
0.000000000000000000e+00
0.000000000000000000e+00
5.994512261390293753e-12
2.034632792942800628e-11
0.000000000000000000e+00
0.000000000000000000e+00
0.000000000000000000e+00
3.861582255122936366e-11
1.249566105252841799e-11
1.121081616122687038e-11
2.625281132185946971e-11
0.000000000000000000e+00
0.000000000000000000e+00
0.000000000000000000e+00
0.000000000000000000e+00
5.085796763172512527e-13
8.018327605956472315e-01
0.000000000000000000e+00
0.000000000000000000e+00
1.341110100371843317e-11
0.000000000000000000e+00
0.000000000000000000e+00
0.000000000000000000e+00
1.039539664213765918e-11
0.000000000000000000e+00
0.000000000000000000e+00
0.000000000000000000e+00
1.364761030792998628e-11
0.000000000000000000e+00
0.000000000000000000e+00
0.000000000000000000e+00
0.000000000000000000e+00
0.000000000000000000e+00
1.527552265296506105e-11
1.310009308724632812e-11
2.332435397771986067e-12
5.012435477636005103e-12
1.543675308127987220e-11
0.000000000000000000e+00
0.000000000000000000e+00
0.000000000000000000e+00
8.018327605956472315e-01
4.771943302444923593e-12
0.000000000000000000e+00
0.000000000000000000e+00
0.000000000000000000e+00
0.000000000000000000e+00
8.181249499657510931e-11
0.000000000000000000e+00
4.962655015358963806e-01
0.000000000000000000e+00
5.659674913295255666e-13
1.766662250266624296e-11
0.000000000000000000e+00
1.235075428723831619e-11
0.000000000000000000e+00
0.000000000000000000e+00
8.018327605956472315e-01
2.133467363933594765e-12
8.018327605956472315e-01
0.000000000000000000e+00
1.823353038238239751e-11
1.568035095888664857e-11
1.752561198409436051e-11
0.000000000000000000e+00
0.000000000000000000e+00
0.000000000000000000e+00
2.500723755642793106e-12
0.000000000000000000e+00
8.018327605956472315e-01
0.000000000000000000e+00
0.000000000000000000e+00
2.363513103260510650e-11
0.000000000000000000e+00
3.632634700837283211e-12
0.000000000000000000e+00
9.845723230669159088e-12
1.419279222675611436e-11
0.000000000000000000e+00
0.000000000000000000e+00
8.018327605956472315e-01
0.000000000000000000e+00
0.000000000000000000e+00
0.000000000000000000e+00
0.000000000000000000e+00
0.000000000000000000e+00
6.621726149238420401e-12
0.000000000000000000e+00
0.000000000000000000e+00
1.007799738740582599e-11
2.167383756367757831e-11
0.000000000000000000e+00
0.000000000000000000e+00
0.000000000000000000e+00
0.000000000000000000e+00
0.000000000000000000e+00
1.005266508637767364e-11
3.188915754099732568e-12
0.000000000000000000e+00
4.329719225792962285e-12
0.000000000000000000e+00
0.000000000000000000e+00
0.000000000000000000e+00
0.000000000000000000e+00
8.018327605956472315e-01
2.122810042175278803e-11
0.000000000000000000e+00
1.962838297030993653e-11
0.000000000000000000e+00
0.000000000000000000e+00
1.671606631383884369e-11
2.846743797559765552e-11
1.215807714232686241e-12
0.000000000000000000e+00
0.000000000000000000e+00
5.214901200001416274e-12
1.632362162133094426e-11
0.000000000000000000e+00
0.000000000000000000e+00
0.000000000000000000e+00
0.000000000000000000e+00
1.795734399454756486e-11
0.000000000000000000e+00
1.174769984829065553e-11
4.178360704722740835e-12
0.000000000000000000e+00
0.000000000000000000e+00
0.000000000000000000e+00
9.153669168648226731e-12
0.000000000000000000e+00
1.648582924644491406e-11
0.000000000000000000e+00
0.000000000000000000e+00
0.000000000000000000e+00
1.859847788552121729e-11
7.843127084477308837e-10
0.000000000000000000e+00
0.000000000000000000e+00
0.000000000000000000e+00
9.520346964808053006e-12
7.650500824800608918e-14
7.871254003348100262e-12
1.506655201659750117e-11
1.782828264317672320e-11
4.020377944485250983e-12
2.009766535658802998e-11
0.000000000000000000e+00
1.526491559869799654e-11
0.000000000000000000e+00
0.000000000000000000e+00
0.000000000000000000e+00
0.000000000000000000e+00
1.200879878205456097e-11
3.328892828396493644e-12
0.000000000000000000e+00
2.832714702820205252e-11
0.000000000000000000e+00
0.000000000000000000e+00
0.000000000000000000e+00
0.000000000000000000e+00
0.000000000000000000e+00
7.744198363195972646e-12
0.000000000000000000e+00
0.000000000000000000e+00
0.000000000000000000e+00
1.110008941762675262e-11
0.000000000000000000e+00
1.252829298366847015e-12
0.000000000000000000e+00
0.000000000000000000e+00
0.000000000000000000e+00
0.000000000000000000e+00
2.511851580172216649e-11
0.000000000000000000e+00
5.008321048350210088e-12
0.000000000000000000e+00
0.000000000000000000e+00
0.000000000000000000e+00
0.000000000000000000e+00
5.997838992116875105e-14
4.720127714257618139e-12
0.000000000000000000e+00
0.000000000000000000e+00
7.843630281597504283e-10
0.000000000000000000e+00
4.667097097516579272e-11
0.000000000000000000e+00
0.000000000000000000e+00
1.102018363929548365e-11
3.406200143186909771e-12
0.000000000000000000e+00
0.000000000000000000e+00
2.121739879894250104e-11
0.000000000000000000e+00
0.000000000000000000e+00
0.000000000000000000e+00
0.000000000000000000e+00
0.000000000000000000e+00
0.000000000000000000e+00
0.000000000000000000e+00
4.227235909756353921e-12
0.000000000000000000e+00
5.497568715813984855e-12
0.000000000000000000e+00
1.340825389589826234e-11
0.000000000000000000e+00
6.231786786477548428e-12
0.000000000000000000e+00
0.000000000000000000e+00
0.000000000000000000e+00
2.026088537085171616e-11
0.000000000000000000e+00
2.461592639022689221e-11
8.777865043248215402e-12
9.086187590411313361e-12
0.000000000000000000e+00
1.399426736145047178e-11
8.018327605956472315e-01
8.018327605956472315e-01
7.996970050407012071e-12
5.591864302191510447e-12
1.208834280941064174e-11
8.660073501388729090e-12
0.000000000000000000e+00
0.000000000000000000e+00
1.448701817393654134e-11
0.000000000000000000e+00
3.439796744648807550e-12
4.205510296767394172e-11
0.000000000000000000e+00
0.000000000000000000e+00
2.831921817259536407e-11
0.000000000000000000e+00
1.145375899795790926e-11
6.532048617696407806e-12
1.633988818934097843e-11
0.000000000000000000e+00
0.000000000000000000e+00
0.000000000000000000e+00
0.000000000000000000e+00
0.000000000000000000e+00
0.000000000000000000e+00
0.000000000000000000e+00
0.000000000000000000e+00
2.410999607348695076e-13
0.000000000000000000e+00
1.296269713190007737e-11
1.820614460675127856e-11
1.661231058758358347e-12
1.216800953511545004e-11
1.402453623168323583e-11
4.312689847443228537e-12
1.149380591394054628e-11
0.000000000000000000e+00
0.000000000000000000e+00
8.338169563892384030e-14
8.018327605956472315e-01
0.000000000000000000e+00
0.000000000000000000e+00
0.000000000000000000e+00
0.000000000000000000e+00
8.362300548151832070e-12
0.000000000000000000e+00
1.501774408306573568e-11
6.559424994844694164e-12
1.671489697291161782e-11
5.080870146044690522e-11
0.000000000000000000e+00
0.000000000000000000e+00
0.000000000000000000e+00
5.290205489886594825e-11
0.000000000000000000e+00
0.000000000000000000e+00
0.000000000000000000e+00
1.125845469372497056e-11
6.413224304600776617e-12
6.258921291753281211e-12
3.083792317820977192e-11
0.000000000000000000e+00
4.805770049539920263e-11
8.018327605956472315e-01
0.000000000000000000e+00
4.183919983377042840e-12
9.891625237378760370e-11
0.000000000000000000e+00
0.000000000000000000e+00
0.000000000000000000e+00
0.000000000000000000e+00
1.278063091284213163e-11
0.000000000000000000e+00
0.000000000000000000e+00
1.174232230152106812e-11
8.147980836502245961e-12
5.754460744760802434e-11
8.306345117938529611e-12
0.000000000000000000e+00
1.513433033649180697e-12
1.396321546093884256e-12
0.000000000000000000e+00
1.465924612945550613e-11
1.569522314883364791e-11
0.000000000000000000e+00
0.000000000000000000e+00
0.000000000000000000e+00
7.158551092002711386e-11
0.000000000000000000e+00
1.127487997617340144e-11
0.000000000000000000e+00
0.000000000000000000e+00
2.194418819919014796e-12
1.674420177430687909e-11
3.715862892106898685e-01
3.363073143376916224e-12
0.000000000000000000e+00
8.810743872696401164e-11
7.951575107630154056e-11
8.176137651054787145e-13
0.000000000000000000e+00
1.779666461025830263e-12
0.000000000000000000e+00
9.155308978166907329e-12
0.000000000000000000e+00
0.000000000000000000e+00
4.809890143665436310e-11
0.000000000000000000e+00
2.073548070686691701e-11
0.000000000000000000e+00
1.528125259173381332e-11
0.000000000000000000e+00
0.000000000000000000e+00
0.000000000000000000e+00
4.945808277780797971e-13
2.953409730198397048e-12
0.000000000000000000e+00
1.978537400013767915e-12
0.000000000000000000e+00
0.000000000000000000e+00
0.000000000000000000e+00
8.018327605956472315e-01
0.000000000000000000e+00
1.210208943428147604e-11
0.000000000000000000e+00
0.000000000000000000e+00
6.249177913565190284e-11
0.000000000000000000e+00
0.000000000000000000e+00
0.000000000000000000e+00
