0.000000000000000000e+00
1.695247465149221224e-12
2.121617185028519063e-11
8.618851751474927226e-12
1.884869607729240102e-11
0.000000000000000000e+00
0.000000000000000000e+00
4.682516260278249408e-12
0.000000000000000000e+00
0.000000000000000000e+00
8.549532259540767736e-12
0.000000000000000000e+00
0.000000000000000000e+00
0.000000000000000000e+00
0.000000000000000000e+00
1.021318686388111721e-12
2.155614171997416617e-11
0.000000000000000000e+00
2.720612992784457242e-12
0.000000000000000000e+00
3.389206787486208963e-12
0.000000000000000000e+00
1.501448747396339560e-11
0.000000000000000000e+00
7.630636129851921660e-12
3.814405884797791729e-12
0.000000000000000000e+00
1.937628131826225189e-11
2.382487599016589392e-12
1.729099563791065240e-11
4.761121550314926903e-13
6.298316846720015982e-12
1.043187526439990408e-11
1.145475364705604709e-01
1.361806634461337629e-11
1.559223368503888585e-11
0.000000000000000000e+00
0.000000000000000000e+00
0.000000000000000000e+00
9.116042844801565698e-13
0.000000000000000000e+00
1.637052672109531355e-11
2.506895031429887540e-11
0.000000000000000000e+00
0.000000000000000000e+00
1.145475365953977781e-01
9.919160491363856155e-12
6.966874109073604615e-11
0.000000000000000000e+00
1.290873121142197158e-11
0.000000000000000000e+00
1.800414755450027045e-11
0.000000000000000000e+00
3.014324625352248753e-12
0.000000000000000000e+00
0.000000000000000000e+00
0.000000000000000000e+00
0.000000000000000000e+00
0.000000000000000000e+00
4.158092648841386911e-10
0.000000000000000000e+00
0.000000000000000000e+00
2.074008797911480428e-11
5.550881748777761150e-12
0.000000000000000000e+00
1.636580152330502581e-11
0.000000000000000000e+00
1.403619248610936602e-11
0.000000000000000000e+00
7.581496807857019605e-12
2.147335553856936353e-11
2.123676386962929187e-12
1.145475366021550673e-01
0.000000000000000000e+00
0.000000000000000000e+00
1.762067042733816588e-12
8.085749891208055896e-12
1.112579962171048597e-11
8.028439302045552293e-12
0.000000000000000000e+00
0.000000000000000000e+00
1.866265287440126088e-11
1.145475365765157710e-01
2.457973073907367147e-12
4.875082302878030325e-12
0.000000000000000000e+00
0.000000000000000000e+00
0.000000000000000000e+00
0.000000000000000000e+00
1.994373832231365487e-12
4.197997502530535987e-12
0.000000000000000000e+00
1.668002680302089927e-11
0.000000000000000000e+00
0.000000000000000000e+00
2.823349193779922188e-11
2.976374752996762354e-12
0.000000000000000000e+00
5.174469044802476577e-12
0.000000000000000000e+00
1.586223175359183931e-11
1.203272080591903113e-11
0.000000000000000000e+00
0.000000000000000000e+00
0.000000000000000000e+00
0.000000000000000000e+00
1.145475366912416804e-01
7.384605471571190744e-12
0.000000000000000000e+00
0.000000000000000000e+00
2.032473500655446006e-11
5.887107961511582963e-12
0.000000000000000000e+00
1.514596444014960607e-11
1.174275963325103182e-12
2.235814973294930732e-10
3.835313747404144756e-12
0.000000000000000000e+00
5.268475037171399822e-12
1.145475365951864472e-01
8.044270642944249930e-12
0.000000000000000000e+00
0.000000000000000000e+00
3.733033207376378394e-12
1.359984019073763989e-12
0.000000000000000000e+00
2.256668888846598015e-12
0.000000000000000000e+00
9.231665684464522525e-12
0.000000000000000000e+00
5.627268698428571880e-12
0.000000000000000000e+00
2.905756971335727091e-11
0.000000000000000000e+00
1.440357303225431451e-12
0.000000000000000000e+00
7.537366962907470952e-12
0.000000000000000000e+00
6.218421080295799595e-12
0.000000000000000000e+00
1.064038911256404142e-11
0.000000000000000000e+00
3.402963095821095303e-12
2.902127462708208654e-11
1.436486144489898827e-11
3.529462355683647989e-12
9.997558405598857954e-12
0.000000000000000000e+00
6.308370810534376701e-13
7.293601058246380966e-12
0.000000000000000000e+00
0.000000000000000000e+00
0.000000000000000000e+00
0.000000000000000000e+00
0.000000000000000000e+00
1.011347494776286312e-11
0.000000000000000000e+00
0.000000000000000000e+00
9.589819975653625772e-12
1.296708918012098365e-11
1.302770210150281826e-11
2.116728212939717285e-11
8.678759635696713813e-13
0.000000000000000000e+00
0.000000000000000000e+00
0.000000000000000000e+00
1.011879408972761383e-11
9.144450198716039581e-13
0.000000000000000000e+00
2.015577833428760150e-12
0.000000000000000000e+00
0.000000000000000000e+00
4.926727515956337969e-12
2.025779003511568811e-11
0.000000000000000000e+00
7.381357733235943991e-12
0.000000000000000000e+00
0.000000000000000000e+00
6.231637005335137010e-12
0.000000000000000000e+00
1.650027500776764438e-11
0.000000000000000000e+00
0.000000000000000000e+00
0.000000000000000000e+00
0.000000000000000000e+00
2.925370937115210665e-11
0.000000000000000000e+00
1.694707044869697795e-11
5.104995117817888989e-12
0.000000000000000000e+00
2.206650406256271594e-11
2.187953385384928859e-11
0.000000000000000000e+00
1.145475365764472564e-01
0.000000000000000000e+00
0.000000000000000000e+00
1.224083057258891229e-11
1.145475365664817141e-01
4.096146298234759271e-10
3.640979291502508975e-12
0.000000000000000000e+00
3.212740854242966393e-12
1.880383425020942603e-11
0.000000000000000000e+00
0.000000000000000000e+00
0.000000000000000000e+00
1.145475368182505560e-01
1.024282173416463890e-12
1.776554209950011699e-11
5.540476249933666104e-12
1.145475365835138953e-01
5.899818352181699825e-12
0.000000000000000000e+00
1.821670426136480745e-11
7.445867265441048032e-12
1.145475365664579692e-01
9.144826835764675355e-12
0.000000000000000000e+00
7.070720503913063788e-12
5.442075380292120943e-12
1.834149536271499739e-11
4.712788783783864706e-12
0.000000000000000000e+00
9.528776506196123721e-12
0.000000000000000000e+00
1.206082621485629976e-11
1.700423101799730373e-11
1.863819849810783104e-11
0.000000000000000000e+00
0.000000000000000000e+00
0.000000000000000000e+00
0.000000000000000000e+00
9.861156897976529810e-12
0.000000000000000000e+00
0.000000000000000000e+00
3.447612173076346786e-12
0.000000000000000000e+00
3.105482362004817254e-12
0.000000000000000000e+00
9.842955504392306559e-12
1.257629383731587327e-11
1.145475365656158095e-01
0.000000000000000000e+00
0.000000000000000000e+00
1.853148377010096049e-12
5.888952846756845238e-12
0.000000000000000000e+00
0.000000000000000000e+00
0.000000000000000000e+00
2.193267607362523224e-12
1.737144313476533477e-11
0.000000000000000000e+00
1.994492673944012512e-11
7.505076877131851818e-13
0.000000000000000000e+00
0.000000000000000000e+00
0.000000000000000000e+00
0.000000000000000000e+00
0.000000000000000000e+00
0.000000000000000000e+00
4.148143250217577670e-10
1.145347204442699749e-11
1.145475365721924516e-01
2.572996431951247819e-12
3.140774549273856951e-12
2.099398885092508078e-12
0.000000000000000000e+00
0.000000000000000000e+00
1.452025940759985741e-11
6.006184807436689047e-12
0.000000000000000000e+00
0.000000000000000000e+00
4.945864344582713569e-12
0.000000000000000000e+00
0.000000000000000000e+00
0.000000000000000000e+00
1.157504787281101880e-11
0.000000000000000000e+00
5.280671735993852484e-12
2.914085895270354501e-11
5.626635759957774611e-12
2.844635314316023017e-11
0.000000000000000000e+00
0.000000000000000000e+00
5.136608438844591141e-12
0.000000000000000000e+00
5.059260445324919217e-12
1.145475365993619959e-01
0.000000000000000000e+00
7.639072808492530955e-12
1.145475365656821315e-01
6.415681837970234642e-12
5.571188235863570586e-12
0.000000000000000000e+00
0.000000000000000000e+00
0.000000000000000000e+00
0.000000000000000000e+00
0.000000000000000000e+00
1.027765575770883340e-11
1.960218318381987447e-11
0.000000000000000000e+00
0.000000000000000000e+00
1.141966831975733836e-11
0.000000000000000000e+00
4.334678895515239204e-12
0.000000000000000000e+00
0.000000000000000000e+00
1.145475366187573424e-01
0.000000000000000000e+00
1.085900091364164637e-12
9.561890413680629878e-13
0.000000000000000000e+00
4.939996240491712147e-12
9.229751102109103923e-12
7.997430805966401898e-12
0.000000000000000000e+00
0.000000000000000000e+00
2.100416928884185835e-11
1.824471723108803138e-11
1.145475365743016949e-01
1.349740544693849968e-11
0.000000000000000000e+00
9.095404916319366939e-12
1.222973767869238625e-11
0.000000000000000000e+00
0.000000000000000000e+00
0.000000000000000000e+00
0.000000000000000000e+00
0.000000000000000000e+00
0.000000000000000000e+00
2.175596394059448394e-02
0.000000000000000000e+00
1.470834438794427638e-11
1.981514153678127012e-11
1.019544958436833126e-11
6.107113150209727056e-12
0.000000000000000000e+00
2.003415990411729945e-11
0.000000000000000000e+00
0.000000000000000000e+00
0.000000000000000000e+00
0.000000000000000000e+00
1.144900665701892031e-12
1.171628268112073724e-11
1.570370490450798027e-11
5.030311381460982340e-12
0.000000000000000000e+00
0.000000000000000000e+00
0.000000000000000000e+00
0.000000000000000000e+00
0.000000000000000000e+00
0.000000000000000000e+00
0.000000000000000000e+00
4.643575055976104731e-12
0.000000000000000000e+00
0.000000000000000000e+00
0.000000000000000000e+00
4.847342769739215930e-12
1.080513100203370249e-11
4.047982516527076225e-13
0.000000000000000000e+00
2.041131151675367559e-11
0.000000000000000000e+00
8.365049988328890083e-12
7.053540703023608735e-12
0.000000000000000000e+00
0.000000000000000000e+00
0.000000000000000000e+00
0.000000000000000000e+00
0.000000000000000000e+00
2.665359017345865417e-11
4.532299503363682804e-12
1.603773009995916343e-12
0.000000000000000000e+00
8.867287226516402491e-12
4.382872384114827208e-13
0.000000000000000000e+00
0.000000000000000000e+00
8.632000884827934073e-12
1.145475362774183575e-01
3.018958330218529948e-12
1.145475365705933141e-01
4.726117219594965672e-12
7.604302877061981800e-12
2.269127900278526863e-11
9.984129242554446898e-12
5.186048147188535320e-12
0.000000000000000000e+00
1.978949763144000202e-11
1.500886268773044075e-11
1.094725769831392665e-11
3.678991173360170547e-11
3.926381236108260526e-12
0.000000000000000000e+00
4.783815782658728665e-14
3.135596561174483986e-12
5.183213739083263497e-12
0.000000000000000000e+00
5.472421461007563274e-12
6.596942170356388990e-12
0.000000000000000000e+00
4.497470803893600008e-12
3.306400973848941307e-12
1.145475366038750248e-01
0.000000000000000000e+00
0.000000000000000000e+00
1.119532174886559914e-11
1.353147898187413002e-11
1.580409246021658586e-12
8.673457945055377749e-12
4.873715014335005986e-12
7.513850267245397130e-12
0.000000000000000000e+00
0.000000000000000000e+00
7.466538573755181207e-02
2.001158933907630330e-11
7.357716780846656792e-12
1.713347970747755486e-12
1.200958306515318541e-11
1.145475367167917424e-01
4.868698440045672116e-12
1.129809557036859552e-12
0.000000000000000000e+00
1.661969390530390195e-12
0.000000000000000000e+00
0.000000000000000000e+00
1.108179682156506594e-11
0.000000000000000000e+00
7.604060387485992895e-12
0.000000000000000000e+00
0.000000000000000000e+00
1.310283743390529487e-11
0.000000000000000000e+00
0.000000000000000000e+00
2.366365548849509301e-12
2.053825836812996254e-11
4.963810455673150263e-12
0.000000000000000000e+00
2.085537801478371804e-11
3.968784575664987573e-12
4.502146547281966331e-14
0.000000000000000000e+00
0.000000000000000000e+00
0.000000000000000000e+00
9.084794785705895378e-12
0.000000000000000000e+00
0.000000000000000000e+00
7.068863573888326889e-12
3.527590330558696229e-12
2.812275997524633665e-12
1.724867053446723655e-11
3.707571289622381691e-11
1.228906002449633400e-11
9.088418813874731247e-12
5.557815734743921646e-12
0.000000000000000000e+00
0.000000000000000000e+00
0.000000000000000000e+00
0.000000000000000000e+00
2.376850765137753231e-11
0.000000000000000000e+00
0.000000000000000000e+00
0.000000000000000000e+00
4.146981482516636175e-10
2.106982166603593351e-11
0.000000000000000000e+00
1.110625354649218863e-11
1.336125635179933217e-11
1.473594032325195461e-11
0.000000000000000000e+00
0.000000000000000000e+00
0.000000000000000000e+00
3.962422402352436721e-10
9.556495270666870434e-02
1.667097958173478163e-11
0.000000000000000000e+00
0.000000000000000000e+00
3.630957671492233156e-11
2.357605910282001128e-11
1.614345010898236063e-11
8.418283949507499379e-12
7.727862858710868768e-12
5.863280378246942245e-12
4.354080233917943732e-12
2.150358790380025036e-12
5.669626005747847511e-12
7.408551059001389899e-13
0.000000000000000000e+00
7.578222154931871364e-12
0.000000000000000000e+00
0.000000000000000000e+00
1.516375725067966623e-11
0.000000000000000000e+00
0.000000000000000000e+00
7.644222294083805573e-12
2.073449242516406633e-11
4.075294344866234979e-12
6.974698669028075258e-12
0.000000000000000000e+00
1.507063777284652254e-11
7.681168962483383971e-12
3.251478203398025045e-11
0.000000000000000000e+00
0.000000000000000000e+00
1.145475369966407059e-01
0.000000000000000000e+00
0.000000000000000000e+00
0.000000000000000000e+00
1.866913826717908442e-11
0.000000000000000000e+00
0.000000000000000000e+00
2.170330602261390672e-12
2.923358129124586246e-10
0.000000000000000000e+00
0.000000000000000000e+00
0.000000000000000000e+00
4.339837810375970797e-12
2.816082109802952188e-11
1.203991006110963922e-11
0.000000000000000000e+00
0.000000000000000000e+00
5.262482136043771989e-12
2.984881113560365105e-12
1.468661483482694740e-11
6.732021972308088275e-12
5.048544428861528246e-12
1.447525046370351791e-11
0.000000000000000000e+00
0.000000000000000000e+00
4.278598300184328589e-12
5.384123222144913139e-12
1.761483243744924368e-12
0.000000000000000000e+00
0.000000000000000000e+00
0.000000000000000000e+00
8.637106203352236075e-11
5.743869801511360484e-12
1.863439310055811498e-11
8.977768657337136110e-12
2.865836354717413283e-10
7.019878370012389535e-13
1.145475366034137410e-01
2.845079694348287554e-11
6.788856249123798909e-12
0.000000000000000000e+00
4.533557332737878399e-12
4.989153424527621264e-12
3.126871885658366723e-11
0.000000000000000000e+00
2.762004330042949718e-11
1.898722974415023598e-11
1.792888213116066011e-11
0.000000000000000000e+00
9.927660639938680808e-12
5.135500215278723638e-12
2.716448057416864361e-12
4.200004664729140822e-12
1.129584322288371929e-11
0.000000000000000000e+00
0.000000000000000000e+00
0.000000000000000000e+00
0.000000000000000000e+00
0.000000000000000000e+00
5.214609992802153131e-12
3.514219238722907279e-12
8.453947504285225027e-12
1.145475365743110763e-01
0.000000000000000000e+00
2.782466775013509412e-11
7.087051096238097692e-12
2.716811586719680179e-11
1.262937783579601361e-11
0.000000000000000000e+00
1.145475367391581012e-01
1.145475363447273631e-01
3.168171779272084168e-12
1.353930418656959253e-12
0.000000000000000000e+00
7.089423625360439074e-12
0.000000000000000000e+00
2.830279677550006731e-13
5.006953527844212676e-12
1.145475365742920498e-01
0.000000000000000000e+00
1.145475365742739254e-01
3.327270465100690260e-12
0.000000000000000000e+00
0.000000000000000000e+00
0.000000000000000000e+00
1.145475365700743681e-01
6.502748537264762332e-12
2.385175295740281827e-12
0.000000000000000000e+00
2.395162320208540342e-12
1.145475365656299788e-01
2.587587054223384478e-12
3.753787610741393154e-12
0.000000000000000000e+00
3.602764931205979802e-12
0.000000000000000000e+00
4.879501495001755511e-12
0.000000000000000000e+00
0.000000000000000000e+00
2.308361937835519864e-12
1.145475365721927569e-01
1.145475365899263631e-01
4.133920324245095106e-12
3.639718813706803165e-11
3.277515913778795233e-11
2.075870371587432227e-11
6.256461158009860924e-12
0.000000000000000000e+00
1.134302339476433427e-12
9.383882112752211533e-12
0.000000000000000000e+00
0.000000000000000000e+00
0.000000000000000000e+00
2.240015307746279960e-12
3.013635742011804987e-12
2.102088886679474543e-11
9.371795544792447263e-12
0.000000000000000000e+00
0.000000000000000000e+00
1.005343213199507862e-11
0.000000000000000000e+00
2.306387771621429415e-12
1.121272663516437810e-11
8.253477307280504219e-12
2.902261074998355988e-11
1.145475365656694750e-01
0.000000000000000000e+00
2.366889994651645549e-11
0.000000000000000000e+00
0.000000000000000000e+00
5.777096391931221512e-12
0.000000000000000000e+00
0.000000000000000000e+00
0.000000000000000000e+00
7.291962923890995997e-12
1.891223096022676978e-14
0.000000000000000000e+00
0.000000000000000000e+00
3.362232145762463755e-11
4.517351918943816363e-12
3.599763571466944113e-11
5.592581232806644547e-12
3.153819601212797169e-10
2.840285511830596619e-11
0.000000000000000000e+00
0.000000000000000000e+00
7.365249415374391245e-12
9.206131087760002388e-12
5.504194184214554313e-12
0.000000000000000000e+00
8.438059336599030793e-12
0.000000000000000000e+00
5.593446266858474045e-12
1.005657350540283340e-11
4.842923021962284473e-12
0.000000000000000000e+00
1.145475365930448408e-01
2.629235047090177345e-11
2.646470605036538843e-12
3.966877941306384757e-13
0.000000000000000000e+00
8.185253361172739842e-13
3.136673511615633050e-10
0.000000000000000000e+00
0.000000000000000000e+00
0.000000000000000000e+00
0.000000000000000000e+00
2.871960236232434516e-12
0.000000000000000000e+00
3.614563771945236192e-12
5.374828766280080621e-12
8.219546830491538424e-12
9.208529239587365341e-12
0.000000000000000000e+00
0.000000000000000000e+00
2.771763795485682717e-11
2.026130247866289874e-10
1.702381214474198157e-12
6.949023342996059931e-12
8.130450245640276826e-12
1.178644766074524578e-11
1.697730272793043790e-11
0.000000000000000000e+00
7.717866321289445900e-12
6.808199788606469067e-13
9.633936337065466383e-12
0.000000000000000000e+00
1.197349590277045151e-12
0.000000000000000000e+00
7.304796095397204680e-12
1.681554469207804598e-11
7.552276842878190288e-02
8.530990048675207859e-13
0.000000000000000000e+00
1.698473484116366294e-11
0.000000000000000000e+00
2.722749133802209869e-11
3.088675315764788984e-11
6.196657972706036729e-12
4.739422437547588136e-12
2.142662955105017212e-12
0.000000000000000000e+00
7.166892876229393967e-12
2.957108098750196962e-12
1.145475365930164469e-01
2.109537415616939774e-11
0.000000000000000000e+00
6.386487493798654366e-12
5.057576491334777347e-13
0.000000000000000000e+00
0.000000000000000000e+00
1.466987348011820746e-11
9.409919431915503789e-12
8.937127477647622078e-11
8.241611627381673700e-12
3.096264049059916798e-12
2.359537188565958507e-11
1.046625852622925161e-11
1.910456886808855278e-11
1.487255110296452030e-11
2.321751642686998411e-12
0.000000000000000000e+00
2.313945548427358349e-11
0.000000000000000000e+00
3.465463159120389490e-12
0.000000000000000000e+00
1.892941647202155800e-11
0.000000000000000000e+00
6.901142333779472419e-12
3.060818443092924948e-12
1.370482852609557147e-11
4.074826252188802437e-10
1.308083706021750147e-11
0.000000000000000000e+00
0.000000000000000000e+00
0.000000000000000000e+00
1.036258592511888080e-11
0.000000000000000000e+00
1.145475365664554157e-01
1.145475365910949422e-01
0.000000000000000000e+00
0.000000000000000000e+00
0.000000000000000000e+00
0.000000000000000000e+00
2.043852078240376982e-11
2.579119822279513553e-12
0.000000000000000000e+00
2.781302308156261341e-12
0.000000000000000000e+00
0.000000000000000000e+00
6.579206116299756704e-12
5.096020773627340597e-12
0.000000000000000000e+00
7.704089347442700223e-12
0.000000000000000000e+00
0.000000000000000000e+00
0.000000000000000000e+00
7.646216120121920333e-12
5.251030894886262225e-12
5.595450930632835501e-12
7.873750119214382262e-12
2.116776369489875251e-11
1.833399654846119653e-12
1.987725382365173168e-11
2.394045143565061101e-11
6.000661085533461722e-13
1.172149997703260256e-11
0.000000000000000000e+00
0.000000000000000000e+00
0.000000000000000000e+00
0.000000000000000000e+00
0.000000000000000000e+00
0.000000000000000000e+00
0.000000000000000000e+00
2.297715670915992782e-11
1.044804123133364872e-11
6.798739976885306128e-13
1.145475365899635140e-01
1.299264100273560870e-11
4.915168532331903075e-12
9.865326913047316255e-12
1.068458977570499183e-11
0.000000000000000000e+00
1.755893767551255812e-11
0.000000000000000000e+00
0.000000000000000000e+00
0.000000000000000000e+00
0.000000000000000000e+00
1.099234027603272545e-11
9.850203797862991757e-12
9.601149973992565226e-12
0.000000000000000000e+00
2.954106475888125533e-11
2.854160212555821513e-12
1.114342837548394971e-11
0.000000000000000000e+00
0.000000000000000000e+00
0.000000000000000000e+00
0.000000000000000000e+00
1.290173542523503208e-11
0.000000000000000000e+00
1.145475365764551251e-01
1.795137303666914091e-12
0.000000000000000000e+00
0.000000000000000000e+00
2.658441563397235927e-12
5.673628401011332316e-12
1.029786068996512979e-11
6.829439409410669125e-12
0.000000000000000000e+00
1.151235777914551011e-11
3.269541597516259445e-11
0.000000000000000000e+00
0.000000000000000000e+00
0.000000000000000000e+00
0.000000000000000000e+00
8.987249731901999012e-12
0.000000000000000000e+00
1.240502795936206767e-13
9.402047209811113624e-12
0.000000000000000000e+00
0.000000000000000000e+00
1.430473533977277125e-11
1.975704784142667208e-11
3.380371639911486708e-11
0.000000000000000000e+00
2.437321816581517346e-12
0.000000000000000000e+00
3.755930297162995775e-12
1.618757026764228178e-12
0.000000000000000000e+00
0.000000000000000000e+00
7.466637155981435681e-02
0.000000000000000000e+00
5.030785688468634301e-12
0.000000000000000000e+00
0.000000000000000000e+00
3.660235807807931438e-13
3.524721126911169012e-11
0.000000000000000000e+00
2.520633919121427172e-11
0.000000000000000000e+00
1.105566037073466254e-12
8.967722129626658754e-12
0.000000000000000000e+00
4.623581614327686357e-12
2.933258762552773792e-10
2.062713130803609107e-11
0.000000000000000000e+00
4.812579301788301554e-12
3.953921258116562837e-12
8.777446968443530383e-12
0.000000000000000000e+00
0.000000000000000000e+00
5.548719952487523327e-12
2.509512426875429145e-13
9.609786459458471800e-12
2.958634316063785643e-12
8.707219506210958981e-12
1.145475366184469657e-01
2.226113240071605109e-12
0.000000000000000000e+00
3.404069348486706918e-11
3.293741642828652628e-11
0.000000000000000000e+00
1.125395491505861961e-11
2.041077419833820857e-11
1.286632552631012727e-11
