2.784827724147639996e-11
0.000000000000000000e+00
0.000000000000000000e+00
0.000000000000000000e+00
0.000000000000000000e+00
1.556189331268956122e-11
1.050832410561908934e-11
0.000000000000000000e+00
3.145830306408925903e-11
2.989853902771736000e-11
0.000000000000000000e+00
1.656885181184088716e-11
2.833748075309941724e-11
1.230317959025864356e-11
2.188552049880342237e-11
0.000000000000000000e+00
0.000000000000000000e+00
1.535207490210132726e-10
0.000000000000000000e+00
1.479427549792018771e-11
0.000000000000000000e+00
2.089002923004836563e-11
0.000000000000000000e+00
2.963051878599501248e-11
0.000000000000000000e+00
0.000000000000000000e+00
1.558169256422317906e-11
0.000000000000000000e+00
0.000000000000000000e+00
0.000000000000000000e+00
2.720368143945140295e-12
0.000000000000000000e+00
0.000000000000000000e+00
5.727376861397479590e-01
0.000000000000000000e+00
0.000000000000000000e+00
1.775910135458921268e-12
2.401272705143843348e-11
3.157076925261349366e-11
1.336674332032022200e-12
2.812095104969426654e-11
0.000000000000000000e+00
0.000000000000000000e+00
3.815325415552911916e-11
8.413210921458480716e-12
5.727376861397479590e-01
0.000000000000000000e+00
5.378629362710004143e-11
1.535222648840600767e-10
0.000000000000000000e+00
1.619309954066557048e-10
0.000000000000000000e+00
2.239504960424930451e-11
0.000000000000000000e+00
1.922031776416642004e-10
5.827777428658013763e-12
1.013431929793743360e-11
1.412379158341297956e-10
3.364594995533559728e-11
0.000000000000000000e+00
1.564027458260036885e-10
4.419734624819585238e-11
0.000000000000000000e+00
0.000000000000000000e+00
2.047908186602734705e-10
0.000000000000000000e+00
1.195826318436880735e-11
0.000000000000000000e+00
4.518566572951038244e-11
0.000000000000000000e+00
0.000000000000000000e+00
0.000000000000000000e+00
5.727376861397479590e-01
9.441644080067211573e-12
2.475023068806919199e-11
0.000000000000000000e+00
0.000000000000000000e+00
0.000000000000000000e+00
0.000000000000000000e+00
1.905681527524140450e-10
3.494109746240006702e-11
0.000000000000000000e+00
5.727376861397479590e-01
0.000000000000000000e+00
0.000000000000000000e+00
1.317921234187920693e-11
4.513376694621510758e-11
1.611903345960525460e-11
2.271086088404630418e-11
0.000000000000000000e+00
0.000000000000000000e+00
2.288268748686556082e-11
0.000000000000000000e+00
2.676730921559640575e-11
3.452437626252542593e-11
0.000000000000000000e+00
0.000000000000000000e+00
8.103200345927113888e-11
0.000000000000000000e+00
1.261639800308179940e-11
0.000000000000000000e+00
0.000000000000000000e+00
4.824469028269833433e-12
3.671491944886315951e-11
5.844122829356083716e-12
1.342778353302630794e-11
5.625271090883029457e-01
0.000000000000000000e+00
1.398637110870156512e-10
1.695605177285563609e-11
0.000000000000000000e+00
0.000000000000000000e+00
2.726590829811848068e-11
0.000000000000000000e+00
0.000000000000000000e+00
0.000000000000000000e+00
0.000000000000000000e+00
1.767866395026974164e-11
0.000000000000000000e+00
5.028705536955473399e-01
0.000000000000000000e+00
9.711322390358111801e-12
2.881175620208107761e-11
0.000000000000000000e+00
0.000000000000000000e+00
1.432573893052578897e-10
0.000000000000000000e+00
2.229770751889325885e-11
0.000000000000000000e+00
2.852004128606053655e-11
0.000000000000000000e+00
1.556280551844848818e-10
0.000000000000000000e+00
4.418477605857927054e-11
0.000000000000000000e+00
8.488538687942161709e-12
0.000000000000000000e+00
4.638635794538282675e-11
0.000000000000000000e+00
1.881426509928800829e-11
0.000000000000000000e+00
5.716300752269119328e-11
0.000000000000000000e+00
0.000000000000000000e+00
0.000000000000000000e+00
0.000000000000000000e+00
0.000000000000000000e+00
2.013317998953826386e-10
5.527366678188682916e-14
0.000000000000000000e+00
4.884611416077425905e-11
5.867915768034174218e-11
1.242446888271242292e-10
5.841074457854274609e-11
2.559640388365833220e-11
0.000000000000000000e+00
1.751804574543559398e-11
2.419563461943238362e-11
0.000000000000000000e+00
0.000000000000000000e+00
0.000000000000000000e+00
0.000000000000000000e+00
1.219515410672631420e-12
4.886730843038636388e-12
9.039437566333592691e-12
1.391959438445063875e-10
0.000000000000000000e+00
0.000000000000000000e+00
2.010936332193035754e-11
0.000000000000000000e+00
1.032728131393734622e-11
3.717607246412849098e-11
0.000000000000000000e+00
0.000000000000000000e+00
9.910859113117162779e-11
0.000000000000000000e+00
8.403815950571869898e-12
1.299295923179168270e-12
0.000000000000000000e+00
4.353842809720806471e-11
0.000000000000000000e+00
3.426358519351675371e-11
1.535174411742267708e-10
4.116443139659416352e-12
2.569732688077942181e-11
0.000000000000000000e+00
1.463584523490595530e-11
0.000000000000000000e+00
0.000000000000000000e+00
9.519043263242170017e-11
0.000000000000000000e+00
0.000000000000000000e+00
1.794514079597020837e-11
5.727376861397479590e-01
3.079333279499604441e-11
2.490780105701237513e-11
0.000000000000000000e+00
5.727376861397479590e-01
3.691794114927024168e-11
0.000000000000000000e+00
3.900457083258494142e-11
0.000000000000000000e+00
0.000000000000000000e+00
1.723968925613479470e-11
2.539398567550328452e-11
2.446888739923198670e-11
3.465189713558735986e-09
0.000000000000000000e+00
0.000000000000000000e+00
0.000000000000000000e+00
5.727376861397479590e-01
0.000000000000000000e+00
7.438081292133423529e-11
0.000000000000000000e+00
0.000000000000000000e+00
0.000000000000000000e+00
0.000000000000000000e+00
3.698898398063691159e-11
0.000000000000000000e+00
0.000000000000000000e+00
0.000000000000000000e+00
0.000000000000000000e+00
2.558020372487576067e-12
0.000000000000000000e+00
6.306910315106042224e-12
0.000000000000000000e+00
0.000000000000000000e+00
0.000000000000000000e+00
3.671480833588762041e-11
1.891943257179658532e-11
8.417948765672131449e-11
1.075112476099035929e-11
0.000000000000000000e+00
5.457724060307276003e-11
4.120529852429043260e-11
0.000000000000000000e+00
1.586677917996391600e-11
0.000000000000000000e+00
2.371942177829656974e-11
0.000000000000000000e+00
0.000000000000000000e+00
5.727376861397479590e-01
3.831855984423046427e-11
3.925187343322302024e-11
0.000000000000000000e+00
6.104225600457781154e-10
1.244318599176349781e-11
5.581203482053801974e-11
1.481717989734154251e-10
0.000000000000000000e+00
0.000000000000000000e+00
2.042827129519244051e-11
0.000000000000000000e+00
0.000000000000000000e+00
1.308982350169934246e-11
7.435703302089812241e-12
1.960123618651980432e-11
5.587656934809285483e-11
1.744690801699875917e-11
1.128534034638334892e-11
0.000000000000000000e+00
0.000000000000000000e+00
0.000000000000000000e+00
0.000000000000000000e+00
0.000000000000000000e+00
0.000000000000000000e+00
5.414533077154635162e-12
1.084910621284827115e-11
0.000000000000000000e+00
0.000000000000000000e+00
1.397548541671557659e-11
3.316593373928842503e-11
0.000000000000000000e+00
2.274893313562877597e-11
8.742569989683499504e-12
2.475331040526939566e-11
0.000000000000000000e+00
6.049913261953823347e-11
0.000000000000000000e+00
0.000000000000000000e+00
0.000000000000000000e+00
0.000000000000000000e+00
1.090387318855015212e-12
1.491868414264303945e-11
0.000000000000000000e+00
2.412738565758254794e-12
0.000000000000000000e+00
5.727376861397479590e-01
3.197800413460352129e-11
0.000000000000000000e+00
5.727376861397479590e-01
0.000000000000000000e+00
0.000000000000000000e+00
3.490744163111101434e-11
1.535537646922948070e-10
1.936615032374932878e-11
1.164822104955289993e-10
2.047388852017647041e-11
0.000000000000000000e+00
0.000000000000000000e+00
1.141479647307445772e-10
1.801151142133498593e-11
0.000000000000000000e+00
5.574642826246309736e-12
0.000000000000000000e+00
5.761164619683245625e-12
7.371428902354975202e-11
5.727376861397479590e-01
3.098120047605914820e-11
0.000000000000000000e+00
1.606048306448791978e-12
2.538968804033493891e-11
0.000000000000000000e+00
0.000000000000000000e+00
0.000000000000000000e+00
3.124628750192465007e-11
1.721710049491624782e-11
0.000000000000000000e+00
0.000000000000000000e+00
5.727376861397479590e-01
0.000000000000000000e+00
1.644518323880646459e-11
0.000000000000000000e+00
0.000000000000000000e+00
3.592538311919537913e-12
2.677101051002029159e-11
2.668026401621713030e-11
3.472621580020992841e-11
2.941739306677884766e-11
5.757254703032576419e-12
1.819735732718966784e-10
2.678470129925691383e-11
0.000000000000000000e+00
0.000000000000000000e+00
0.000000000000000000e+00
0.000000000000000000e+00
8.004578140544903799e-11
0.000000000000000000e+00
3.207290491533332947e-11
1.487922102519076517e-11
1.434688215865660067e-10
1.796389546712287135e-11
0.000000000000000000e+00
0.000000000000000000e+00
0.000000000000000000e+00
0.000000000000000000e+00
3.827022058357389790e-12
4.673240336419647049e-11
3.054657241042312128e-11
1.114908868266746319e-11
2.240867194895662232e-12
6.696142190193017984e-12
3.375950064775069806e-11
0.000000000000000000e+00
4.334861457129455723e-11
1.367839580375381141e-11
1.742609545594067993e-11
0.000000000000000000e+00
0.000000000000000000e+00
1.651865291115761568e-12
2.807821968785118352e-11
0.000000000000000000e+00
4.020804199010692304e-11
0.000000000000000000e+00
0.000000000000000000e+00
1.103450185582847347e-11
5.999567284342744357e-11
3.972630445617671173e-11
2.711606107255119086e-11
5.580857582396256051e-11
0.000000000000000000e+00
0.000000000000000000e+00
0.000000000000000000e+00
2.719371610779352280e-11
0.000000000000000000e+00
8.867669031701399048e-13
2.118710396191859697e-11
5.151186462270589013e-12
0.000000000000000000e+00
1.386822696721787286e-09
0.000000000000000000e+00
0.000000000000000000e+00
0.000000000000000000e+00
0.000000000000000000e+00
0.000000000000000000e+00
0.000000000000000000e+00
0.000000000000000000e+00
2.427020045090253965e-11
0.000000000000000000e+00
0.000000000000000000e+00
0.000000000000000000e+00
0.000000000000000000e+00
0.000000000000000000e+00
4.168568463527656194e-11
2.138106914512461666e-13
0.000000000000000000e+00
0.000000000000000000e+00
2.314862142686596475e-11
0.000000000000000000e+00
0.000000000000000000e+00
2.059717480077787563e-11
0.000000000000000000e+00
0.000000000000000000e+00
5.727376861397479590e-01
4.143848433334318703e-11
6.084004765732685901e-12
0.000000000000000000e+00
0.000000000000000000e+00
0.000000000000000000e+00
0.000000000000000000e+00
0.000000000000000000e+00
0.000000000000000000e+00
1.091542876883443782e-11
1.484139967891251741e-11
3.559787462555960014e-01
0.000000000000000000e+00
0.000000000000000000e+00
0.000000000000000000e+00
0.000000000000000000e+00
7.576635584652726507e-10
0.000000000000000000e+00
0.000000000000000000e+00
4.190610366657642666e-11
0.000000000000000000e+00
4.419388308179606872e-11
5.622304688022311186e-11
0.000000000000000000e+00
1.841639068039146391e-11
0.000000000000000000e+00
8.210179471847500948e-12
8.221914104817638823e-12
0.000000000000000000e+00
1.087557156359544357e-11
1.612564134787748637e-11
0.000000000000000000e+00
0.000000000000000000e+00
0.000000000000000000e+00
1.438240851812895302e-10
0.000000000000000000e+00
0.000000000000000000e+00
1.772822887585898106e-12
1.554476244762003648e-11
1.808293130769587467e-11
2.632555969703654164e-11
0.000000000000000000e+00
3.354153595854286061e-11
1.872285245940494152e-11
0.000000000000000000e+00
0.000000000000000000e+00
0.000000000000000000e+00
0.000000000000000000e+00
0.000000000000000000e+00
0.000000000000000000e+00
0.000000000000000000e+00
0.000000000000000000e+00
1.194488312368792199e-11
1.921336010923673340e-11
1.291448643019011708e-10
2.347501366632881817e-11
0.000000000000000000e+00
1.454832346134435470e-11
3.234022655823757329e-11
2.052285440019655602e-11
2.238965743554550416e-11
0.000000000000000000e+00
2.017409587107951597e-11
0.000000000000000000e+00
0.000000000000000000e+00
0.000000000000000000e+00
1.141346437059610801e-11
1.220536461997590151e-11
4.410291065183022102e-12
6.832000344673784853e-11
9.017074915520845482e-10
0.000000000000000000e+00
2.182488424282032010e-11
3.717836228820553784e-11
0.000000000000000000e+00
0.000000000000000000e+00
0.000000000000000000e+00
0.000000000000000000e+00
0.000000000000000000e+00
0.000000000000000000e+00
0.000000000000000000e+00
0.000000000000000000e+00
0.000000000000000000e+00
0.000000000000000000e+00
3.567484505090004518e-11
0.000000000000000000e+00
1.111336519556864320e-11
1.777529832438812820e-10
0.000000000000000000e+00
3.667253874917974182e-11
3.765158664480288601e-11
0.000000000000000000e+00
0.000000000000000000e+00
0.000000000000000000e+00
0.000000000000000000e+00
3.479738673065219778e-11
0.000000000000000000e+00
0.000000000000000000e+00
0.000000000000000000e+00
3.789506000662342044e-11
3.653960508774540853e-11
0.000000000000000000e+00
2.350939165208649928e-11
3.351024258057641010e-11
2.752386937320728714e-11
0.000000000000000000e+00
1.283340969534709751e-11
3.662688064343600307e-13
0.000000000000000000e+00
1.945976657677548021e-11
8.249825313683851681e-12
6.073902639206866460e-11
1.362818358445433174e-11
0.000000000000000000e+00
0.000000000000000000e+00
0.000000000000000000e+00
6.357624805658736986e-12
1.188882699335231768e-10
0.000000000000000000e+00
0.000000000000000000e+00
0.000000000000000000e+00
0.000000000000000000e+00
0.000000000000000000e+00
0.000000000000000000e+00
1.161593298251719432e-11
4.077533608478595737e-11
0.000000000000000000e+00
0.000000000000000000e+00
0.000000000000000000e+00
9.404342542477164146e-11
2.574514113313185159e-11
2.222335914517768955e-11
5.360533922637986310e-11
0.000000000000000000e+00
0.000000000000000000e+00
0.000000000000000000e+00
0.000000000000000000e+00
2.012811948696210780e-13
5.727376861397479590e-01
0.000000000000000000e+00
0.000000000000000000e+00
2.654774971056530460e-11
0.000000000000000000e+00
0.000000000000000000e+00
0.000000000000000000e+00
2.142282388044753808e-11
0.000000000000000000e+00
0.000000000000000000e+00
0.000000000000000000e+00
2.800109584761497125e-11
0.000000000000000000e+00
0.000000000000000000e+00
0.000000000000000000e+00
0.000000000000000000e+00
0.000000000000000000e+00
2.960587472109953730e-11
2.631690973685588100e-11
4.598870921235953297e-12
1.039548690723756055e-11
3.236104692724209361e-11
0.000000000000000000e+00
0.000000000000000000e+00
0.000000000000000000e+00
5.727376861397479590e-01
9.867303645421663410e-12
0.000000000000000000e+00
0.000000000000000000e+00
0.000000000000000000e+00
0.000000000000000000e+00
1.634579157090127328e-10
0.000000000000000000e+00
2.445153537081767026e-01
0.000000000000000000e+00
8.232575566462444246e-13
3.640411970834801823e-11
0.000000000000000000e+00
2.475852719307648204e-11
0.000000000000000000e+00
0.000000000000000000e+00
5.727376861397479590e-01
4.583482158978290871e-12
5.727376861397479590e-01
0.000000000000000000e+00
3.588636023997702901e-11
3.259638197318414996e-11
3.614189834910638278e-11
2.522772777399484578e-02
0.000000000000000000e+00
0.000000000000000000e+00
4.580522267477209610e-12
0.000000000000000000e+00
5.727376861397479590e-01
0.000000000000000000e+00
0.000000000000000000e+00
4.709567177318105327e-11
0.000000000000000000e+00
7.625166274168191722e-12
0.000000000000000000e+00
1.966192495537440683e-11
2.800982181731762967e-11
0.000000000000000000e+00
0.000000000000000000e+00
5.727376861397479590e-01
0.000000000000000000e+00
0.000000000000000000e+00
0.000000000000000000e+00
0.000000000000000000e+00
0.000000000000000000e+00
1.293142495561825704e-11
0.000000000000000000e+00
0.000000000000000000e+00
1.985017052751914172e-11
7.635980781809533269e-11
1.532825452035076858e-09
0.000000000000000000e+00
0.000000000000000000e+00
0.000000000000000000e+00
0.000000000000000000e+00
2.085182653234280922e-11
6.813386206247994998e-12
0.000000000000000000e+00
9.278253242891743595e-12
0.000000000000000000e+00
0.000000000000000000e+00
0.000000000000000000e+00
0.000000000000000000e+00
5.727376861397479590e-01
4.346454173789548230e-11
0.000000000000000000e+00
3.896257575960636121e-11
0.000000000000000000e+00
0.000000000000000000e+00
3.488269990574772056e-11
5.772115962929080089e-11
2.067611636783369621e-12
0.000000000000000000e+00
0.000000000000000000e+00
9.763924200664464192e-12
3.329285049452085552e-11
0.000000000000000000e+00
0.000000000000000000e+00
0.000000000000000000e+00
0.000000000000000000e+00
3.685265784365809851e-11
0.000000000000000000e+00
2.404221664210685539e-11
7.612909847835678328e-12
0.000000000000000000e+00
0.000000000000000000e+00
0.000000000000000000e+00
1.892235620890475196e-11
0.000000000000000000e+00
3.386085524465966467e-11
0.000000000000000000e+00
0.000000000000000000e+00
0.000000000000000000e+00
3.699152105541865065e-11
2.032895764192316381e-09
0.000000000000000000e+00
0.000000000000000000e+00
1.747242277682975499e-13
1.897008305755146876e-11
0.000000000000000000e+00
1.642210171504767049e-11
2.940014707442312393e-11
3.521018170653502925e-11
7.793987414185907698e-12
4.102551330769399869e-11
0.000000000000000000e+00
2.982974134020626197e-11
0.000000000000000000e+00
0.000000000000000000e+00
0.000000000000000000e+00
0.000000000000000000e+00
2.460666011972467155e-11
6.475284151288323932e-12
0.000000000000000000e+00
5.775669734416447761e-11
0.000000000000000000e+00
0.000000000000000000e+00
0.000000000000000000e+00
0.000000000000000000e+00
0.000000000000000000e+00
1.600593239674996457e-11
0.000000000000000000e+00
0.000000000000000000e+00
0.000000000000000000e+00
2.259703031525744300e-11
0.000000000000000000e+00
1.701910321214512688e-12
0.000000000000000000e+00
0.000000000000000000e+00
0.000000000000000000e+00
0.000000000000000000e+00
5.122211581288711715e-11
0.000000000000000000e+00
1.053739894442087933e-11
0.000000000000000000e+00
0.000000000000000000e+00
0.000000000000000000e+00
0.000000000000000000e+00
7.595122341831955157e-13
1.022970015440232591e-11
0.000000000000000000e+00
0.000000000000000000e+00
2.032863263830562568e-09
0.000000000000000000e+00
1.185222850080182645e-10
0.000000000000000000e+00
1.722316314023219744e-12
2.238304142743824888e-11
2.563394667023716587e-12
0.000000000000000000e+00
0.000000000000000000e+00
1.854249717273022870e-11
0.000000000000000000e+00
0.000000000000000000e+00
0.000000000000000000e+00
0.000000000000000000e+00
0.000000000000000000e+00
0.000000000000000000e+00
0.000000000000000000e+00
8.498045110617548699e-12
0.000000000000000000e+00
1.020020058977494786e-11
0.000000000000000000e+00
2.613863333541623144e-11
0.000000000000000000e+00
1.233250106173344108e-11
0.000000000000000000e+00
0.000000000000000000e+00
0.000000000000000000e+00
4.162757225014457101e-11
0.000000000000000000e+00
7.966982267750201761e-11
1.786250722977955863e-11
1.760840782933205356e-11
0.000000000000000000e+00
2.867685443661411407e-11
5.727376861397479590e-01
5.727376861397479590e-01
1.610666058195474585e-11
1.080344683575062182e-11
2.337382033289903852e-11
1.773301455987566085e-11
0.000000000000000000e+00
0.000000000000000000e+00
2.838466728947324713e-11
0.000000000000000000e+00
6.165178497005919740e-12
1.007081642750972080e-10
0.000000000000000000e+00
0.000000000000000000e+00
5.749913770739924527e-11
0.000000000000000000e+00
2.467704751441864091e-11
1.242283387931383020e-11
3.233814559339823657e-11
0.000000000000000000e+00
0.000000000000000000e+00
0.000000000000000000e+00
0.000000000000000000e+00
0.000000000000000000e+00
0.000000000000000000e+00
0.000000000000000000e+00
0.000000000000000000e+00
1.083696727671897629e-12
0.000000000000000000e+00
2.754031186721140557e-11
3.584267325569333496e-11
2.954275039056244773e-12
2.349016427711044772e-11
2.747560283294061944e-11
9.452689008276656130e-12
2.252314497758282677e-11
0.000000000000000000e+00
0.000000000000000000e+00
0.000000000000000000e+00
5.727376861397479590e-01
0.000000000000000000e+00
0.000000000000000000e+00
0.000000000000000000e+00
0.000000000000000000e+00
1.640434505327999291e-11
0.000000000000000000e+00
2.936197173195667552e-11
1.370050264317158320e-11
3.294618669769995232e-11
1.199450693477434985e-10
0.000000000000000000e+00
0.000000000000000000e+00
0.000000000000000000e+00
1.146305309352114005e-10
0.000000000000000000e+00
0.000000000000000000e+00
0.000000000000000000e+00
2.162872353673820298e-11
1.225167422710973632e-11
1.275099982185716522e-11
6.257535385115529680e-11
0.000000000000000000e+00
1.116959727994605760e-10
5.727376861397479590e-01
0.000000000000000000e+00
7.548821684570852783e-12
1.986423053056602754e-10
0.000000000000000000e+00
0.000000000000000000e+00
0.000000000000000000e+00
0.000000000000000000e+00
2.657209034743960289e-11
0.000000000000000000e+00
0.000000000000000000e+00
2.251099827013985217e-11
1.646191436992505123e-11
1.400720329797815779e-10
1.614869879299014409e-11
0.000000000000000000e+00
3.765877529823024680e-12
2.210652181997778870e-12
0.000000000000000000e+00
2.833383397825296664e-11
3.082764072905775319e-11
0.000000000000000000e+00
0.000000000000000000e+00
0.000000000000000000e+00
1.432632566583888224e-10
0.000000000000000000e+00
2.232802148331130850e-11
0.000000000000000000e+00
0.000000000000000000e+00
4.469701965366729062e-12
3.354828755196715669e-11
3.559688518906004018e-01
8.268666452712018384e-12
0.000000000000000000e+00
1.777444300954122946e-10
1.594355476790237912e-10
2.268083536080241199e-12
0.000000000000000000e+00
3.135624578352900011e-12
0.000000000000000000e+00
1.843795412827332551e-11
0.000000000000000000e+00
0.000000000000000000e+00
9.658371141806418452e-11
0.000000000000000000e+00
4.264293796208911427e-11
0.000000000000000000e+00
3.177147233530548121e-11
0.000000000000000000e+00
0.000000000000000000e+00
0.000000000000000000e+00
1.514706204855039612e-12
5.477141986639031161e-12
0.000000000000000000e+00
4.573302412530406653e-12
0.000000000000000000e+00
0.000000000000000000e+00
0.000000000000000000e+00
5.727376861397479590e-01
0.000000000000000000e+00
2.528103102255771567e-11
0.000000000000000000e+00
0.000000000000000000e+00
1.252149709228007393e-10
0.000000000000000000e+00
0.000000000000000000e+00
0.000000000000000000e+00
