2.769954630781479662e-17
1.888096747027117051e-01
5.824557542724688730e-01
4.227709213129883792e-01
5.654520582619220193e-01
6.646463647199757352e-01
5.076613763527650924e-01
5.355459161194080497e-01
3.043239578580026472e-01
2.434993373524145244e-01
8.018327605956472315e-01
7.836721992794527525e-01
2.491893393903610032e-01
4.592608932917671138e-01
6.716582455319219935e-01
2.394312433771073612e-01
4.286793371513378248e-01
2.743708366805622800e-01
5.145678846662149475e-01
7.759739054742915698e-01
0.000000000000000000e+00
7.303419811484240798e-01
8.018327605956472315e-01
0.000000000000000000e+00
5.524710680484955505e-01
0.000000000000000000e+00
3.941802253398109523e-01
8.018327605956471205e-01
6.678338188706527401e-01
7.181935311689174872e-01
5.493868217875257365e-01
1.191227587724119793e-16
4.754120128920983346e-01
8.018327605956463433e-01
6.477908253955507734e-01
4.921232049113805629e-01
3.950216299747735249e-01
6.681656824382115056e-01
2.086294876011058307e-16
0.000000000000000000e+00
6.700401115306325872e-01
2.477171361416374840e-01
4.838862672638534201e-01
9.777560323458604763e-02
6.645455122755200561e-01
3.917337237974107153e-16
7.747850978116059828e-01
0.000000000000000000e+00
2.743511024499835083e-01
4.453867554408094120e-01
7.968859966927709371e-01
1.877541103519684840e-01
0.000000000000000000e+00
8.018327605956472315e-01
7.415105928258567403e-01
2.588538261861466072e-01
6.213888907309590359e-16
7.162152911417868362e-01
5.171515227523514335e-01
8.018327605956472315e-01
0.000000000000000000e+00
4.465110154067076786e-01
2.685212330026228722e-01
0.000000000000000000e+00
4.676429985233668818e-01
1.653121495607988434e-01
6.621638306333296753e-02
6.993831266791058487e-01
1.464967033902934453e-16
4.223273682830778752e-01
6.436384472659288924e-01
2.314099119604613087e-15
0.000000000000000000e+00
7.617001163598074998e-01
8.018327605956472315e-01
5.810951875136053379e-01
8.018327605956472315e-01
6.612129812387427252e-01
5.355034329735834930e-01
8.018327605956472315e-01
8.018327605956472315e-01
2.311254092318937026e-01
2.454357016523604773e-01
2.809091444764883483e-01
1.469247868407040358e-01
8.018327605956472315e-01
7.756243961319809754e-01
5.975492672285950269e-01
8.018327605956472315e-01
8.018327605956472315e-01
6.035367146709544883e-01
0.000000000000000000e+00
5.971835425371716521e-01
0.000000000000000000e+00
4.597780185604702363e-01
1.227829555427080443e-01
8.018327605956472315e-01
5.187040979596389129e-02
2.913875670598851941e-02
0.000000000000000000e+00
3.897360403844828958e-01
3.785823699914099838e-01
6.966838635033325566e-01
1.364488054089288416e-01
5.487741995626113090e-01
6.108512858652148658e-01
6.050096604853744120e-01
6.909280330720347224e-03
3.770074233515681161e-01
7.499237554895814561e-01
3.378543537639112292e-16
6.148762347798567562e-01
6.316048222400552081e-01
5.479248370375400246e-01
3.714374646557884740e-01
8.018327605956472315e-01
2.977927112570530332e-02
7.851344919018321544e-01
7.593018780190952111e-01
8.018327605956472315e-01
6.676971406641353246e-01
7.027524750231800565e-01
2.075545164159368575e-16
5.662837931921217427e-01
3.096678674168004252e-03
7.249009527646610440e-01
0.000000000000000000e+00
4.190268239140426676e-01
1.197220400352349279e-01
3.323977239990767996e-01
5.945804302252338802e-01
7.251532965095992544e-01
0.000000000000000000e+00
5.150146595589437659e-01
8.018327605956472315e-01
6.522151306531553949e-01
7.127121608433337752e-01
0.000000000000000000e+00
5.277680717720286685e-01
2.925068227253665998e-01
0.000000000000000000e+00
0.000000000000000000e+00
0.000000000000000000e+00
4.807551201165301547e-01
4.227930049909805477e-01
6.565038312531693565e-01
3.334261972729508638e-01
4.233662144347603018e-01
6.112621655915031482e-01
0.000000000000000000e+00
3.224390962627700641e-01
1.421402552155787424e-01
6.997966727032285394e-01
6.468542099905904008e-01
2.327341074053847492e-01
0.000000000000000000e+00
6.420215816945843423e-01
7.320743799552152653e-02
2.024816455931164050e-01
3.904497049012585208e-01
3.204261550882775977e-01
1.827616731191809007e-01
5.796679021538434506e-01
4.197156178551169070e-01
2.938454905548871232e-01
0.000000000000000000e+00
4.104072932681109287e-01
3.361259128889985126e-01
0.000000000000000000e+00
5.563201015157215323e-01
5.665891583049248448e-01
1.767711634077936619e-02
0.000000000000000000e+00
0.000000000000000000e+00
8.018327605956472315e-01
4.570605207799214309e-01
7.607032249823862946e-01
6.394097133763494423e-01
3.948352944342902182e-01
8.018327605956472315e-01
6.380424899682578532e-01
7.403136684821483016e-01
2.743527553379768169e-01
4.683529981148670251e-01
1.955982478197430263e-01
9.234451888115213780e-02
5.056315320430671001e-01
0.000000000000000000e+00
3.856946074622418785e-01
6.347201937649359360e-01
0.000000000000000000e+00
7.550061106397021327e-01
4.535575196841835632e-01
2.460514041335584434e-01
0.000000000000000000e+00
1.242321879214289791e-02
4.978958472337152719e-01
3.818893517804947124e-01
1.165541122097249749e-01
0.000000000000000000e+00
2.039121248584169210e-01
1.784376469869809745e-01
2.116658738907924164e-01
1.025967443305026011e-01
1.238195366580039786e-01
3.729645928110869590e-01
3.318181837265720691e-01
0.000000000000000000e+00
2.075838882541851671e-01
4.639635908277359722e-01
6.232194609070155211e-01
7.038467271610628906e-01
0.000000000000000000e+00
0.000000000000000000e+00
6.849804100240093341e-01
6.895572646693435281e-01
8.018327605956472315e-01
0.000000000000000000e+00
2.836957954921545122e-01
5.024392035532955214e-01
1.899915842314611469e-01
1.213070706708866547e-01
4.019755234110976572e-01
0.000000000000000000e+00
6.390369454105968572e-01
7.003619738431479114e-01
4.267459561716366867e-01
6.419545421769565774e-01
9.712792705702416596e-02
5.153542873779951572e-01
7.606760753890816629e-01
3.912737790548868611e-01
4.007967486184104700e-01
9.453014969394515910e-02
2.299281237103580067e-01
0.000000000000000000e+00
2.994239371365329805e-01
0.000000000000000000e+00
4.578232632436622929e-01
8.018327605956472315e-01
2.985704438524741655e-01
2.043790327658384365e-01
7.063128587480356981e-17
0.000000000000000000e+00
6.110783657966218918e-01
8.018327605956472315e-01
3.700717484909102906e-01
0.000000000000000000e+00
3.110798241968564803e-01
6.832495579078953218e-01
6.949451813126330743e-03
0.000000000000000000e+00
0.000000000000000000e+00
3.065592989895132292e-01
6.726412304192120883e-01
2.711644403068991238e-01
0.000000000000000000e+00
6.449525839880606570e-01
9.760116211007846538e-17
3.724407804396244193e-01
8.018327605956472315e-01
1.927153142231437244e-01
3.332244166562140508e-01
6.997062524987028853e-01
0.000000000000000000e+00
2.525293508591931325e-16
3.713346283240888113e-01
1.959141466047557567e-01
0.000000000000000000e+00
3.024130130860486210e-01
0.000000000000000000e+00
6.301651704427184697e-01
8.018327605956472315e-01
1.255797021594286468e-16
8.018327605956472315e-01
6.372013806540010039e-01
8.018327605956472315e-01
8.018327605956470094e-01
2.872218600843198799e-01
0.000000000000000000e+00
0.000000000000000000e+00
3.907142246306443134e-01
8.191330696394150124e-02
0.000000000000000000e+00
6.330174490831278478e-01
2.087533501734105401e-01
6.875977849388892338e-01
3.599624492395467334e-01
4.080346469712531898e-01
8.018327605956472315e-01
2.043573290888618943e-01
0.000000000000000000e+00
3.053678345485184020e-01
3.504004708869980500e-01
4.219876905011262225e-01
5.835162918900791418e-01
5.486032577068562510e-01
0.000000000000000000e+00
0.000000000000000000e+00
0.000000000000000000e+00
5.639527840027499517e-01
4.450423873365426664e-01
6.887646640307117929e-01
5.711199825660548957e-01
0.000000000000000000e+00
0.000000000000000000e+00
4.199187518958295007e-01
7.214944077335152528e-01
1.667452657794104010e-01
1.107150366178769746e-01
0.000000000000000000e+00
6.565603934454310453e-01
0.000000000000000000e+00
6.597602131232582767e-01
2.879169289097261997e-01
4.743923810521455953e-01
7.689146832037855317e-01
4.603666766119806075e-01
4.363737060203481399e-01
1.813150108158695928e-01
0.000000000000000000e+00
1.473325555722914890e-02
1.688136163786139454e-01
6.151491461709820419e-01
0.000000000000000000e+00
6.900034678235528185e-01
8.018327605956472315e-01
0.000000000000000000e+00
8.018327605956472315e-01
1.021921955537323096e-01
8.018327605956472315e-01
6.774735392408173240e-01
8.018327605956472315e-01
2.807771888050703546e-01
1.413781382583052249e-01
4.526622403865870892e-01
6.720042831892772961e-01
0.000000000000000000e+00
2.979977644347109322e-01
1.601769636759078075e-01
1.289506604668052593e-02
0.000000000000000000e+00
5.162328142767803607e-01
4.767131961783133143e-01
5.426289394024047530e-01
6.171733213381658256e-01
4.651050658871453414e-01
5.064173806564212788e-01
0.000000000000000000e+00
1.934428611061931591e-01
6.697141399017038366e-02
5.846506613093142013e-01
0.000000000000000000e+00
5.875000312063000400e-16
0.000000000000000000e+00
6.616818829241654099e-01
5.880295190614795997e-01
0.000000000000000000e+00
7.781845099138633148e-02
1.160153145129409619e-01
6.269311582681763584e-01
4.863193727327052018e-01
6.540986882928344626e-01
7.029183052221251726e-01
6.604042741681235285e-01
0.000000000000000000e+00
6.845062189304461642e-01
0.000000000000000000e+00
5.120235360253541090e-01
6.978522237491341373e-01
7.313278644336609347e-01
2.234610994641184900e-01
0.000000000000000000e+00
0.000000000000000000e+00
3.072468723349691677e-01
5.231200215472286974e-02
1.512380844728965223e-02
5.776060930344845135e-01
2.107483928694880992e-01
3.151650555218780680e-01
4.531297799042042218e-01
8.018327605956472315e-01
0.000000000000000000e+00
8.018327605956472315e-01
3.607677947369830607e-01
6.472954113157792788e-01
8.018327605956472315e-01
0.000000000000000000e+00
3.715114238134293312e-01
6.400484959499409543e-01
2.129364098181411591e-01
4.987762552292017704e-01
0.000000000000000000e+00
6.201782260938316638e-01
0.000000000000000000e+00
2.537737147752739952e-01
7.743496680892127948e-01
3.785974477564582052e-01
0.000000000000000000e+00
4.675373661801187075e-01
0.000000000000000000e+00
6.252571063600366186e-01
0.000000000000000000e+00
7.988008104141833821e-01
2.132834046449607890e-01
3.094920882541524199e-01
4.281196938560432597e-01
1.893245567236294946e-01
4.262047530106776727e-01
5.425878959521197586e-01
4.512932311587519729e-02
6.685758160378516557e-01
5.757574936984602357e-16
8.018327605956472315e-01
4.092455762445763034e-01
0.000000000000000000e+00
6.398410502462069660e-01
8.018327605956472315e-01
5.737978726388607287e-01
0.000000000000000000e+00
7.340590687266138614e-01
9.763522823140745321e-02
8.018327605956472315e-01
2.728302598558017822e-01
4.525822014004189930e-01
8.018327605956472315e-01
6.489346887726451518e-01
1.758637451542163499e-01
6.220912740922016626e-01
1.684159668977739943e-01
0.000000000000000000e+00
5.250668748803400954e-01
2.298829135103361843e-01
0.000000000000000000e+00
0.000000000000000000e+00
0.000000000000000000e+00
4.041910180327079605e-01
0.000000000000000000e+00
9.645452796141439984e-18
3.990938826424392238e-01
0.000000000000000000e+00
8.167538574810238265e-04
5.669559749335422172e-01
5.109744960305244721e-01
2.161684395383177137e-01
3.583715690262921916e-01
6.189239227878295946e-01
4.053027670148673378e-01
4.635379825170254375e-01
6.272894873396736015e-01
3.203837212369678999e-01
6.603194346163948625e-01
0.000000000000000000e+00
5.433656382675263602e-02
7.749835777665576853e-01
5.458952412198530002e-01
6.856254096523580754e-01
3.575608939329211200e-02
1.864126084266360117e-01
5.913419203279044467e-01
7.041326673431416161e-01
1.830941135863788372e-01
3.183219283124704146e-01
8.018327605956472315e-01
1.072641159533802846e-01
4.756684505882277092e-01
4.549938339160450873e-01
6.967205028591591520e-02
5.857060514174213806e-01
8.018327605956472315e-01
3.784371835666961448e-01
2.529682936363443768e-01
6.607434142377772712e-01
1.655105835172453743e-01
8.018327605956472315e-01
5.295342601295982926e-17
3.873071711079621449e-01
1.162389058151998777e-16
6.524257744759098809e-01
2.028889433979225720e-01
2.498580044189183114e-01
7.356597997598185446e-01
4.135922096754666155e-01
2.129247136177061239e-01
0.000000000000000000e+00
0.000000000000000000e+00
1.222280173012707666e-01
2.430114459465324561e-01
2.054655270123831867e-01
5.120079451266628112e-01
4.047206127867420955e-01
3.423529474534131589e-01
2.661049889941425120e-02
8.018327605956472315e-01
6.996336786151436948e-01
0.000000000000000000e+00
0.000000000000000000e+00
4.632906064006403479e-01
3.771055009503465061e-01
4.760327130728103651e-01
0.000000000000000000e+00
0.000000000000000000e+00
1.565177850810298144e-01
8.018327605956472315e-01
6.331102422515144657e-01
4.824941995967974573e-01
6.503543813033688670e-01
6.447278231318747110e-01
1.632488330512702202e-01
2.957334108920694482e-01
4.088819331701352144e-01
1.993921228659459310e-01
6.135376010735328345e-01
1.724068199973957660e-01
0.000000000000000000e+00
0.000000000000000000e+00
3.219986701126927309e-01
3.513943357149615365e-01
0.000000000000000000e+00
0.000000000000000000e+00
0.000000000000000000e+00
0.000000000000000000e+00
0.000000000000000000e+00
5.719308277370891425e-01
5.966735827022475736e-01
8.018327605956472315e-01
7.241621527290539317e-01
5.029250149866150155e-01
3.670548045541974225e-01
6.125180541675309120e-01
0.000000000000000000e+00
1.308005762099218872e-01
1.662409859172180593e-01
6.327422289112301090e-01
8.828195651375847497e-02
5.644145857518062526e-01
4.691784577659773303e-01
4.498406450116051447e-01
1.324786752628919761e-01
7.738531054597889147e-01
1.690050468416666729e-01
8.018327605956472315e-01
1.150191746298898504e-01
7.119884712986016551e-01
7.488634924871774290e-01
0.000000000000000000e+00
0.000000000000000000e+00
3.310856268666922397e-01
2.245556883688515915e-01
2.207389016949788951e-01
0.000000000000000000e+00
9.494533211242157933e-02
8.018327605956472315e-01
5.774150417843030292e-01
1.877104966603935360e-02
3.587719739062729118e-01
4.931314437536417628e-01
3.776632706582483956e-01
1.045695931418612612e-01
1.360883455162318068e-01
5.371701612170232121e-01
7.519643358679131140e-01
5.761392923388541920e-01
7.616064789000089874e-01
4.803153354692967780e-01
5.317930932152290513e-01
1.813296803396170498e-01
0.000000000000000000e+00
0.000000000000000000e+00
7.630665054347615106e-01
7.302653466522924797e-01
8.018327605956472315e-01
7.657048934198447121e-01
2.080982112182631627e-01
2.557240135931247438e-01
4.513034512502283602e-01
3.631274464341955888e-01
1.760954609632139900e-01
6.367221160436337124e-01
0.000000000000000000e+00
4.023867543373741418e-01
3.784551208391425114e-01
1.839871834921066318e-01
2.934405676375023142e-01
1.813436259928370986e-01
1.401348519662074243e-01
0.000000000000000000e+00
1.713028273571998716e-01
0.000000000000000000e+00
8.018327605956472315e-01
0.000000000000000000e+00
8.018327605956472315e-01
7.056807786670864224e-02
3.843763554596846821e-01
2.043573290890068339e-01
5.201009587600364803e-01
3.832328751787771326e-01
6.548403744838812157e-01
2.782148621549296874e-01
3.925152365052663184e-01
7.491629340071949139e-01
1.737362532506603330e-01
5.520389866164489012e-01
3.271419393406325149e-01
3.332428721657476611e-01
4.608598348537273903e-01
5.479351934512847189e-01
8.018327605956472315e-01
8.719312969849178641e-02
4.167056335113257237e-01
4.209738864901614308e-01
6.305517528776718450e-01
5.068459124337399979e-01
1.397375176029513610e-01
2.455427547516887965e-01
7.585282450246294550e-01
0.000000000000000000e+00
3.400987111658556605e-01
0.000000000000000000e+00
3.958411134597721870e-01
0.000000000000000000e+00
0.000000000000000000e+00
4.563918775432495578e-01
7.594461804748490197e-01
7.740610385629570489e-01
2.616926120723646054e-01
4.988053356208038136e-01
3.874135182346308270e-01
5.366317389967664164e-01
2.044609899899718641e-01
2.375225325122730657e-01
5.683708891016852061e-01
3.900963617774252379e-01
8.018327605956472315e-01
2.630642552882436203e-01
4.552176645143516387e-01
3.861007144178544293e-01
6.903362232174689028e-01
0.000000000000000000e+00
7.551594231805122126e-01
7.513307836955984698e-01
3.910591995037269175e-01
4.791144750304948685e-01
7.169716720657250963e-01
0.000000000000000000e+00
1.037701562777959691e-01
8.018327605956472315e-01
0.000000000000000000e+00
0.000000000000000000e+00
2.477200376798517345e-01
5.651928866917768080e-01
5.320312711007484374e-01
0.000000000000000000e+00
3.005127040983643916e-01
1.163442569541322941e-01
8.018327605956472315e-01
5.038428412874887963e-01
0.000000000000000000e+00
0.000000000000000000e+00
4.905429317041708204e-02
4.114641211923181774e-01
6.924751172264353993e-01
6.909298044025857788e-01
3.260159308193432137e-01
5.646665215610521260e-01
7.161836839668329624e-01
5.403762496748450994e-01
1.707940564451628229e-01
0.000000000000000000e+00
6.417449728502442330e-01
2.611096505835258097e-01
2.840378201030894778e-01
0.000000000000000000e+00
8.018327605956472315e-01
0.000000000000000000e+00
0.000000000000000000e+00
0.000000000000000000e+00
0.000000000000000000e+00
2.850317520106182556e-01
5.449703182836651560e-01
3.639080146652152181e-01
0.000000000000000000e+00
8.018327605956472315e-01
6.469230661403531091e-01
6.805835961890834840e-01
3.272204511132221771e-01
7.340924380987525755e-01
5.996760124550598592e-01
4.761694508214642796e-01
0.000000000000000000e+00
4.657745377930620490e-01
1.658994402601102480e-01
0.000000000000000000e+00
0.000000000000000000e+00
8.018327605956472315e-01
8.018327605956472315e-01
6.287353317726038227e-02
1.742314227912325209e-01
7.820873180456054952e-01
4.193757943856634141e-01
4.730434142246405238e-01
6.063372403961267976e-01
0.000000000000000000e+00
5.167170826196372246e-01
8.018327605956472315e-01
7.231455583513647367e-01
2.213346535849658736e-01
0.000000000000000000e+00
4.114641211921158948e-01
2.460544627251942396e-01
8.018327605956472315e-01
1.798207443067567357e-01
0.000000000000000000e+00
6.467415819675913502e-01
0.000000000000000000e+00
4.861250690018019127e-01
4.432860125893328673e-01
1.510003998509875933e-01
8.018327605956472315e-01
8.018327605956472315e-01
5.606992655333112863e-01
6.078600735222657869e-01
2.580479673157262330e-02
5.758639883468243958e-01
7.753484354385725696e-01
7.438032525257846084e-01
3.410378833873995430e-01
6.289717352418114915e-01
1.585269877479141276e-01
0.000000000000000000e+00
0.000000000000000000e+00
0.000000000000000000e+00
0.000000000000000000e+00
4.462781163207303892e-01
0.000000000000000000e+00
3.826641325036826968e-01
3.323633467340664782e-01
8.018327605956472315e-01
4.751308681004527967e-01
4.015942432914453852e-01
8.897842773393592475e-02
2.128333856223674214e-01
3.825993299008710880e-01
2.253270064084975932e-01
8.018327605956472315e-01
0.000000000000000000e+00
4.301774979126211096e-01
8.018327605956472315e-01
6.727897174709995820e-01
0.000000000000000000e+00
6.342173276658508163e-01
9.605289352659704405e-02
2.695854196287786331e-01
7.869109438220410757e-01
7.435349281997677418e-02
1.726066862153817494e-01
4.391520975289198159e-02
6.654637308396191830e-01
1.461865638397991385e-01
0.000000000000000000e+00
0.000000000000000000e+00
1.157750161219293372e-17
6.419929031021135435e-01
0.000000000000000000e+00
2.410342688019278812e-01
5.092374158072874302e-01
6.069001253800708762e-01
4.410826141632940289e-01
5.803649863241420181e-01
5.766986144268837315e-03
6.369421021781971337e-01
5.411224506311652638e-01
3.716371577073991350e-01
0.000000000000000000e+00
0.000000000000000000e+00
4.207139263552611815e-16
8.018327605956472315e-01
5.784346732891584297e-01
5.818657756863149233e-01
3.076806090947329375e-01
0.000000000000000000e+00
6.564122512476419091e-01
1.694163664715724049e-01
4.409987938653108785e-01
0.000000000000000000e+00
9.161593544413422496e-02
4.062760388500439857e-01
0.000000000000000000e+00
1.898981205824606111e-01
0.000000000000000000e+00
8.018327605956472315e-01
4.768437801724934588e-01
0.000000000000000000e+00
0.000000000000000000e+00
6.065069521135514341e-01
5.959901045323562352e-01
6.075692988070863221e-01
2.810231191274614737e-01
7.001391859044735211e-02
0.000000000000000000e+00
0.000000000000000000e+00
6.379381603056705208e-01
4.022943206081056045e-01
5.982177718744823292e-01
8.018327605956472315e-01
2.460578659297805171e-01
2.809719751992683853e-02
7.061718674319639177e-02
8.018327605956472315e-01
4.559219253766816360e-01
0.000000000000000000e+00
6.281561899807934779e-01
7.790297205603280428e-01
6.338990429442639130e-01
4.430802306911664212e-01
0.000000000000000000e+00
4.860328282876956729e-01
0.000000000000000000e+00
3.595031001096384293e-01
3.008884096658462348e-01
6.059696107685933475e-01
8.018327605956472315e-01
1.966470944813743515e-01
0.000000000000000000e+00
4.298956862161643633e-01
5.873771952495092652e-01
2.983558567267093342e-01
4.071383312982139180e-01
3.252926641952271769e-01
3.780070054712972860e-01
7.794323047305007357e-01
2.903917042397643686e-02
0.000000000000000000e+00
1.440935165979639332e-01
6.674239088430208300e-01
2.466689342601368629e-01
4.092353383902563868e-01
6.830500008003080881e-01
2.943192910756215302e-17
4.046939121294969022e-01
6.564422263444757988e-01
6.016083640928956422e-01
4.182757470980241754e-01
5.312999684009033219e-01
7.928546416349765424e-01
2.105600428894760789e-01
8.018327605956472315e-01
4.041492292740580528e-01
8.018327605956472315e-01
6.528028947944362059e-01
3.381333003559727213e-01
3.627596462475015104e-01
3.251726202592846171e-01
1.731397360851205935e-01
2.719158901573555109e-01
3.136013793249732839e-01
4.288143956491523023e-01
4.825087655354792227e-01
4.959782563263247929e-02
8.018327605956472315e-01
4.629980157055569312e-01
1.997971751156872311e-01
1.419823555329206566e-01
8.018327605956472315e-01
0.000000000000000000e+00
6.311394259937957996e-01
3.320490278651426208e-01
5.047646169501004421e-01
7.297248401157100384e-01
5.483727778572404787e-01
9.715994266523633738e-02
8.018327605956472315e-01
