1.366252170074409323e-16
2.487563020196522197e-15
4.497804481841159441e-01
0.000000000000000000e+00
3.747990872255856920e-01
3.603907294270868866e-01
3.148799603467814512e-01
4.546402812732663334e-01
2.500557964736950523e-02
0.000000000000000000e+00
4.875359193983495598e-01
5.524326352581435673e-01
1.618242960809367359e-01
3.488346248721057585e-01
5.727376861397478480e-01
0.000000000000000000e+00
3.106450502310657558e-01
2.717524970152442321e-01
3.023614623941709434e-01
5.000573212133211376e-01
0.000000000000000000e+00
5.727376861397476260e-01
5.727376861397479590e-01
0.000000000000000000e+00
3.095283766308757900e-01
3.926601254743448546e-16
4.039750136595792185e-01
5.727376861397479590e-01
3.124352579399902741e-01
5.727376861397479590e-01
4.088217499036336244e-01
0.000000000000000000e+00
4.204779816989252517e-01
5.727376861397476260e-01
4.957272855080212537e-01
1.329123801730426324e-01
1.740533861418853967e-01
4.003900632246925606e-01
3.793762533625675795e-16
0.000000000000000000e+00
4.023361770559983897e-01
2.567581381304491504e-16
6.283047298150164217e-02
4.905912959560334623e-16
5.708677574273147703e-01
2.161452047638750262e-01
5.675057402617739166e-01
4.471458522869527650e-16
2.717750017812263219e-01
2.007356539438745480e-01
5.727376861397479590e-01
1.710158854111135385e-01
2.300985638410976021e-16
5.727376861397479590e-01
5.077039623817354297e-01
3.111364925339067944e-01
9.345470889137611162e-17
5.204397062045560407e-01
3.757488826406628346e-02
5.727376861397478480e-01
0.000000000000000000e+00
2.217409768831085093e-01
1.401833163419156435e-16
1.960867365283470985e-16
3.341493309656622945e-01
7.786717671995498080e-02
0.000000000000000000e+00
5.727376861397477370e-01
2.025615091009688084e-16
2.834056960644943390e-01
5.019432137219460577e-01
0.000000000000000000e+00
5.778587791653612415e-03
5.727376861397479590e-01
5.727376861397479590e-01
3.269627677055864656e-01
5.727376861397479590e-01
5.582169487384376350e-01
4.568556723135973052e-01
5.727376861397475150e-01
5.727376861397478480e-01
1.042944242806928962e-01
2.606976210174103969e-01
2.086466544776818176e-16
0.000000000000000000e+00
5.727376861397445174e-01
5.727376861397479590e-01
2.359653978383151329e-01
4.926966613922105775e-01
5.727376861397478480e-01
3.274892871227325641e-01
2.306463411171165569e-16
5.727376861397479590e-01
0.000000000000000000e+00
2.785902927465113699e-01
3.041062024176474759e-16
5.185178427013487079e-01
0.000000000000000000e+00
2.950251077961500955e-16
1.208196110974378557e-16
1.235276011748857455e-01
2.229648072522152913e-01
5.521954104748262315e-01
1.819414399970804664e-16
3.290430578051465882e-01
6.231550404267099247e-02
4.168100955094439231e-01
2.873794190059728443e-16
1.224268010018588803e-16
5.727376861397475150e-01
4.027104602350766362e-17
2.941603837711899705e-01
5.727376861397476260e-01
4.999520366102943592e-01
0.000000000000000000e+00
5.727376861397479590e-01
2.325396199301043081e-16
5.727376861397472929e-01
3.652006639800817189e-01
5.727376861397479590e-01
3.117536430589381014e-01
4.512105134416379837e-01
9.495534143784308488e-17
2.035782131900896463e-01
1.067585776963794583e-16
5.132353376808476142e-01
1.320771385075848098e-17
3.849881161326366708e-01
4.493596796484491935e-16
4.539773723524739514e-16
2.231369443660224661e-01
5.727376861397479590e-01
0.000000000000000000e+00
5.080360510214310121e-01
5.727376861397479590e-01
5.385306633636436358e-01
4.485152409439400190e-01
1.894364921932257923e-16
4.208058833662338127e-01
0.000000000000000000e+00
1.260218432784387986e-15
1.685613419188060902e-01
0.000000000000000000e+00
4.388556875860993856e-01
4.356142569728221337e-01
2.590592205909867385e-01
2.521374626638032690e-01
2.484830307961678753e-01
1.228667310531784962e-01
1.173800733887931103e-01
2.684765463112934736e-01
4.800058264957030030e-02
5.180570793403009855e-01
1.639871124246598255e-01
1.593768439227309704e-16
0.000000000000000000e+00
5.664642903533477769e-01
0.000000000000000000e+00
6.959305023907208509e-02
1.048568037297613886e-01
0.000000000000000000e+00
1.514051226875220146e-01
5.727376861397479590e-01
1.883684518941497466e-01
0.000000000000000000e+00
2.958711056150940386e-16
9.139469381737494458e-02
1.946997613051174025e-02
3.715184973825980169e-16
2.745433161543505141e-01
4.568283150491348477e-01
0.000000000000000000e+00
0.000000000000000000e+00
1.312034067553309544e-16
1.095552138552256388e-01
1.477825016159629024e-01
5.727376861397479590e-01
4.486477992374462986e-01
1.067079914469525048e-01
5.727376861397477370e-01
4.160982298426687542e-01
5.727376861397478480e-01
2.717810960730093206e-01
3.451777595603707227e-01
2.022558991407126250e-01
1.687880590213888810e-01
2.840278016915560033e-01
3.938721214732350057e-16
1.276900395827933188e-01
3.539116252796900564e-01
4.208187046270417388e-16
5.727376861397479590e-01
3.497639577421015611e-01
2.598777622660430331e-01
6.027867948372373512e-16
1.760112148379590979e-16
3.651416901798491543e-01
3.313051155552115823e-01
1.334273557045160818e-01
0.000000000000000000e+00
0.000000000000000000e+00
0.000000000000000000e+00
8.918016352478607897e-03
0.000000000000000000e+00
1.478821780648061177e-16
3.459561275643848188e-01
0.000000000000000000e+00
3.888981769743242454e-16
0.000000000000000000e+00
3.788818450116582248e-01
4.903697825755143347e-01
5.727376861397474039e-01
2.115757243602240527e-16
3.107014261327738294e-16
4.874118355225416366e-01
5.290763869058621172e-01
5.727376861397470709e-01
0.000000000000000000e+00
0.000000000000000000e+00
2.703457628308288396e-01
2.614948109726880979e-02
1.738158941089417431e-01
3.084860897425416026e-01
0.000000000000000000e+00
4.354245512353774883e-01
4.348813320735410159e-01
2.666385363588401058e-01
5.727376861397479590e-01
0.000000000000000000e+00
2.936386379473375219e-01
5.727376861397478480e-01
1.636489497522721770e-01
1.586291549681546620e-01
2.032256163673616239e-16
1.717514857825815922e-01
9.303804125921495474e-17
0.000000000000000000e+00
0.000000000000000000e+00
2.264272597451842950e-01
5.727376861397472929e-01
6.584350286343641778e-02
1.878296025417401927e-01
4.362486170900012702e-16
0.000000000000000000e+00
3.578933608463419347e-01
5.727376861397479590e-01
9.613915014009539867e-17
1.400844234855662245e-16
2.209924344855755673e-01
5.624188920460563290e-01
7.691909557947957345e-17
5.362695114881912495e-16
5.476939142478595015e-16
9.884550373844158688e-02
5.727376861397479590e-01
0.000000000000000000e+00
1.874447711345035884e-16
5.727376861397478480e-01
0.000000000000000000e+00
5.472477920817012814e-02
5.727376861397476260e-01
0.000000000000000000e+00
1.865870527156880121e-01
4.079002563600812037e-01
0.000000000000000000e+00
3.338781264242719524e-16
1.711569085095304421e-01
4.948529464519020593e-03
0.000000000000000000e+00
7.473285519478166383e-02
0.000000000000000000e+00
2.353920558282354136e-01
5.727376861397479590e-01
0.000000000000000000e+00
5.727376861397471819e-01
3.391232137170483441e-01
5.727376861397479590e-01
5.727376861397457386e-01
1.127477832664257631e-16
0.000000000000000000e+00
2.127560079432931716e-16
3.226143839326554965e-16
3.688590505891433291e-16
2.655781304521564438e-16
5.727376861397478480e-01
5.088590451014915148e-17
4.413975012929687303e-01
1.632967480402184868e-01
2.063955522958375588e-01
5.727376861397476260e-01
1.878188805074870182e-01
3.601809486522137332e-16
0.000000000000000000e+00
2.340165120320092940e-01
0.000000000000000000e+00
3.537408089321560922e-01
2.301063625443179328e-01
4.662971241174521287e-16
8.619650732388014753e-17
0.000000000000000000e+00
3.518383103713130233e-01
2.850539999237864386e-01
5.727376861397479590e-01
2.089791798405160606e-01
7.095587874185236187e-17
0.000000000000000000e+00
3.123623404427410821e-01
5.727376861397479590e-01
6.295523797682965209e-18
7.114408548216567164e-16
2.350951090191305053e-16
5.477518434387813606e-01
7.050581947699723677e-17
4.604192958090807530e-01
0.000000000000000000e+00
3.116592530481392398e-01
3.819098353617167985e-01
3.840828300702431308e-01
1.786743479867217849e-02
1.739672748592029083e-01
0.000000000000000000e+00
1.442184306438766273e-01
1.393608941869137405e-16
5.600834739203887080e-01
0.000000000000000000e+00
5.438548687021536043e-01
5.727376861397475150e-01
3.402567771030792313e-17
5.474626109634874727e-01
5.112249701584093291e-17
5.727376861397470709e-01
4.000214592828671423e-01
5.727376861397478480e-01
3.537124888997586641e-16
0.000000000000000000e+00
3.438535902347459872e-01
2.982129187178355068e-01
0.000000000000000000e+00
1.083213837537597484e-16
1.993238785091557311e-16
0.000000000000000000e+00
8.505799995180770914e-17
3.620415651320024741e-01
2.159667324623177065e-01
1.245358547880774103e-01
5.727376861397478480e-01
1.596280648838851735e-01
2.377016252124128926e-01
0.000000000000000000e+00
1.127186168887542711e-16
1.740020633214050053e-02
3.988386590173881863e-01
5.811240914893338089e-16
2.124078602775623612e-16
2.908810484427592754e-17
2.368291684838518263e-01
4.374924393309302939e-01
1.205749684876174650e-16
6.071429668568040350e-17
2.796536874982865399e-16
5.727376861397479590e-01
3.967781705177536589e-01
4.730725443068396485e-01
5.154756738179825382e-01
5.662239902060399732e-01
1.046940084388178901e-16
5.727376861397470709e-01
2.177894221048378447e-16
4.357912641374234175e-01
4.758366797698316830e-01
5.727376861397479590e-01
4.158306301844324422e-17
0.000000000000000000e+00
7.630586889104770694e-17
3.487391723656915734e-16
2.130284633486859599e-16
0.000000000000000000e+00
5.180602455329975653e-01
9.507149334266284562e-17
9.801741818593320832e-02
5.727376861397478480e-01
5.727376861397476260e-01
0.000000000000000000e+00
5.727376861397476260e-01
0.000000000000000000e+00
5.727376861397479590e-01
5.727376861397479590e-01
6.217647409798971856e-17
3.054484259100754273e-01
4.603566613104357885e-01
3.885890801044862416e-17
5.727376861397477370e-01
0.000000000000000000e+00
3.590740379903610835e-01
2.386320999697313372e-01
0.000000000000000000e+00
5.568514390053722618e-01
1.881051947443351247e-01
0.000000000000000000e+00
2.169297533158310032e-01
1.111996270920839263e-16
3.042188712622011515e-01
0.000000000000000000e+00
5.727376861397478480e-01
2.287760833405481143e-16
0.000000000000000000e+00
2.347988627680098681e-02
4.564751740466010260e-02
6.515267774106209275e-02
3.074219407749362309e-01
0.000000000000000000e+00
4.153415412889108205e-01
2.271255159139170758e-16
5.727376861397479590e-01
3.785377766559825941e-01
0.000000000000000000e+00
5.062265585076922703e-01
5.715748319595309601e-01
4.676735646721579265e-01
2.347950939422156083e-16
4.357915778035250098e-01
0.000000000000000000e+00
5.727376861397478480e-01
6.229072552761783540e-18
3.146262317986498469e-01
5.727376861397479590e-01
4.216278433470203590e-01
2.599527616568137467e-01
2.303715699650169813e-01
1.894528702378746240e-16
2.724550713094491987e-17
1.641089013204638791e-01
0.000000000000000000e+00
6.127357398597540906e-16
1.138181223794147826e-16
1.761949550193278857e-17
1.252468795070614815e-01
9.316695038929940567e-17
5.691490054213212127e-16
5.303041092478927993e-02
9.353721925526005563e-17
0.000000000000000000e+00
4.347819398014736159e-01
5.195557159816203141e-01
1.656827179628067859e-01
2.085037630690670662e-01
5.243102437610991373e-01
9.347205158296882643e-02
2.033092430505145376e-01
3.674804496512598662e-01
9.193353674335440207e-02
5.727376861397478480e-01
0.000000000000000000e+00
1.273310265645459238e-01
5.643158211848718908e-01
4.823710110901628934e-01
5.727376861397478480e-01
0.000000000000000000e+00
0.000000000000000000e+00
3.410251509079896270e-01
5.270113691739216621e-01
3.131861729470168942e-01
9.432041805000665469e-02
5.727376861397457386e-01
5.883917389240698613e-18
3.209744296506374384e-01
3.132023741203334710e-01
3.771262362687037085e-17
3.114416365553487331e-01
5.727376861397479590e-01
2.679142183135348465e-01
3.700692132474055012e-18
5.727376861397478480e-01
5.727376861397475150e-01
4.005063528853219923e-01
4.647228965079373579e-17
3.549463871823341776e-01
0.000000000000000000e+00
5.727376861397477370e-01
1.100524141507313730e-01
2.187039602074311861e-01
5.262969987577211795e-01
1.207613607817169254e-01
3.022076752237525649e-16
1.181224836082234025e-01
2.407261444065525360e-19
9.296965097051158434e-17
6.452067205228688756e-17
1.490366410358282823e-01
3.958339188993494906e-01
3.599296910392228432e-01
1.020275487926521618e-01
1.017151788248154790e-16
5.727376861397479590e-01
5.727376861397479590e-01
0.000000000000000000e+00
2.284062910916657310e-16
2.928766661357308232e-01
1.934658591971189778e-01
2.742461367810891670e-01
1.642708130387228069e-16
0.000000000000000000e+00
2.109078530250099726e-02
5.727376861397479590e-01
5.727376861397479590e-01
4.875697703571267305e-01
5.727376861397477370e-01
5.727376861397475150e-01
3.484024897267919141e-02
0.000000000000000000e+00
0.000000000000000000e+00
0.000000000000000000e+00
3.776253929842940948e-01
0.000000000000000000e+00
0.000000000000000000e+00
4.477511903578630135e-16
2.686996571460814609e-01
2.356317700931826187e-01
0.000000000000000000e+00
3.653907858752700061e-17
1.849700827849699732e-16
4.170761744354574256e-16
0.000000000000000000e+00
3.600117975957737859e-01
1.828844548311727436e-01
5.609452261524591199e-01
5.080729834530940403e-01
4.073314916457694279e-01
4.386906538448491211e-01
2.350034407600223585e-01
3.569295430508303458e-17
0.000000000000000000e+00
3.214577140744936251e-02
4.116325486023987290e-01
3.214850008230925250e-16
5.086237118180034766e-01
1.734068183745908764e-01
2.020463680892590208e-01
2.715423250372086299e-17
3.445398618564758375e-01
1.344635687905882920e-17
5.727376861397475150e-01
4.430222725787264504e-01
3.148506578681991019e-01
5.727376861397478480e-01
1.082180357393376672e-16
1.290513725456601527e-16
3.474955080376170359e-17
1.335067598964058411e-01
1.106421813420157050e-16
0.000000000000000000e+00
1.850591564436194492e-01
5.727376861397478480e-01
3.544997334241550280e-01
8.245444582206988064e-17
1.957054797970149973e-01
4.672765764987624748e-01
2.216867528713407920e-01
1.267306850314123676e-15
0.000000000000000000e+00
2.437425105938970382e-01
5.727376861397479590e-01
4.710161958238605617e-01
5.727376861397479590e-01
9.763944131394707016e-02
2.542249730258915319e-01
1.739855085808007795e-01
1.133444942132258419e-16
0.000000000000000000e+00
3.682388607479041287e-01
4.734550506231018918e-01
5.727376861397474039e-01
5.727376861397478480e-01
2.760703948094775720e-02
3.276742760891983237e-16
1.005769393204148654e-01
4.020428938133716046e-01
0.000000000000000000e+00
4.193484198354905379e-01
0.000000000000000000e+00
2.937998917633958054e-02
1.658294181117959121e-01
1.804161652600126398e-01
2.252109376587262124e-01
1.739577231521702294e-01
0.000000000000000000e+00
1.434383872327839087e-16
2.974943202921671581e-01
0.000000000000000000e+00
5.727376861397472929e-01
0.000000000000000000e+00
5.727376861397477370e-01
2.184243562620089399e-16
0.000000000000000000e+00
1.878188503373078577e-01
2.090757719443178120e-01
1.818624944174772329e-01
4.402046281003015316e-01
8.765244029326842157e-02
2.687286615416368818e-01
5.727376861397479590e-01
0.000000000000000000e+00
3.876873044860331130e-01
1.476487896396533883e-01
1.865833000555358057e-01
2.348963901452250924e-01
5.727376861397479590e-01
5.727376861397478480e-01
3.135234110874143786e-16
2.888637286573748075e-01
5.012640409141835285e-01
3.638286480911616105e-01
3.860174665488561030e-01
4.173962897683730987e-16
2.036871711527931395e-01
5.727376861397476260e-01
1.792083777016732493e-01
3.086340408785677447e-02
0.000000000000000000e+00
2.258789932891475394e-01
1.886651881253172657e-16
5.147211478486758796e-17
2.121490271569272668e-01
4.917792854067272734e-01
5.727376861397479590e-01
1.907135988520564443e-02
4.073367190687749440e-01
1.717183393316329132e-01
3.253283310919899418e-01
1.887273749950785229e-01
1.417245043856729947e-01
2.657327314329709922e-01
2.847974353009188886e-01
5.727376861397472929e-01
5.608110833965715175e-17
1.738500139682733203e-02
4.405648512536292083e-01
4.849566021342641142e-01
1.499423387297857842e-16
5.099593278649040551e-01
3.011974126162507703e-01
1.434685564960714588e-01
2.068283210221148471e-01
5.727376861397478480e-01
0.000000000000000000e+00
0.000000000000000000e+00
5.727376861397476260e-01
0.000000000000000000e+00
0.000000000000000000e+00
8.722085804204015094e-03
3.915909238340530840e-01
3.885940877890440848e-01
4.208788026965371917e-18
5.629552562801447388e-17
5.289131420332485699e-03
5.727376861397479590e-01
1.095000348503644000e-01
0.000000000000000000e+00
5.434427340181455186e-17
6.899237195183532956e-02
4.047478671145867679e-01
4.987780068845359405e-01
5.330962795010408817e-01
1.719943370475654210e-01
9.054766880547353292e-02
5.727376861397479590e-01
5.300020421941457061e-01
0.000000000000000000e+00
6.164895426832015004e-17
5.235342213033807868e-01
1.142491367302176930e-01
3.121901522542278387e-03
0.000000000000000000e+00
5.727376861397479590e-01
7.110997675689074936e-17
0.000000000000000000e+00
3.804995081062077095e-02
0.000000000000000000e+00
3.143685608599208203e-01
3.711506070908806021e-01
7.368284933222304933e-02
2.310318173588105106e-16
5.727376861397479590e-01
5.727376861397479590e-01
5.727376861397479590e-01
1.462608639828560653e-01
5.049700820039431104e-01
1.996044188318945589e-01
1.730292216309169108e-17
2.241650376479891059e-17
1.896841505360944424e-01
1.540344795526259783e-16
0.000000000000000000e+00
0.000000000000000000e+00
5.727376861397477370e-01
5.727376861397479590e-01
4.536074464584449623e-17
1.105028778334961695e-17
5.727376861397477370e-01
3.101088852880722335e-01
3.218597182030745740e-01
4.324097643709792771e-01
9.817966477943928427e-17
4.176869407684675739e-01
5.727376861397479590e-01
4.585580082860815643e-01
1.437168496385665355e-17
0.000000000000000000e+00
4.047438918955801324e-01
9.837647196094795321e-02
5.727376861397476260e-01
1.892069140656090590e-16
0.000000000000000000e+00
5.108861609467240106e-01
1.238693216563068799e-16
2.721586250020974762e-01
2.877783164972210761e-01
1.870895697278966985e-01
5.727376861397475150e-01
5.246850001281987419e-01
3.843803335631577056e-01
4.339760190745138857e-01
0.000000000000000000e+00
5.727376861397478480e-01
5.150671455303365009e-01
5.727376861397479590e-01
1.233116817143026928e-01
3.087608429817182976e-01
1.441925440128304998e-16
1.196681917480921105e-16
1.097783340776839308e-16
0.000000000000000000e+00
0.000000000000000000e+00
1.804341508205505595e-01
1.239745124966716696e-16
2.750446275458603429e-01
1.257965338504065374e-16
5.727376861397479590e-01
1.003683664989121344e-01
4.585709940663580397e-01
0.000000000000000000e+00
6.388615219479241892e-18
3.333337869090914340e-01
5.372418855852010289e-01
5.727376861397479590e-01
5.901730899237057308e-17
1.614318684352152034e-01
5.236412475017543366e-01
4.269910664449735882e-01
1.687021090046429443e-16
5.102316140462078708e-01
4.063606856862064950e-17
3.227010945477111759e-01
5.727376861397478480e-01
0.000000000000000000e+00
5.762639039942642205e-02
2.377867091716248205e-17
5.012084685549693663e-01
2.133928808625939477e-01
0.000000000000000000e+00
1.203112175861791385e-16
2.620584956787015455e-16
2.894365711998176938e-01
0.000000000000000000e+00
0.000000000000000000e+00
5.376208513518504484e-01
4.789142390279484407e-01
3.823556685227786356e-01
5.265768217439356080e-01
0.000000000000000000e+00
4.978256935189047661e-01
2.168990967073277376e-01
0.000000000000000000e+00
1.958025360900070853e-16
2.501182961189131796e-16
0.000000000000000000e+00
5.727376861397479590e-01
3.610808283208585823e-01
4.625617757074345082e-01
1.134230345514775085e-01
0.000000000000000000e+00
2.246467637546607776e-01
2.610652766893177268e-01
2.234114311243186046e-01
0.000000000000000000e+00
0.000000000000000000e+00
1.589165294982711474e-01
4.548767678457984917e-18
4.751116551514912124e-16
0.000000000000000000e+00
4.460659322528938153e-01
1.105103449958524386e-01
0.000000000000000000e+00
3.615919959367183105e-17
3.794246500081644990e-01
3.577780361105180051e-01
2.286122502675704271e-01
7.580929641114957487e-17
0.000000000000000000e+00
3.087750442113282143e-17
0.000000000000000000e+00
5.727376861397477370e-01
2.023692646829552133e-01
4.255417715997483197e-01
5.727376861397476260e-01
2.598672816234479654e-01
0.000000000000000000e+00
1.739076571843355401e-01
5.727376861397476260e-01
2.458885459046002697e-01
0.000000000000000000e+00
4.764029438114189552e-01
5.727376861397477370e-01
4.208677022935024548e-01
2.719415406294045101e-01
2.296817947987979678e-18
4.287414620396687304e-01
5.854520000320335114e-03
3.162976595493051657e-01
1.365869029153654046e-01
2.863432982135362126e-01
5.727376861397478480e-01
0.000000000000000000e+00
1.231908906729714682e-16
6.944433601236439657e-02
3.682653392596821895e-01
3.529115929417213082e-01
1.399296891117304542e-01
1.712389218535882718e-01
2.562698424162774824e-01
5.095208174325189798e-01
6.931649792662072285e-17
0.000000000000000000e+00
0.000000000000000000e+00
5.321689810295539003e-01
0.000000000000000000e+00
3.785368217950861314e-01
5.727376861397478480e-01
0.000000000000000000e+00
3.599524553567958751e-01
3.249543226849058164e-01
3.559538599940841319e-01
3.956606977426818661e-01
3.648298495330868918e-01
5.727376861397477370e-01
0.000000000000000000e+00
4.960467183923965573e-01
1.905868826628816237e-01
5.727376861397478480e-01
4.733240596930567978e-01
0.000000000000000000e+00
2.060328136429570019e-16
4.089735063136088644e-17
1.034868901329370147e-16
4.480169297769474505e-17
1.766264586023856276e-01
2.605287343200802241e-01
1.740698829014715732e-01
3.738088238519479152e-16
5.727376861397479590e-01
2.451899682223377119e-01
2.235381240954826538e-17
1.691625162891437831e-16
5.727376861397479590e-01
5.372631426697626978e-17
5.727376861397478480e-01
4.076894014656124582e-02
3.625351126820408609e-01
3.444360488834773970e-01
5.227909621185671263e-01
3.865884618965482951e-16
5.727376861397479590e-01
