1.689341367337396780e-14
3.341984541762071242e-02
1.145475372279495946e-01
1.145475372279495946e-01
1.145475372279495946e-01
1.145475372278928622e-01
1.145475372278822040e-01
1.145475372279328996e-01
1.145475372279100568e-01
1.082135803677162916e-01
1.145475372278489667e-01
1.145475372279110698e-01
1.145475372279221860e-01
1.145475372279103898e-01
1.145475372278778187e-01
1.145475372279492199e-01
1.145475372279388532e-01
1.077882539603892825e-01
1.145475372279022297e-01
1.145475372279046167e-01
1.145475372279495946e-01
1.145475372278743215e-01
1.145475372278665638e-01
0.000000000000000000e+00
1.145475372279129572e-01
1.145475372279378956e-01
1.145475372279402826e-01
1.145475372278913911e-01
1.145475372278916271e-01
1.145475372279018550e-01
1.145475372279239623e-01
2.724964618744423958e-02
1.145475372279139287e-01
1.145475372278943471e-01
1.145475372279094739e-01
1.145475372279143034e-01
1.145475372279495946e-01
1.145475372278923487e-01
0.000000000000000000e+00
1.145475372279294163e-01
1.145475372278971227e-01
1.145475372279484566e-01
1.145475372279114029e-01
1.145475372279204512e-01
1.145475372278867837e-01
1.145475372278994264e-01
1.145475372278827175e-01
1.145475372279088494e-01
1.077891437484539278e-01
1.145475372279301240e-01
1.145475372278886433e-01
1.145475372279495946e-01
1.145475372279055742e-01
1.145475372278940834e-01
1.145475372278972892e-01
1.145475372279357029e-01
1.145475372279148030e-01
1.145475372278874082e-01
1.145475372279104037e-01
1.145475372278888099e-01
1.145475372279495946e-01
1.145475372279312898e-01
1.145475372279495946e-01
0.000000000000000000e+00
1.145475372279052412e-01
1.145475372279251003e-01
1.145475372279121801e-01
1.145475372279015358e-01
2.751395883979567292e-03
1.145475372278882964e-01
1.145475372279093906e-01
6.225913017621195755e-02
1.145475372279056436e-01
1.145475372279005088e-01
1.145475372278849380e-01
1.145475372279159687e-01
1.145475372278164511e-01
1.145475372279303738e-01
1.145475372279265297e-01
1.145475372278818571e-01
1.145475372278580567e-01
9.772949614181028477e-02
9.966207486050671083e-02
1.145475372279338849e-01
9.222194390778856721e-02
1.145475372279007586e-01
1.145475372278881576e-01
1.145475372279357862e-01
1.145475372278911691e-01
1.145475372278721010e-01
1.145475372278856874e-01
1.145475372279292636e-01
1.145475372278835918e-01
1.145475372279363274e-01
1.145475372279038673e-01
1.145475372279495946e-01
1.145475372278629694e-01
1.145475372279178006e-01
2.892222939353095504e-02
0.000000000000000000e+00
1.145475372279205206e-01
1.145475372279327886e-01
1.145475372278993431e-01
9.198191421857880579e-02
1.145475372279188969e-01
1.145475372279105425e-01
1.145475372278987880e-01
1.145475372279495946e-01
1.145475372279448206e-01
1.145475372278990933e-01
0.000000000000000000e+00
1.145475372279137899e-01
1.145475372278802195e-01
1.145475372279079751e-01
1.145475372279349396e-01
1.145475372279284865e-01
1.145475372279369936e-01
1.145475372279048526e-01
1.145475372279084469e-01
1.145475372278926679e-01
1.145475372279110143e-01
1.145475372279004950e-01
1.530839514167501214e-14
1.145475372279021881e-01
1.145475372279495946e-01
1.145475372278935283e-01
1.145475372279287501e-01
1.145475372279294024e-01
6.900322342916807850e-02
1.145475372279495946e-01
1.145475372279370074e-01
1.145475372279017162e-01
1.145475372279495946e-01
1.145475372279157605e-01
1.145475372278886156e-01
1.145475372279042697e-01
1.145475372279074894e-01
1.145475372279142201e-01
1.145475372279263493e-01
1.145475372279320669e-01
4.581130558062434013e-15
1.145475372278902532e-01
1.145475372279495946e-01
1.145475372279124437e-01
1.145475372279422255e-01
1.145475372278887544e-01
1.145475372279323029e-01
1.145475372279052273e-01
1.145475372279359666e-01
1.145475372279166071e-01
1.145475372278929316e-01
8.066639899719921236e-02
1.145475372278935977e-01
1.145475372278976639e-01
1.015968013160762906e-01
0.000000000000000000e+00
1.145475372279033816e-01
2.188362732943190808e-02
1.145475372279230047e-01
1.145475372279198406e-01
1.145475372279042003e-01
9.807093752908947748e-02
1.145475372279179810e-01
1.145475372279224496e-01
1.145475372279107090e-01
1.145475372279448067e-01
1.145475372279284032e-01
1.145475372279283616e-01
0.000000000000000000e+00
1.145475372279405324e-01
1.145475372279327747e-01
3.500467550028698444e-02
1.145475372279495946e-01
7.411053241351300835e-02
1.145475372278922516e-01
1.145475372279377846e-01
1.145475372279005088e-01
1.145475372279237403e-01
1.145475372279129156e-01
1.145475372278861592e-01
1.145475372279056020e-01
1.145475372278914189e-01
1.077882539603752798e-01
1.145475372278949161e-01
6.801913682955507134e-02
1.145475372279408377e-01
1.145475372278902532e-01
1.145475372279025905e-01
1.145475372279203402e-01
1.145475372279290971e-01
3.130854772425602922e-02
1.145475372278898507e-01
1.145475372279276954e-01
9.969692953518428935e-02
1.145475372279392001e-01
1.007532169757798246e-01
1.145475372279196602e-01
1.145475372279092241e-01
7.555635023170943765e-02
1.145475372279495946e-01
1.145475372279320392e-01
1.145475372279400467e-01
1.145475372279495946e-01
1.145475372279027709e-01
1.145475372279288750e-01
1.144915595957653326e-01
1.145475372278958182e-01
1.145475372279495946e-01
1.066655806206707607e-01
1.145475372279152332e-01
1.145475372278967202e-01
1.145475372279287501e-01
1.145475372279495946e-01
1.145475372279495946e-01
1.145475372279053106e-01
1.145475372278971227e-01
1.145475372278881715e-01
0.000000000000000000e+00
1.145475372279046722e-01
1.145475372279100429e-01
1.145475372279350923e-01
1.145475372278936116e-01
1.145475372279234766e-01
1.145475372279495946e-01
1.145475372279179671e-01
1.145475372279005366e-01
1.145475372279276122e-01
1.145475372279491644e-01
7.280464836155648573e-03
1.145475372279386589e-01
1.145475372278913495e-01
1.089596276919373302e-01
1.145475372279178422e-01
1.145475372279125270e-01
1.072070258691712324e-01
1.145475372279495946e-01
1.110668508393373999e-01
1.145475372279312759e-01
1.145475372279040477e-01
1.145475372278518394e-01
1.145475372279136927e-01
8.050884806991873144e-02
2.827376654243247720e-15
9.120126523105617083e-03
1.145475372279164683e-01
1.145475372279055326e-01
1.145475372279495946e-01
1.145475372279495946e-01
1.145475372279426973e-01
1.145475372279001619e-01
1.145475372279495946e-01
5.564004709447716024e-02
1.145475372279495946e-01
1.145475372279150944e-01
1.145475372278878107e-01
1.145475372279313869e-01
0.000000000000000000e+00
1.145475372279006893e-01
3.015258965985306155e-02
1.145475372279338572e-01
1.145475372278886295e-01
1.133699071633352401e-01
1.145475372279194382e-01
1.145475372279415732e-01
1.145475372279495946e-01
1.145475372279435577e-01
1.145475372279495946e-01
1.145475372279234350e-01
0.000000000000000000e+00
1.145475372279316506e-01
2.662528705347087798e-02
1.145475372278842718e-01
1.145475372278917520e-01
4.704500497815021479e-15
1.145475372278255133e-01
1.145475372279164544e-01
1.145475372278993154e-01
1.145475372279339127e-01
1.145475372279132764e-01
1.145475372279495946e-01
1.145475372279431969e-01
1.145475372279495946e-01
1.145475372279467774e-01
8.142914733281536588e-02
1.145475372278690063e-01
1.145475372279495946e-01
1.145475372278918769e-01
1.145475372279058102e-01
1.145475372279378262e-01
1.145475372278997872e-01
8.050847871564467684e-02
1.145475372279342319e-01
1.145475372279127074e-01
1.145475372279155801e-01
1.145475372279495946e-01
1.145475372278714904e-01
1.145475372279365217e-01
0.000000000000000000e+00
1.145475372279390613e-01
1.145475372279495946e-01
1.145475372279145532e-01
1.145475372279135678e-01
1.145475372279031873e-01
1.145475372278886711e-01
1.145475372279495946e-01
1.145475372279456533e-01
1.145475372279495946e-01
1.145475372278815795e-01
8.005497687470088108e-02
1.145475372279259885e-01
0.000000000000000000e+00
1.145475372279147058e-01
0.000000000000000000e+00
1.145475372279146503e-01
1.145475372279144560e-01
1.145475372279199933e-01
1.145475372279015774e-01
1.145475372279203680e-01
1.145475372279310677e-01
6.909125745837564614e-02
0.000000000000000000e+00
1.145475372279474158e-01
1.145475372279279591e-01
1.145475372279046861e-01
2.267384843113598794e-02
1.145475372279084053e-01
1.145475372278991072e-01
1.145475372279182030e-01
1.145475372278854098e-01
8.539604060197651669e-02
1.145475372278952630e-01
1.145475372279000925e-01
1.145475372278598192e-01
1.145475372279265991e-01
8.837038628116566930e-02
1.145475372279146087e-01
1.145475372279074200e-01
0.000000000000000000e+00
1.145475372279345649e-01
8.881408572044555139e-02
1.145475372279367576e-01
1.145475372279297632e-01
1.145475372279058240e-01
1.145475372279300685e-01
1.145475372279495946e-01
1.145475372279152054e-01
1.145475372279276260e-01
1.145475372279231852e-01
9.151492602996660897e-02
1.068472992037506064e-01
1.145475372279354948e-01
1.145475372279061155e-01
1.145475372279021187e-01
1.145475372279434467e-01
0.000000000000000000e+00
1.145475372278738219e-01
1.145475372278953463e-01
2.937510086179704813e-02
8.356981754350237268e-02
1.204767408761914238e-02
1.145475372278902809e-01
1.145475372279151638e-01
1.145475372279043808e-01
1.145475372278997456e-01
1.145475372279361748e-01
4.161837442777148455e-02
1.145475372279146781e-01
0.000000000000000000e+00
1.145475372278953879e-01
1.145475372278987741e-01
1.145475372278989268e-01
1.119793514101240645e-01
0.000000000000000000e+00
1.145475372279283338e-01
1.145475372279313592e-01
5.800096054514707056e-02
4.416169220041833710e-02
1.145475372279087939e-01
1.145475372279271958e-01
1.145475372279088216e-01
1.145475372279165654e-01
1.145475372278920156e-01
1.145475372279495946e-01
1.145475372278766113e-01
1.145475372279105425e-01
1.145475372279196047e-01
1.145475372278996901e-01
0.000000000000000000e+00
1.145475372279319004e-01
1.145475372279013276e-01
1.145475372279227549e-01
1.145475372279146642e-01
0.000000000000000000e+00
1.145475372279181059e-01
7.377850935075049021e-02
1.145475372279388671e-01
1.145475372278886850e-01
1.145475372279256138e-01
0.000000000000000000e+00
1.145475372279153997e-01
8.013563461247043621e-03
1.145475372279041726e-01
1.145475372279480958e-01
1.145475372278836057e-01
1.145475372279376874e-01
1.145475372279045750e-01
1.145475372279178145e-01
6.263211516013379720e-02
1.145475372279169957e-01
1.145475372279048804e-01
1.145475372279237541e-01
1.145475372279089327e-01
1.145475372279135262e-01
1.145475372278879495e-01
1.145475372279091686e-01
1.145475372279495946e-01
1.145475372279044224e-01
1.145475372278879633e-01
1.145475372279020354e-01
1.145475372279495946e-01
1.145475372279409071e-01
9.476837364642540229e-02
1.145475372278814408e-01
1.145475372279130544e-01
1.145475372279238929e-01
1.145475372278950410e-01
1.145475372279056020e-01
1.145475372279112919e-01
1.145475372279043530e-01
1.145475372279434606e-01
2.231305011806233515e-02
1.145475372279043530e-01
1.145475372279348286e-01
1.145475372279127491e-01
1.145475372279430720e-01
1.145475372279495946e-01
1.145475372279394083e-01
1.145475372279495946e-01
7.679662751373640683e-02
1.145475372279185639e-01
1.145475372279495946e-01
6.660552606399089415e-02
1.145475372279226162e-01
1.145475372279188137e-01
1.145475372279120413e-01
1.145475372279394638e-01
1.145475372279216864e-01
1.145475372279333159e-01
1.145475372279358972e-01
1.145475372279085857e-01
1.145475372279278758e-01
1.145475372279008697e-01
1.145475372279299436e-01
1.145475372279442239e-01
1.145475372278840220e-01
1.145475372278963316e-01
1.145475372278721288e-01
1.145475372279495946e-01
1.145475372279320531e-01
1.145475372279112641e-01
1.145475372278965120e-01
1.145475372279128323e-01
1.145475372279442933e-01
1.145475372277706544e-01
1.145475372279206872e-01
1.145475372279125548e-01
1.145475372279160797e-01
1.145475372279281256e-01
1.145475372279129295e-01
1.145475372278676601e-01
1.145475372279112364e-01
5.608520681808139285e-02
1.145475372279021881e-01
1.145475372278925985e-01
1.145475372278766113e-01
0.000000000000000000e+00
1.145475372279349396e-01
1.145475372279268905e-01
1.145475372279001480e-01
1.025149748960361012e-01
1.145475372279495946e-01
1.145475372278614706e-01
1.145475372279357862e-01
1.145475372279495946e-01
1.145475372279001064e-01
1.089747341210664529e-14
2.536554588017299675e-02
1.145475372279285281e-01
1.145475372278946108e-01
1.145475372279207288e-01
1.145475372279140536e-01
1.145475372278978721e-01
3.928189720492368531e-02
1.145475372279039089e-01
1.145475372279087661e-01
2.728044474372894393e-02
1.145475372278975112e-01
1.145475372279204374e-01
1.145475372279229909e-01
1.145475372278880882e-01
5.456469550975073107e-02
1.145475372279231990e-01
1.145475372279055187e-01
1.145475372278104004e-01
1.145475372278781240e-01
1.145475372279192439e-01
1.145475372278991072e-01
1.145475372279175508e-01
9.485398923481118405e-02
1.145475372279495946e-01
1.145475372279350507e-01
5.288052997029541596e-02
1.145475372279295134e-01
1.145475372279451537e-01
0.000000000000000000e+00
1.145475372279495946e-01
1.145475372279291387e-01
1.145475372279222831e-01
3.359125007744151459e-02
0.000000000000000000e+00
1.145475372279374654e-01
9.480902201145882668e-02
1.145475372279495946e-01
1.145475372279238652e-01
1.145475372279174398e-01
1.145475372278661891e-01
1.145475372278954712e-01
1.145475372279344956e-01
1.145475372279234072e-01
1.145475372278976778e-01
8.505398726375563989e-02
1.145475372279284587e-01
1.145475372279327747e-01
1.145475372279198545e-01
1.145475372279254750e-01
1.145475372279124437e-01
1.145475372279218668e-01
1.145475372279245729e-01
1.145475372279495946e-01
1.145475372278950549e-01
1.145475372279495946e-01
1.145475372278886156e-01
1.145475372279495946e-01
1.145475372278897258e-01
1.145475372278842024e-01
5.554054509031208092e-02
0.000000000000000000e+00
1.145475372279131099e-01
1.145475372279273069e-01
1.145475372279241566e-01
1.145475372279495946e-01
1.145475372279241288e-01
1.145475372278992737e-01
1.145475372279322751e-01
4.172771504798966635e-02
1.145475372279495946e-01
1.145475372279188137e-01
1.145475372279194104e-01
1.145475372279323445e-01
1.145475372279290416e-01
1.145475372279066428e-01
1.145475372278987602e-01
1.145475372278882548e-01
1.145475372278828008e-01
1.145475372279279591e-01
1.145475372279098208e-01
6.909322786815211281e-02
1.442927353707011348e-02
1.145475372279495946e-01
1.145475372279118748e-01
1.145475372279155662e-01
1.145475372278943887e-01
1.145475372278958182e-01
1.145475372278972337e-01
1.145475372279081971e-01
1.145475372279202014e-01
1.059070299538420190e-01
7.003328860735134886e-02
1.145475372279074616e-01
5.011852277448076987e-02
1.145475372279250864e-01
1.145475372279148168e-01
6.934988913334634575e-02
1.143478681093411942e-01
6.909322786824301232e-02
1.076268709102381343e-01
1.992370566135845996e-14
7.335060030206883019e-02
3.187996134125606496e-17
1.145475372278925569e-01
1.145475372279410181e-01
1.145475372278808718e-01
1.013135274440483957e-01
1.145475372279118609e-01
8.050847871559289881e-02
1.145475372279495946e-01
1.145475372279495946e-01
1.145475372279003701e-01
1.145475372279203541e-01
1.145475372279270987e-01
1.145475372279061016e-01
1.145475372279214088e-01
1.145475372279328302e-01
1.145475372279263493e-01
1.145475372279173842e-01
1.145475372279376181e-01
1.145475372279141507e-01
1.145475372279144838e-01
9.791890940040240410e-02
1.145475372279090298e-01
1.145475372279416842e-01
1.145475372279026322e-01
1.145475372279230186e-01
1.145475372279495946e-01
5.771818586470248841e-02
1.145475372278945136e-01
1.145475372279071563e-01
1.145475372279323445e-01
1.145475372279384785e-01
1.145475372279291387e-01
9.944121160032363960e-02
7.851771515917743693e-02
1.145475372279134707e-01
1.145475372279104176e-01
1.145475372278944304e-01
1.145475372279215476e-01
1.145475372279145254e-01
1.145475372279296383e-01
1.145475372279203541e-01
8.051304302509124100e-02
1.145475372279371878e-01
1.145475372279143172e-01
1.145475372279281673e-01
1.145475372278998705e-01
1.127332853471994523e-01
1.145475372278926124e-01
1.145475372279062820e-01
1.145475372279393944e-01
1.145475372279196741e-01
1.145475372278958182e-01
1.145475372278922238e-01
1.145475372279119441e-01
1.145475372279281256e-01
1.145475372278989823e-01
1.145475372279234766e-01
1.145475372279485676e-01
1.145475372278738357e-01
1.145475372279495946e-01
0.000000000000000000e+00
1.145475372279265852e-01
1.145475372279147891e-01
1.145475372279049497e-01
1.145475372279495946e-01
1.145475372279347731e-01
1.145475372279495946e-01
1.145475372278939724e-01
1.145475372278993709e-01
1.145475372279333298e-01
0.000000000000000000e+00
1.145475372279098208e-01
1.145475372279120829e-01
1.145475372279009391e-01
1.145475372279011611e-01
1.145475372279180504e-01
1.145475372278971643e-01
1.145475372278948883e-01
1.145475372278956239e-01
1.005325314700696721e-01
2.438142249492730768e-14
1.145475372279091825e-01
1.145475372279402965e-01
1.090285714435728498e-01
4.969565528130481802e-02
1.145475372278830367e-01
2.819841900284203451e-02
1.145475372279415038e-01
1.145475372279228243e-01
7.161370166307389970e-03
1.145475372279334686e-01
1.145475372279111809e-01
1.145475372279358417e-01
8.840710025693676588e-02
1.145475372278704496e-01
1.145475372279066290e-01
1.145475372279096682e-01
1.145475372279268489e-01
1.145475372278878246e-01
1.145475372278998705e-01
1.145475372279432941e-01
0.000000000000000000e+00
1.145475372279110976e-01
8.714542493694747705e-02
1.145475372279495946e-01
1.145475372279357584e-01
1.145475372278446785e-01
1.145475372278648152e-01
1.145475372279353560e-01
1.145475372279190635e-01
1.145475372278948606e-01
1.145475372279273901e-01
1.145475372279495946e-01
1.145475372279090298e-01
1.145475372279092519e-01
1.145475372279228798e-01
1.145475372279146364e-01
1.145475372278965953e-01
1.145475372279341209e-01
1.145475372279495946e-01
1.145475372279126658e-01
8.373602372858694742e-02
1.145475372278686593e-01
6.553168531085207249e-02
1.145475372278968312e-01
1.145475372279151638e-01
1.145475372279495946e-01
1.145475372279095433e-01
1.145475372279133180e-01
1.145475372278948467e-01
1.145475372279384924e-01
1.145475372279129989e-01
1.145475372279230880e-01
1.145475372279100013e-01
1.001742675267431326e-01
1.145475372279031873e-01
1.145475372279246146e-01
1.145475372279000231e-01
1.145475372279342180e-01
1.145475372278956655e-01
9.662838932505463108e-02
0.000000000000000000e+00
5.692330505597487794e-02
1.145475372279495946e-01
1.145475372279194798e-01
1.145475372279206039e-01
5.032718614780039984e-02
1.145475372279320808e-01
1.145475372279263770e-01
1.145475372278941251e-01
1.145475372278973863e-01
1.145475372279410597e-01
1.145475372279225884e-01
1.145475372279355641e-01
1.145475372279149279e-01
1.145475372279206594e-01
1.145475372279016330e-01
1.145475372279495946e-01
6.314468317135618625e-02
1.145475372278822596e-01
1.145475372278988296e-01
1.145475372279495946e-01
1.145475372278900866e-01
1.145475372279046861e-01
1.145475372279419202e-01
1.145475372278937642e-01
8.825862743649499909e-02
3.423092354524186892e-02
1.145475372279328163e-01
1.145475372278985798e-01
1.145475372278908360e-01
0.000000000000000000e+00
3.018657454081030858e-14
1.074642829430531576e-01
1.145475372278964427e-01
0.000000000000000000e+00
1.145475372279267656e-01
1.145475372279495946e-01
1.145475372279168153e-01
1.145475372279495946e-01
1.145475372279053106e-01
9.783265548381891996e-02
1.145475372279031318e-01
1.145475372278821902e-01
1.145475372279149556e-01
1.145475372279495946e-01
3.887025782451154765e-02
1.736187020988556843e-14
1.145475372278727810e-01
1.145475372279220888e-01
1.145475372279066567e-01
1.145475372279246284e-01
1.145475372279495946e-01
1.145475372279177589e-01
1.145475372279153164e-01
1.145475372279157050e-01
0.000000000000000000e+00
1.145475372279326776e-01
1.145475372279256832e-01
1.264048372187206830e-02
5.951271722110650086e-02
0.000000000000000000e+00
1.145475372278655646e-01
1.145475372279227827e-01
1.145475372279304571e-01
7.274219168256181034e-02
1.145475372279144144e-01
1.145475372278947218e-01
1.145475372279495946e-01
1.145475372279495946e-01
1.145475372279211035e-01
1.064992661786057226e-01
0.000000000000000000e+00
1.145475372279056991e-01
1.145475372279209231e-01
1.145475372279066012e-01
1.145475372279000648e-01
9.969692953517698963e-02
8.828895286024149303e-02
7.780210932663046697e-02
1.145475372278952353e-01
1.145475372279188830e-01
0.000000000000000000e+00
1.145475372279159687e-01
1.145475372279151222e-01
1.145475372279013693e-01
1.145475372279141785e-01
3.706625527597150888e-02
1.145475372279333853e-01
1.145475372279174953e-01
1.145475372279350229e-01
1.145475372279288057e-01
1.145475372279142201e-01
1.145475372278863535e-01
6.589395569559182431e-02
1.145475372279156356e-01
1.145475372279266824e-01
1.145475372279247672e-01
1.145475372279398663e-01
1.145475372279090159e-01
1.145475372279162740e-01
1.145475372279402271e-01
1.145475372279129572e-01
2.108049084321769739e-02
1.145475372279495946e-01
1.145475372279450982e-01
1.145475372279110421e-01
1.145475372279077392e-01
1.145475372279136234e-01
1.145475372278785126e-01
1.053598200467467860e-14
1.145475372279098070e-01
1.145475372279103760e-01
1.145475372279141368e-01
1.145475372279192300e-01
1.145475372279342874e-01
1.145475372278933895e-01
1.145475372279293608e-01
1.145475372279058379e-01
1.145475372279218390e-01
1.145475372278947773e-01
1.145475372279132625e-01
1.145475372279246562e-01
1.145475372279345927e-01
1.145475372279388532e-01
1.145475372279213117e-01
1.145475372279084608e-01
1.145475372279495946e-01
1.145475372279337739e-01
1.145475372279251142e-01
1.145475372279265575e-01
1.145475372278717818e-01
1.145475372279252252e-01
1.060902362331790777e-01
1.145475372279287501e-01
1.145475372278799836e-01
1.145475372279495946e-01
1.145475372278705189e-01
1.145475372279206178e-01
1.145475372279226717e-01
1.145475372278973308e-01
1.145475372279150389e-01
1.145475372279332327e-01
1.145475372279033399e-01
