0.000000000000000000e+00
0.000000000000000000e+00
1.145475372279495946e-01
1.145475372278830228e-01
1.145475372279474019e-01
1.145475372279495946e-01
1.145475372279495946e-01
1.145475372279495946e-01
3.383334545536197113e-02
8.714866163267040444e-02
1.145475372279495946e-01
1.145475372279495946e-01
1.145475372279495946e-01
1.145475372279495946e-01
1.145475372279495946e-01
1.145475372279179810e-01
1.145475372279495946e-01
1.145475372279495946e-01
1.145475372279495946e-01
1.145475372279495946e-01
1.145475372279163434e-01
1.145475372279495946e-01
1.145475372279495946e-01
4.005831334106031672e-16
1.145475372279495946e-01
1.145475372279315951e-01
1.145475372279495946e-01
1.145475372279495946e-01
1.145475372279495946e-01
1.145475372279495946e-01
1.145475372279495946e-01
1.145475372279465553e-01
1.145475372279452786e-01
1.145475372279495946e-01
1.145475372279495946e-01
1.145475372279495946e-01
1.145475372279057685e-01
1.145475372279495946e-01
4.611589780436256350e-15
1.145475372279495946e-01
1.145475372279495946e-01
1.145475372279380483e-01
1.145475372279495946e-01
1.145475372279495946e-01
1.145475372279495946e-01
1.145475372279495946e-01
1.145475372279495946e-01
1.145475372279495946e-01
1.145475372279495946e-01
1.145475372279460419e-01
1.145475372279495946e-01
1.145475372279420173e-01
1.145475372279495946e-01
1.145475372279495946e-01
1.145475372279495946e-01
1.145475372279485538e-01
1.145475372279495946e-01
1.145475372279495946e-01
1.145475372279495946e-01
1.145475372279495946e-01
1.145475372279283061e-01
1.145475372279495946e-01
1.145475372279132070e-01
9.108546161485259393e-15
1.145475372279495946e-01
1.145475372279495946e-01
1.145475372279495946e-01
1.145475372279495946e-01
6.261474350183798832e-02
1.145475372279495946e-01
1.145475372279495946e-01
7.015985338705590377e-15
1.145475372279495946e-01
1.145475372279495946e-01
1.145475372279495946e-01
1.145475372279495946e-01
1.145475372279495946e-01
1.145475372279495946e-01
1.145475372279495946e-01
1.145475372279495946e-01
1.145475372279495946e-01
1.145475372279495946e-01
1.145475372279495946e-01
1.145475372279492893e-01
1.727403401591953300e-14
1.145475372279495946e-01
1.145475372279495946e-01
1.145475372279413512e-01
1.145475372279495946e-01
1.145475372279495946e-01
1.145475372279495946e-01
1.145475372279495946e-01
1.145475372279495946e-01
1.145475372279495946e-01
1.145475372279495946e-01
1.145475372279393250e-01
1.145475372279495946e-01
1.145475372279495946e-01
5.204467454813408764e-15
1.966644393730854486e-14
1.145475372279495946e-01
1.145475372279495946e-01
1.145475372279495946e-01
9.631654119953993176e-02
1.145475372279495946e-01
1.145475372279495946e-01
1.145475372279495946e-01
1.145475372279299991e-01
1.145475372279469300e-01
1.145475372279495946e-01
7.197710265531831006e-15
1.145475372279495946e-01
1.145475372279495946e-01
1.145475372279495946e-01
1.042966922368468857e-01
1.145475372279495946e-01
1.145475372279460696e-01
1.145475372279495946e-01
1.145475372279495946e-01
1.145475372279495946e-01
1.145475372279495946e-01
1.145475372279495946e-01
0.000000000000000000e+00
1.145475372279495946e-01
1.145475372279287085e-01
1.145475372279495946e-01
1.145475372279475823e-01
1.145475372279495946e-01
1.065628002848483108e-01
1.145475372279218390e-01
1.145475372279333853e-01
1.145475372279495946e-01
1.145475372279358833e-01
1.145475372279495946e-01
1.145475372279495946e-01
1.145475372279495946e-01
1.145475372279495946e-01
1.145475372279495946e-01
1.145475372279495946e-01
1.082191847006316043e-01
6.834024508768817430e-15
1.145475372279495946e-01
1.145475372279167042e-01
1.145475372279495946e-01
1.145475372279495946e-01
1.145475372279495946e-01
1.145475372279495946e-01
1.145475372279495946e-01
1.145475372279341486e-01
1.145475372279495946e-01
1.145475372279495946e-01
4.579624658257472856e-03
1.145475372279495946e-01
1.145475372279495946e-01
3.825683657938187127e-02
1.022755133632951704e-14
1.145475372279495946e-01
0.000000000000000000e+00
1.145475372279495946e-01
1.145475372279495946e-01
1.145475372279495946e-01
1.145475372279455700e-01
1.145475372279495946e-01
1.145475372279495946e-01
1.145475372279495946e-01
1.145475372279495946e-01
1.145475372279448484e-01
1.145475372279495946e-01
3.737591645624982543e-14
1.145475372279445292e-01
1.145475372279495946e-01
3.163604713326136075e-02
1.145475372279233378e-01
7.864970651281549818e-02
1.145475372279495946e-01
1.145475372279495946e-01
1.145475372279495946e-01
1.145475372279495946e-01
1.145475372279495946e-01
1.145475372279495946e-01
1.145475372279495946e-01
1.145475372279495946e-01
1.145475372279495946e-01
1.145475372279495946e-01
5.492264547613886355e-02
1.145475372279495946e-01
1.145475372279495946e-01
1.145475372279495946e-01
1.145475372279495946e-01
1.145475372279495946e-01
1.145475372279495946e-01
1.145475372279495946e-01
1.145475372279495946e-01
1.145475372279495946e-01
1.145475372279495946e-01
1.145475372279282089e-01
1.145475372279495946e-01
1.145475372279495946e-01
1.145475372279495946e-01
4.458690526681013624e-14
6.463330969413283444e-02
6.819182099172542422e-02
1.145475372279261966e-01
1.145475372279495946e-01
1.145475372279495946e-01
1.145475372279495946e-01
1.145475372279495946e-01
0.000000000000000000e+00
3.534042242344957035e-02
1.145475372279495946e-01
1.145475372279495946e-01
1.145475372279495946e-01
1.145475372279099874e-01
1.145475372279114862e-01
1.145475372279495946e-01
1.145475372279495946e-01
1.145475372279495946e-01
1.403895972046036236e-14
1.145475372279495946e-01
1.145475372279495946e-01
1.145475372279495946e-01
1.145475372279495946e-01
1.145475372279495946e-01
1.145475372279336213e-01
1.145475372279495946e-01
1.145475372279495946e-01
1.145475372279495946e-01
1.145475372279430443e-01
6.887334677349882317e-15
1.145475372279495946e-01
1.145475372279495946e-01
1.026165292191737466e-01
1.145475372279495946e-01
1.145475372279495946e-01
1.145475372279495946e-01
1.145475372279475407e-01
4.685948962260232109e-02
1.145475372279434745e-01
1.145475372279495946e-01
1.145475372279495946e-01
1.145475372279495946e-01
1.145475372279495946e-01
3.581318128008608924e-15
3.367506158005904849e-15
1.145475372279495946e-01
1.145475372279495946e-01
1.145475372279412679e-01
1.145475372279105841e-01
1.145475372279494281e-01
1.145475372279495946e-01
1.145475372279171206e-01
1.145475372279495946e-01
1.145475372279085718e-01
1.145475372279495946e-01
1.145475372279495946e-01
7.922074179213715318e-15
6.818469596646112296e-02
1.145475372279495946e-01
1.145475372279398524e-01
1.145475372279495946e-01
1.145475372279495946e-01
1.096888833658703349e-01
1.145475372279495946e-01
1.145475372279392556e-01
1.145475372279267795e-01
1.145475372279387283e-01
1.145475372279204235e-01
1.145475372279495946e-01
9.087629853224435564e-15
1.145475372279495946e-01
1.145475372279495946e-01
1.145475372279495946e-01
1.145475372279495946e-01
0.000000000000000000e+00
1.145475372279495946e-01
1.145475372279495946e-01
1.145475372279495946e-01
1.145475372279495946e-01
1.145475372279495946e-01
1.145475372279388948e-01
1.145475372279329274e-01
1.145475372279398801e-01
1.145475372279253223e-01
9.414803387755114883e-02
1.145475372279495946e-01
1.145475372279302212e-01
1.145475372279495946e-01
1.145475372279495946e-01
1.145475372279480542e-01
1.145475372279495946e-01
1.145475372279495946e-01
1.145475372279495946e-01
1.145475372279495946e-01
1.145475372279495946e-01
1.145475372279295967e-01
1.145475372279495946e-01
1.145475372279481374e-01
1.117735087777476215e-14
1.145475372279495946e-01
1.145475372279241011e-01
1.145475372279495946e-01
1.145475372279495946e-01
1.145475372279495946e-01
1.145475372279495946e-01
1.145475372279132487e-01
1.145475372279493309e-01
1.145475372279228105e-01
1.145475372279495946e-01
3.586346149798325567e-04
1.100228836376283964e-01
6.570116306904702497e-02
1.145475372279495946e-01
2.118633819353110921e-14
1.145475372279495946e-01
1.145475372279495946e-01
1.145475372279495946e-01
1.145475372279495946e-01
1.145475372279495946e-01
1.081703075829981570e-01
1.145475372279495946e-01
1.685307537008399057e-14
1.145475372279480958e-01
1.145475372279495946e-01
1.145475372279495946e-01
5.135249076686479452e-02
1.145475372279495946e-01
1.145475372279495946e-01
1.145475372279495946e-01
1.145475372279495946e-01
9.669477108213131444e-02
1.145475372279495946e-01
1.145475372279495946e-01
1.145475372279495946e-01
1.145475372279494142e-01
3.395844094560120791e-02
1.145475372279495946e-01
1.145475372279495946e-01
0.000000000000000000e+00
1.145475372279495946e-01
3.807998099446763957e-02
1.145475372279494142e-01
1.145475372279495946e-01
1.145475372279495946e-01
1.145475372279464721e-01
1.145475372279295134e-01
1.145475372279495946e-01
1.145475372279462639e-01
1.145475372279495946e-01
1.145475372279495946e-01
5.249809926518706621e-02
1.145475372279495946e-01
1.145475372279495946e-01
1.145475372279495946e-01
1.145475372279417536e-01
1.164154251496768409e-14
1.145475372279495946e-01
1.145475372279495946e-01
1.074527678233665462e-01
5.971491483772050843e-03
8.196606212447702442e-15
1.145475372279495946e-01
1.145475372279495946e-01
1.145475372279495946e-01
1.145475372279495946e-01
1.145475372279495946e-01
1.139837517983994103e-01
1.145475372279495946e-01
7.263624473546981584e-15
1.145475372279495946e-01
1.145475372279495946e-01
1.145475372279495946e-01
6.917447196493835271e-02
2.612913229367625281e-02
1.145475372279495946e-01
1.145475372279495946e-01
0.000000000000000000e+00
2.101035400125154319e-14
1.145475372279495946e-01
1.145475372279489285e-01
1.145475372279495946e-01
1.145475372279495946e-01
1.145475372279495946e-01
1.145475372279495946e-01
1.145475372279495946e-01
1.145475372279495946e-01
1.145475372279495946e-01
1.145475372279495946e-01
1.549424340368981650e-14
1.145475372279495946e-01
1.145475372279495946e-01
1.145475372279495946e-01
1.145475372279495946e-01
3.392715147887090617e-15
1.145475372279495946e-01
1.145475372279495946e-01
3.031507789101993422e-02
1.145475372279495946e-01
1.145475372279495946e-01
1.702583156882787191e-02
1.145475372279495946e-01
1.950982165665801371e-14
1.145475372279495946e-01
1.145475372279495946e-01
1.145475372279495946e-01
3.641220143698366968e-02
1.145475372279495946e-01
1.145475372279495946e-01
2.664657039304050776e-02
1.145475372279495946e-01
1.145475372279495946e-01
1.145475372279495946e-01
1.145475372279495946e-01
1.145475372279495946e-01
1.145475372279495946e-01
1.145475372279495946e-01
1.145475372279135401e-01
1.145475372279495946e-01
1.145475372279495946e-01
1.145475372279495946e-01
1.145475372279495946e-01
1.145475372279336351e-01
0.000000000000000000e+00
1.145475372279495946e-01
1.145475372279468329e-01
1.145475372279495946e-01
1.145475372279495946e-01
1.145475372279495946e-01
1.145475372279495946e-01
1.145475372279495946e-01
1.145475372279495946e-01
1.145475372279495946e-01
1.145475372279495946e-01
5.142965094091223044e-02
1.145475372279495946e-01
1.145475372279495946e-01
1.145475372279126935e-01
1.145475372279328996e-01
1.145475372279463749e-01
9.623339860480129015e-02
1.145475372279495946e-01
1.145475372279366882e-01
1.145475372279495946e-01
1.145475372279495946e-01
1.145475372279495946e-01
1.145475372279495946e-01
1.145475372279495946e-01
1.145475372279495946e-01
1.145475372279418230e-01
1.145475372279495946e-01
1.145475372279495946e-01
1.145475372279495946e-01
1.145475372279495946e-01
1.145475372279495946e-01
1.145475372279449455e-01
1.145475372279495946e-01
1.145475372279495946e-01
1.145475372279495946e-01
1.145475372279364107e-01
1.145475372279495946e-01
1.145475372279495946e-01
1.145475372279495946e-01
1.145475372279495946e-01
1.145475372279495946e-01
1.145475372279495946e-01
1.145475372279495946e-01
1.145475372279495946e-01
1.145475372279495946e-01
1.145475372279495946e-01
1.145475372279495946e-01
1.145475372279495946e-01
1.145475372279495946e-01
6.484770677499041014e-02
1.145475372279495946e-01
1.145475372279495946e-01
1.145475372279495946e-01
4.155803796709316106e-14
1.145475372279495946e-01
1.145475372279495946e-01
1.145475372279495946e-01
1.145475372279495946e-01
1.145475372279283477e-01
1.145475372279495946e-01
1.145475372279410042e-01
1.145475372279476656e-01
1.145475372279495946e-01
5.834652935624910880e-15
7.626663257555818531e-02
1.145475372279495946e-01
1.145475372279495946e-01
1.145475372279495946e-01
1.145475372279495946e-01
1.145475372279495946e-01
3.643296965175858801e-15
1.145475372279495946e-01
1.145475372279495946e-01
1.941765237413231593e-02
1.145475372279495946e-01
1.145475372279495946e-01
1.145475372279495946e-01
1.145475372279495946e-01
8.934176361716433118e-03
1.145475372279495946e-01
1.145475372279495946e-01
1.145475372279495946e-01
1.145475372279495946e-01
1.145475372279495946e-01
1.145475372279495946e-01
1.145475372279495946e-01
1.145475372279495946e-01
1.145475372279281118e-01
1.145475372279495946e-01
2.022654156277234674e-02
1.145475372279495946e-01
1.074000909632950446e-01
1.145475372279483595e-01
1.145475372279292775e-01
1.145475372279495946e-01
1.145475372279495946e-01
9.475960737883519502e-02
1.822546157673777129e-14
1.145475372279481235e-01
1.111652125727482926e-01
1.145475372279495946e-01
1.145475372279495946e-01
1.145475372279472770e-01
1.145475372279495946e-01
1.145475372279495946e-01
1.145475372279495946e-01
1.145475372279495946e-01
1.145475372279495946e-01
4.096016003645459339e-14
1.145475372279495946e-01
1.145475372279495946e-01
1.145475372279495946e-01
1.145475372279495946e-01
1.145475372279495946e-01
1.145475372279495946e-01
1.145475372279495946e-01
1.145475372279269322e-01
1.145475372279495946e-01
1.145475372279301657e-01
1.145475372279495946e-01
1.145475372279427251e-01
1.145475372279495946e-01
1.145475372279495946e-01
1.717096535571132135e-02
8.196275660071520427e-15
1.145475372279495946e-01
1.145475372279495946e-01
1.145475372279495946e-01
1.145475372279114584e-01
1.145475372279495946e-01
1.145475372279495946e-01
1.145475372279495946e-01
0.000000000000000000e+00
1.145475372279142201e-01
1.145475372279495946e-01
1.145475372279495946e-01
1.145475372279495946e-01
1.145475372279495946e-01
1.145475372279495946e-01
1.145475372279495946e-01
1.145475372279495946e-01
1.145475372279495946e-01
1.145475372279395471e-01
1.145475372279495946e-01
1.145475372279495946e-01
3.770197927152170447e-02
1.145475372279400328e-01
1.145475372279495946e-01
1.145475372279495946e-01
1.145475372279495946e-01
1.145475372279495946e-01
1.145475372279495946e-01
1.145475372279495946e-01
1.145475372279421422e-01
1.145475372279495946e-01
1.839574842022862163e-15
1.145475372279495946e-01
1.145475372279495946e-01
1.145475372279495946e-01
1.145475372279495946e-01
1.145475372279495946e-01
1.145475372279495946e-01
1.145475372279495946e-01
1.145475372279495946e-01
0.000000000000000000e+00
1.145475372279495946e-01
5.289512064364764098e-15
1.145475372279495946e-01
1.145475372279400744e-01
1.145475372279495946e-01
1.408326011074172171e-14
1.145475372279495946e-01
1.145475372279495946e-01
1.145475372279495946e-01
1.145475372279127213e-01
1.145475372279495946e-01
1.145475372279495946e-01
1.145475372279495946e-01
1.145475372279495946e-01
1.145475372279495946e-01
1.145475372279495946e-01
1.145475372279495946e-01
1.145475372279495946e-01
1.145475372279495946e-01
1.145475372279495946e-01
1.145475372279495946e-01
7.366216100666114763e-02
1.145475372279495946e-01
1.145475372279495946e-01
1.145475372279495946e-01
1.145475372279495946e-01
1.145475372279316922e-01
1.090373836751352271e-01
1.145475372279495946e-01
1.145475372279495946e-01
1.145475372279456533e-01
1.145475372279406157e-01
1.145475372279495946e-01
1.145475372279495946e-01
1.145475372279495946e-01
1.145475372279495946e-01
1.145475372279495946e-01
1.145475372279495946e-01
1.145475372279495946e-01
1.145475372279495946e-01
1.145475372279495946e-01
1.145475372279495946e-01
1.145475372279495946e-01
1.145475372279495946e-01
1.145475372279495946e-01
1.145475372279495946e-01
1.145475372279495946e-01
2.027952675602752788e-02
1.145475372279495946e-01
1.145475372279495946e-01
1.145475372279457088e-01
1.145475372279495946e-01
1.145475372279495946e-01
1.145475372279495946e-01
1.145475372279495946e-01
1.145475372279495946e-01
1.145475372279495946e-01
1.145475372279495946e-01
1.145475372279473325e-01
1.145475372279495946e-01
1.145475372279366605e-01
1.338864166772236950e-14
1.145475372279495946e-01
1.145475372279495946e-01
1.145475372279495946e-01
1.145475372279495946e-01
1.145475372279495946e-01
1.145475372279288612e-01
1.145475372279495946e-01
1.145475372279495946e-01
1.145475372279495946e-01
8.133049385887777757e-15
1.145475372279495946e-01
1.145475372279495946e-01
1.145475372279495946e-01
1.145475372279495946e-01
1.145475372279495946e-01
1.145475372279495946e-01
1.145475372279495946e-01
1.145475372279495946e-01
5.262980607182504711e-02
0.000000000000000000e+00
1.145475372279495946e-01
1.145475372279495946e-01
1.145475372279465831e-01
7.191784175206569762e-02
1.145475372279495946e-01
3.448339316023253239e-15
1.145475372279327886e-01
1.145475372279495946e-01
8.499615687058899194e-15
1.145475372279495946e-01
1.145475372279495946e-01
1.145475372279495946e-01
8.408217322510354308e-02
1.145475372279495946e-01
1.145475372279495946e-01
1.145475372279495946e-01
1.145475372279495946e-01
1.145475372279495946e-01
1.145475372279495946e-01
1.145475372279280563e-01
1.083234261471335471e-14
1.145475372279495946e-01
3.977328717522863460e-02
1.145475372279239484e-01
1.145475372279381038e-01
1.145475372279495946e-01
1.145475372279495946e-01
1.145475372279410597e-01
1.145475372279495946e-01
1.145475372279495946e-01
1.145475372279495946e-01
1.145475372279436410e-01
1.145475372279495946e-01
1.145475372279470688e-01
1.145475372279495946e-01
1.145475372279495946e-01
1.145475372279495946e-01
1.145475372279400883e-01
1.145475372279441267e-01
1.145475372279495946e-01
1.599831680238175333e-02
1.145475372279495946e-01
7.962116977068317558e-02
1.145475372279495946e-01
1.145475372279495946e-01
1.145475372279182030e-01
1.145475372279495946e-01
1.145475372279495946e-01
1.145475372279495946e-01
1.145475372279495946e-01
1.145475372279495946e-01
1.145475372279495946e-01
1.145475372279495946e-01
1.145475372279495946e-01
1.145475372279495946e-01
1.145475372279491921e-01
1.145475372279495946e-01
1.145475372279490950e-01
1.145475372279495946e-01
1.145475372279403242e-01
3.379517214652203067e-14
9.713639524201793353e-15
1.145475372279386866e-01
1.145475372279495946e-01
1.145475372279495946e-01
5.938811379092899523e-02
1.145475372279495946e-01
1.145475372279495946e-01
1.145475372279495946e-01
1.145475372279495946e-01
1.145475372279495946e-01
1.145475372279495946e-01
1.027874113780590376e-01
1.145475372279495946e-01
1.145475372279495946e-01
1.145475372279495946e-01
1.145475372279294579e-01
1.145475372279464027e-01
1.145475372279495946e-01
1.145475372279495946e-01
2.379542355774724380e-02
1.145475372279495946e-01
1.145475372279495946e-01
1.145475372279495946e-01
1.145475372279495946e-01
5.258852800866909362e-15
1.145475372279495946e-01
1.145475372279495946e-01
1.145475372279495946e-01
1.145475372279495946e-01
8.569167604850716491e-02
0.000000000000000000e+00
1.145475372279495946e-01
1.145475372279495946e-01
3.968180201755104764e-15
1.107332889276970572e-01
1.145475372279293191e-01
1.145475372279495946e-01
1.145475372279301379e-01
1.145475372279495946e-01
8.735917923912102367e-02
1.145475372279495946e-01
1.145475372279495946e-01
1.145475372279495946e-01
1.145475372279340376e-01
1.145475372279481929e-01
0.000000000000000000e+00
1.145475372279495946e-01
1.145475372279495946e-01
1.145475372279495946e-01
1.145475372279495946e-01
9.772976052970118455e-02
1.145475372279495946e-01
1.145475372279495946e-01
1.145475372279495946e-01
1.764002895505721115e-14
1.145475372279495946e-01
1.145475372279495946e-01
7.830120249822970779e-03
0.000000000000000000e+00
1.505137190975099479e-14
1.145475372279495946e-01
1.145475372279489562e-01
1.145475372279495946e-01
3.658361345827334382e-02
1.145475372279495946e-01
1.145475372279495946e-01
1.145475372279430998e-01
1.145475372279240872e-01
1.145475372279472076e-01
1.145475372279419618e-01
3.925419845266018080e-14
1.145475372279495946e-01
1.145475372279495946e-01
1.145475372279495946e-01
1.145475372279495946e-01
1.145475372279495946e-01
1.145475372279181059e-01
1.145475372279495946e-01
1.145475372279495946e-01
1.145475372279495946e-01
3.891579360666930755e-15
1.145475372279495946e-01
1.145475372279495946e-01
1.145475372279495946e-01
1.145475372279495946e-01
7.813056925504807682e-02
1.145475372279495946e-01
1.145475372279495946e-01
1.145475372279374238e-01
3.700037249536150541e-02
1.145475372279495946e-01
1.145475372279495946e-01
2.164804768745372948e-02
1.145475372279495946e-01
1.145475372279495946e-01
1.145475372279495946e-01
1.145475372279462223e-01
1.145475372279495946e-01
1.145475372279495946e-01
1.145475372279495946e-01
1.145475372279495946e-01
1.631528100728054022e-14
1.145475372279325527e-01
1.145475372279495946e-01
1.145475372279495946e-01
1.145475372279495946e-01
1.145475372279495946e-01
1.145475372279495946e-01
1.255985316877219025e-14
1.145475372279495946e-01
1.145475372279495946e-01
1.145475372279495946e-01
1.145475372279495946e-01
1.145475372279495946e-01
1.145475372279495946e-01
1.145475372279495946e-01
1.145475372279495946e-01
1.145475372279495946e-01
1.145475372279495946e-01
1.145475372279495946e-01
1.145475372279495946e-01
1.145475372279495946e-01
1.145475372279493587e-01
1.145475372279495946e-01
1.145475372279495946e-01
1.145475372279284448e-01
1.145475372279495946e-01
1.145475372279495946e-01
1.025872206977105350e-01
1.145475372279495946e-01
1.145475372279495946e-01
1.145475372279495946e-01
1.053886214041967473e-01
1.145475372279495946e-01
1.145475372279102649e-01
1.145475372279495946e-01
1.145475372279495946e-01
1.145475372279495946e-01
1.145475372279495946e-01
1.145475372279495946e-01
1.145475372279449872e-01
1.145475372279495946e-01
