3.789754778748803676e-02
1.061578947073049395e-01
1.058312880915115856e-01
1.145475372279495946e-01
9.548271710642193544e-02
8.091107716436926611e-02
1.014930923718553868e-01
1.145475372279495946e-01
1.145475372279495946e-01
9.792774557970673754e-02
1.145475372279495946e-01
1.145475372279495946e-01
1.020262962511588045e-01
1.145475372279495946e-01
1.145475372279495946e-01
1.145475372279495946e-01
9.624835064032001564e-02
3.893835648091182461e-02
1.145475372279495946e-01
1.145475372279495946e-01
1.145475372279495946e-01
1.145475372279495946e-01
1.145475372279495946e-01
7.813265842487923662e-02
1.145475372279495946e-01
1.145475372279495946e-01
8.818073590596657574e-02
1.145475372279495946e-01
1.145475372279495946e-01
1.145475372279495946e-01
1.145475372279495946e-01
1.101255460517886094e-02
1.145475372279495946e-01
1.145475372279495946e-01
1.145475372279495946e-01
1.102901841906833852e-01
1.145475372279020077e-01
1.145475372279495946e-01
7.072855931247790107e-02
1.007885052925822505e-01
1.145475372279495946e-01
1.052039612301321758e-01
1.145475372279495946e-01
1.145475372279495946e-01
1.145475372279495946e-01
1.145475372279495946e-01
1.145475372279495946e-01
1.145475372279495946e-01
3.893835648090682861e-02
8.371253614729853854e-02
1.145475372279495946e-01
1.145475372279495946e-01
1.145475372279495946e-01
1.145475372279495946e-01
1.145475372279495946e-01
7.250635365558609491e-02
1.145475372279495946e-01
1.145475372279495946e-01
1.145475372279495946e-01
1.145475372279495946e-01
1.145475372279495946e-01
1.057459963740961933e-01
1.145475372279071979e-01
5.233708060161064435e-02
1.061485486480028412e-01
1.084301363503751836e-01
1.145475372279495946e-01
1.145475372279495946e-01
4.066357304863073979e-02
1.145475372279495946e-01
1.089389764016303330e-01
9.802565751316882903e-02
1.145475372279495946e-01
1.145475372279495946e-01
1.145475372279495946e-01
1.145475372279495946e-01
1.145475372279495946e-01
1.145475372279495946e-01
1.140177783384440507e-01
1.145475372279495946e-01
1.145475372279495946e-01
7.977241751242242218e-02
3.892385116785281041e-02
1.128750428280011486e-01
7.369218123802495635e-02
1.145475372279495946e-01
1.145475372279495946e-01
1.145475372279495946e-01
1.145475372279495946e-01
1.145475372279495946e-01
1.145475372279495946e-01
1.145475372279495946e-01
1.145475372279495946e-01
1.145475372279495946e-01
1.145475372279495946e-01
1.145475372279495946e-01
1.145475372279495946e-01
1.145475372279495946e-01
7.882840835402778190e-02
8.484064462748130975e-02
1.145475372279495946e-01
8.444056286743399642e-02
1.145475372279495946e-01
8.974626336809414517e-02
1.145475372279495946e-01
1.145475372279495946e-01
1.145475372279495946e-01
1.145475372279495946e-01
1.145475372279495946e-01
1.145475372279495946e-01
9.327627275863886736e-02
1.145475372279495946e-01
1.145475372279495946e-01
1.145475372279495946e-01
9.639786358829552371e-02
1.145475372279495946e-01
8.619995654522118189e-02
1.145475372279495946e-01
1.145475372279495946e-01
1.145475372279495946e-01
1.145475372279495946e-01
1.145475372279495946e-01
1.967590282055727696e-14
1.145475372279495946e-01
1.145475372279495946e-01
1.145475372279495946e-01
1.145475372279495946e-01
1.006947721939380064e-01
1.039709099693132688e-01
1.145475372279495946e-01
1.145475372279495946e-01
1.145475372279495946e-01
1.145475372279294718e-01
1.102150038325665493e-01
1.145475372279495946e-01
1.145475372279495946e-01
1.145475372279495946e-01
1.145475372279495946e-01
1.066048575010394017e-01
8.522459299980811309e-02
4.717133699371083011e-02
1.145475372279495946e-01
1.145475372279495946e-01
1.145475372279495946e-01
1.030905109715713058e-01
1.145475372279495946e-01
8.735408988353415838e-02
1.061486511183682147e-01
1.145475372279495946e-01
1.145475372279495946e-01
1.145475372279495946e-01
1.125537640031944349e-02
1.145475372279495946e-01
1.145475372279495946e-01
8.904532404483854469e-02
4.327631154487478204e-02
1.145475372279495946e-01
9.216266580862948754e-02
1.072384389797900600e-01
1.145475372279495946e-01
1.145475372279495946e-01
1.094825035418880849e-01
1.047787896013671893e-01
1.094806439665119147e-01
1.145475372279495946e-01
1.145475372279495946e-01
1.130378155094693138e-01
1.006093200095158902e-01
6.415641161515855950e-02
1.145475372279495946e-01
9.658289020441329642e-02
6.370163764565259235e-02
1.145475372279495946e-01
1.022694327115110241e-01
1.145475372279495946e-01
1.115621201085383596e-01
1.145475372279495946e-01
1.145475372279495946e-01
1.079322185355350711e-01
1.145475372279495946e-01
1.145475372279495946e-01
1.145475372279495946e-01
3.893835648085317708e-02
1.145475372279495946e-01
8.238348359755803818e-02
1.145475372279495946e-01
1.145475372279495946e-01
1.145475372279495946e-01
1.145475372279495946e-01
1.145475372279495946e-01
4.464883661543302823e-02
1.145475372279495946e-01
7.542603912894502161e-02
3.892594664780869851e-02
1.145475372279495946e-01
3.925925319321865725e-02
1.145475372279495946e-01
5.837757248445327868e-02
8.820495653042587092e-02
1.145475372279495946e-01
8.327192905097557940e-02
1.064723812007795228e-01
1.145475372279495946e-01
1.145475372279495946e-01
1.145475372279495946e-01
7.008793302930756142e-02
1.145475372279495946e-01
1.145475372279495946e-01
1.004461548964244305e-01
1.145475372279495946e-01
1.145475372279495946e-01
1.145475372279495946e-01
1.145475372279495946e-01
1.145475372279344817e-01
1.145475372279495946e-01
1.145475372279495946e-01
1.145475372279495946e-01
3.213072575196056907e-02
1.145475372279495946e-01
1.145475372279495946e-01
7.083115111016091703e-02
1.145475372279495946e-01
1.145475372279495946e-01
1.145475372279495946e-01
1.014416387955321547e-01
1.145475372279495946e-01
1.144613792579093625e-01
1.145475372279495946e-01
8.049081965861913657e-02
7.356097669380880222e-02
1.145475372279495946e-01
4.631210468711565581e-02
1.145475372279495946e-01
1.145475372279495946e-01
7.187259207682386575e-02
1.145475372279495946e-01
1.117386508900335140e-01
1.145475372279495946e-01
1.145475372279495946e-01
1.145475372279495946e-01
1.105665829091774244e-01
2.905917316625632879e-02
3.314983619153802352e-02
6.827222914301832313e-02
1.054217251284759183e-01
1.145475372279495946e-01
1.145475372279495946e-01
1.145475372279495946e-01
1.145475372279495946e-01
1.145475372279495946e-01
1.145475372279495946e-01
9.893001571828563545e-02
1.145475372279086551e-01
1.078126001205141349e-01
1.145475372279495946e-01
7.647522782136839670e-02
6.796687329145174872e-02
1.145475372279495946e-01
5.153351206867320261e-02
1.145475372279495946e-01
1.145475372279495946e-01
9.491375905237442456e-02
5.837521157196465249e-02
1.145475372279495946e-01
1.145475372279495946e-01
1.145475372279495946e-01
1.145475372279495946e-01
1.030045811557074309e-01
3.058097220929398286e-02
1.140322333132117172e-01
5.554565917793410218e-02
1.145475372279495946e-01
1.145475372279495946e-01
8.652811268954983814e-02
1.145475372279038673e-01
1.145475372279495946e-01
1.145475372279495946e-01
1.145475372279495946e-01
1.079519809235080369e-01
1.145475372279139009e-01
1.145475372279495946e-01
1.145475372279495946e-01
1.145475372279495946e-01
7.802213666981588913e-02
1.145475372279495946e-01
1.145475372279495946e-01
1.145475372279495946e-01
1.145475372279495946e-01
1.096431883895969128e-01
1.145475372279495946e-01
2.905822542203263803e-02
1.145475372279495946e-01
1.145475372279495946e-01
1.145475372279495946e-01
1.145475372279495946e-01
1.145475372279495946e-01
1.145475372279495946e-01
9.248913370823843086e-03
1.145475372279495946e-01
1.145475372279495946e-01
1.145475372279495946e-01
1.104205232120571006e-01
1.145475372279495946e-01
1.145475372279495946e-01
1.145475372279495946e-01
1.145475372279495946e-01
1.145475372279495946e-01
1.145475372279495946e-01
1.066007978580069682e-01
1.116753980516540373e-01
2.574472188450994785e-03
1.050743536558348123e-01
2.536049695865934261e-02
1.126068160294486226e-01
1.145475372279495946e-01
1.145475372279495946e-01
1.145475372279495946e-01
1.145475372279495946e-01
1.120070800888855050e-01
2.932332289694901048e-02
7.469793586389861240e-02
1.145475372279495946e-01
1.145475372279495946e-01
1.145475372279495946e-01
6.679817449253809547e-02
1.145475372279495946e-01
1.145475372279495946e-01
1.145475372279495946e-01
1.145475372279495946e-01
8.550145429005835684e-02
1.145475372279495946e-01
1.145475372279495946e-01
1.145475372279495946e-01
1.137965437878042385e-01
9.751221967418902126e-02
1.145475372279495946e-01
1.145475372279495946e-01
1.009509420091275894e-01
1.079602909809910666e-01
9.325554904985330906e-02
1.145475372279495946e-01
6.617877687117779129e-02
1.145475372279495946e-01
1.145475372279495946e-01
1.145475372279495946e-01
1.138490621027704874e-01
1.145475372279495946e-01
1.145403218028671621e-01
9.661369282015808135e-02
1.133387583015807026e-01
8.737612881454037694e-02
1.145475372279495946e-01
1.145475372279495946e-01
1.145475372279495946e-01
7.676486104742751004e-02
1.145475372279495946e-01
1.145475372279495946e-01
7.618469072634129202e-02
1.131919337425691396e-01
1.044048100299849180e-01
1.145475372279495946e-01
1.131952926293652295e-01
1.145475372279495946e-01
1.145475372279495946e-01
8.955851130491647438e-02
2.857014373148751216e-02
1.000367770322568572e-01
4.496743957007822562e-02
1.145475372279495946e-01
1.145475372279495946e-01
1.145475372279495946e-01
9.009969077382125324e-02
1.971872033604098184e-14
7.638006664933254253e-02
1.063169704758074458e-01
9.975576852750138446e-02
8.634113811058738430e-02
1.145475372279495946e-01
1.064259762788951624e-01
1.145475372279495946e-01
9.875641261034001639e-02
1.145475372279495946e-01
1.145475372279495946e-01
1.145475372279495946e-01
1.145475372279495946e-01
1.145475372279495946e-01
1.145475372279495946e-01
9.616412073969521357e-02
8.023827298382771311e-02
1.145475372279495946e-01
1.057874626013259600e-01
1.094801913463994553e-01
6.619067352600943588e-02
1.145475372279495946e-01
6.184110903622824090e-02
1.100236033323686996e-01
1.145475372279495946e-01
1.081637860495765213e-01
6.509939565200030531e-02
1.145475372279495946e-01
6.290231617971531186e-02
1.145475372279495946e-01
1.145475372279495946e-01
1.145475372279495946e-01
9.853206416748115648e-02
1.145475372279495946e-01
1.145475372279495946e-01
7.602012403139557506e-02
1.145475372279495946e-01
1.145475372279495946e-01
1.059760893710193913e-01
1.145475372279495946e-01
1.145475372279495946e-01
1.145475372279495946e-01
5.837577444259251652e-02
1.145475372279227411e-01
1.145475372279495946e-01
1.145475372279495946e-01
1.145475372279495946e-01
1.145475372279495946e-01
1.145475372279495946e-01
1.131158616199721550e-01
1.145475372279495946e-01
1.145475372279495946e-01
1.051986599449861171e-01
1.145475372279495946e-01
1.145475372279495946e-01
1.145475372279495946e-01
1.145475372279495946e-01
1.145475372279463749e-01
5.905077346607701810e-02
1.145475372279495946e-01
8.053565080409386123e-02
1.145475372279495946e-01
1.145475372279495946e-01
1.145475372279038534e-01
1.145475372279495946e-01
1.145475372279495946e-01
6.207443998454698075e-02
1.145475372279495946e-01
1.145475372279495946e-01
9.604093008551367605e-02
1.145475372279495946e-01
1.089825855275851352e-01
1.145475372279495946e-01
8.290874460939226531e-02
1.128707935551986619e-01
1.145475372279495946e-01
7.459548663146531311e-02
1.145475372279495946e-01
9.458319205607088054e-02
1.145475372279495946e-01
1.145475372279495946e-01
1.145475372279495946e-01
1.145475372279495946e-01
1.145475372279495946e-01
1.145475372279495946e-01
1.145475372279495946e-01
8.425962003813045054e-02
1.145475372279495946e-01
1.145475372279495946e-01
1.145475372279495946e-01
9.654179359654105341e-02
1.145475372279495946e-01
1.084793499972703523e-01
1.104205232119827851e-01
1.145475372279495946e-01
8.240284333991500232e-02
1.145475372279495946e-01
1.145475372279495946e-01
1.145475372279495946e-01
9.742830570447816307e-02
1.145475372279495946e-01
1.145475372279495946e-01
1.145475372279495946e-01
2.140886137840073214e-02
8.008472949216031977e-02
1.145475372279495946e-01
1.145475372279495946e-01
9.703251508828698857e-02
1.145475372279495946e-01
1.145475372279495946e-01
6.077337731295204964e-02
1.145475372279495946e-01
1.145475372279495946e-01
5.372928939031403756e-02
8.951430372917899836e-02
1.030548653695641803e-01
1.145475372279495946e-01
1.035899420677588584e-01
5.837723801918984212e-02
1.145475372279495946e-01
9.993208087991205246e-02
1.145475372279495946e-01
1.077780043671879573e-01
8.778282223934849582e-02
1.145475372279495946e-01
1.145475372279495946e-01
1.145475372279495946e-01
1.145475372279495946e-01
6.838992790120926313e-02
1.145475372279495946e-01
1.145475372279495946e-01
1.145475372279495946e-01
1.145475372279495946e-01
1.001219294857408904e-01
1.145475372279495946e-01
9.782814481505834603e-02
1.122573523083555264e-01
1.145475372279495946e-01
6.425545234485362245e-02
8.053351388917433240e-02
1.145475372279495946e-01
5.359565707796067058e-02
8.470757170370205036e-02
1.145475372279495946e-01
9.074941261766354683e-02
1.098717914657410949e-01
6.727590296949172155e-02
5.312477029898036301e-02
1.145475372279495946e-01
5.111575927125057428e-02
1.145475372279457504e-01
8.200206073133735341e-02
1.145475372279495946e-01
1.145475372279495946e-01
1.145475372279495946e-01
9.063979463536069037e-02
1.110211836174645472e-01
1.145475372279495946e-01
8.328436434137753697e-02
1.124634470558516647e-01
1.145475372279495946e-01
7.870129560815281033e-02
8.396244563261952287e-02
1.145475372279495946e-01
1.068296884639476363e-01
1.060712477661753805e-01
1.145475372279495946e-01
1.145475372279495946e-01
1.145475372279495946e-01
1.145475372279495946e-01
1.145475372279275983e-01
1.145475372279495946e-01
1.145475372279495946e-01
6.454531276263396344e-02
8.824648325546197158e-02
1.145475372279495946e-01
7.177266265620423080e-02
1.115592814666441501e-01
1.145475372279243093e-01
9.798659137761976667e-02
1.145475372279495946e-01
1.101962507307249900e-01
1.095277565751909959e-01
1.145475372279495946e-01
1.126235362433456733e-01
1.056661525759835102e-01
1.145475372279495946e-01
8.206513747807915593e-02
1.145475372279495946e-01
1.145475372279495946e-01
1.145475372279495946e-01
1.145475372279495946e-01
1.145475372279495946e-01
1.138372061775919375e-01
2.932332289697708524e-02
5.356881273904968987e-02
1.145475372279436271e-01
1.145475372279495946e-01
1.145475372279495946e-01
1.145475372279495946e-01
1.145475372279495946e-01
1.145475372279495946e-01
1.145475372279495946e-01
1.145475372279495946e-01
7.472914927148388564e-02
7.344031836422050541e-02
1.145475372279495946e-01
4.546871424719040738e-02
1.145475372279495946e-01
1.137508181323900747e-01
2.932332289699245489e-02
9.721236769033610170e-02
2.932185932043570795e-02
1.114306944482133382e-01
6.270904735036346433e-02
4.033414240598678924e-02
2.663151461374446347e-14
1.145475372279495946e-01
1.145475372279495946e-01
1.145475372279495946e-01
1.053305114808114062e-01
1.145475372279495946e-01
2.905822542200196118e-02
1.145475372279495946e-01
1.145475372279495946e-01
1.145475372279495946e-01
1.083874593017922772e-01
1.019576737577902320e-01
1.145475372279495946e-01
1.145475372279495946e-01
1.145475372279495946e-01
1.117907012751578888e-01
5.837521157201552152e-02
1.145475372279495946e-01
1.005138873430256735e-01
1.145475372279495946e-01
1.006757257386121235e-01
1.145464274882699862e-01
8.038455314884859759e-02
1.145475372279495946e-01
1.131215650666205497e-01
1.145475372279495946e-01
4.516232395020110257e-02
1.145475372279495946e-01
1.145475372279495946e-01
1.014189325624273857e-01
1.145475372279495946e-01
1.122963439916713629e-01
1.040572255086946868e-01
6.629587168625984683e-02
1.145475372279495946e-01
1.145475372279495946e-01
1.145475372279495946e-01
1.003262493440670311e-01
1.145475372279495946e-01
1.077085415248875550e-01
1.145475372279495946e-01
2.905917316631108013e-02
8.126114131358749826e-02
1.145475372279495946e-01
8.870516591917787519e-02
1.145475372279495946e-01
8.359540115363721380e-02
1.145475372279495946e-01
1.145475372279495946e-01
1.145475372279495946e-01
1.145475372279495946e-01
1.145475372279495946e-01
1.145475372279495946e-01
1.145475372279495946e-01
9.370153563235138205e-02
1.145475372279495946e-01
1.145475372279495946e-01
1.145475372279495946e-01
1.145475372279495946e-01
1.145475372279495946e-01
7.796273606853426630e-02
1.043197308832503056e-01
1.145475372279495946e-01
1.145475372279495946e-01
1.145475372279495946e-01
9.352825098221057010e-02
1.145475372279495946e-01
1.145475372279495946e-01
1.145475372279495946e-01
1.145475372279495946e-01
4.910518946066259882e-02
1.145475372279495946e-01
5.837588207171588023e-02
1.145475372279495946e-01
1.145475372279495946e-01
1.145475372279495946e-01
1.145475372279495946e-01
1.145475372279495946e-01
1.145475372279495946e-01
1.128021526370699273e-01
7.734558057558058898e-03
1.145475372279495946e-01
1.046990822006951261e-01
9.059662817548706781e-02
1.047620337522504191e-01
1.145475372279495946e-01
1.079491454935047057e-01
1.145475372279495946e-01
1.145475372279495946e-01
8.816867820527408972e-02
8.336080382028210334e-02
1.145475372279495946e-01
9.752628189202286468e-02
9.100200189506074677e-02
1.145475372279495946e-01
1.145475372279495946e-01
1.145475372279495946e-01
1.143760750695891060e-01
1.145475372279495946e-01
1.145475372279495946e-01
1.145475372279495946e-01
5.975545211488403341e-02
1.144170548194640286e-01
1.145475372279495946e-01
1.145475372279216170e-01
1.145475372279495946e-01
1.145475372279495946e-01
1.145475372279495946e-01
1.145475372279495946e-01
9.799208326379101053e-02
1.145475372279495946e-01
1.052022522297628576e-01
1.145475372279495946e-01
1.145475372279495946e-01
1.145475372279495946e-01
1.145475372279495946e-01
1.145475372279495946e-01
1.145475372279495946e-01
1.145475372279495946e-01
1.145475372279495946e-01
5.837588207170544413e-02
1.006895231031991328e-01
1.145475372279495946e-01
8.181218642598080126e-02
1.145475372279495946e-01
1.145475372279495946e-01
1.145475372279495946e-01
1.145475372279495946e-01
1.145475372279495946e-01
1.145475372279495946e-01
1.145475372279495946e-01
1.145475372279495946e-01
1.030886939426707977e-01
1.145475372279495946e-01
1.048083792740081149e-01
1.145475372279495946e-01
1.145475372279495946e-01
1.145475372279495946e-01
1.071702705674451445e-01
1.145475372279495946e-01
8.275900741408254158e-02
5.488425705955282674e-02
8.550922698586016502e-02
1.145475372279495946e-01
1.145475372279495946e-01
1.145475372279495946e-01
8.777892612572288367e-02
1.097338724429282319e-01
1.145475372279495946e-01
1.145475372279495946e-01
1.145475372279495946e-01
8.530415384546193025e-02
1.144369740139665331e-01
1.029573425176630169e-01
5.837757248436570984e-02
1.145475372279495946e-01
1.145475372279495946e-01
1.145475372279495946e-01
4.239849843395251949e-02
1.145475372279495946e-01
1.145475372279495946e-01
1.145475372279495946e-01
1.145475372279495946e-01
1.145475372279495946e-01
1.145475372279354948e-01
1.145475372279495946e-01
9.350361374510519907e-02
6.180686074304139049e-02
8.753071266978251774e-02
1.145475372279495946e-01
1.145475372279495946e-01
2.591036992599753813e-02
4.097448892368919793e-02
1.101457260707365132e-01
1.145475372279495946e-01
8.418692856926079937e-02
1.138907655399811203e-01
1.145475372279495946e-01
1.145475372279495946e-01
1.145475372279495946e-01
1.140881517335167183e-01
1.047750708522612872e-01
1.145475372279495946e-01
1.145475372279495946e-01
1.145475372279495946e-01
1.145475372279495946e-01
6.824143479849548166e-02
4.476572942330658833e-02
1.145475372279495946e-01
1.145475372279495946e-01
1.145475372279495946e-01
1.145475372279495946e-01
1.145475372279415038e-01
1.145475372279495946e-01
1.145475372279495946e-01
1.061697099598577637e-01
4.041622344617934459e-02
1.003550993985818374e-01
8.840456679831205922e-02
8.679350547504821600e-02
5.727262833697811112e-02
7.416732822466380604e-02
1.145475372279495946e-01
1.145475372279495946e-01
1.145475372279495946e-01
1.100978936487486265e-01
1.145475372279495946e-01
1.145475372279495946e-01
1.145475372279351756e-01
1.145475372279495946e-01
1.145475372279495946e-01
8.656990808025621931e-02
1.744607850428296983e-02
1.145475372279495946e-01
1.145475372279495946e-01
1.145475372279495946e-01
1.145475372279495946e-01
3.892594664780758829e-02
7.548447384128782744e-02
8.224167466067890120e-02
1.145475372279495946e-01
1.118606633555326163e-01
8.983135838727696054e-02
1.099931950409557546e-01
1.145475372279495946e-01
1.145475372279495946e-01
1.131325075301661820e-01
5.622813823243179993e-02
4.450102098507738302e-02
1.145475372279495946e-01
1.145475372279495946e-01
1.063321593131893034e-01
1.145475372279495946e-01
1.145475372279495946e-01
8.229265204012796431e-02
1.145475372279495946e-01
1.145475372279495946e-01
1.145475372279495946e-01
8.221366605165114638e-02
1.140670575344276128e-01
1.098135471931596246e-01
1.145475372279495946e-01
1.145475372279495946e-01
7.610516403528524987e-02
1.145475372279495946e-01
1.145475372279495946e-01
1.142100098777037165e-01
1.145475372279495946e-01
5.837723801912927252e-02
1.145475372279495946e-01
3.108098842009444224e-02
5.837577444259542392e-02
1.145475372279495946e-01
1.145475372279495946e-01
1.112713764316495269e-01
9.106700076558002510e-02
1.145475372279495946e-01
7.494099807880916231e-02
1.145475372279495946e-01
1.110505934975523912e-01
1.145475372279495946e-01
1.134061583456990180e-01
1.145475372279495946e-01
6.506321415176678780e-02
5.496233209856039859e-02
1.145475372279495946e-01
1.145475372279495946e-01
1.145475372279495946e-01
1.066718017208012903e-01
1.145475372279495946e-01
1.132018126325552571e-01
1.145475372279495946e-01
1.054479338280106121e-01
9.211936835391108802e-02
1.104714369127164225e-01
1.145475372279495946e-01
1.145475372279495946e-01
1.145475372279495946e-01
1.094264471343319306e-01
1.145475372279495946e-01
1.145475372279495946e-01
1.145475372279495946e-01
1.037058184227936386e-01
1.145475372279495946e-01
