4.072165627068895858e-17
1.897263389867286376e-01
5.666591631229634940e-01
4.264452924600855011e-01
5.416166985832555625e-01
5.727376861397479590e-01
4.930812446251413017e-01
5.163028031175030952e-01
2.934818132814561720e-01
2.361200974061554714e-01
5.727376861397479590e-01
5.727376861397477370e-01
2.407367123467948067e-01
5.727376861397479590e-01
5.727376861397479590e-01
1.102855983916769395e-01
4.213741108843773175e-01
2.652289266993058114e-01
5.559002054096796597e-01
5.727376861397469598e-01
2.406960857660491198e-15
5.727376861397474039e-01
5.727376861397458496e-01
1.324733838703252922e-17
5.319881872709374404e-01
1.620933890857468584e-01
3.827395577106343372e-01
5.727376861397478480e-01
5.727376861397479590e-01
5.727376861397479590e-01
5.321397299788763746e-01
0.000000000000000000e+00
4.818703647663497569e-01
5.727376861397479590e-01
5.727376861397477370e-01
4.960938733311787141e-01
4.078869431413071900e-01
5.727376861397478480e-01
9.751312660257182656e-17
8.967466126575552449e-03
5.727376861397479590e-01
2.400535762742292967e-01
4.915881285899545428e-01
1.523607333029387556e-01
5.727376861397479590e-01
3.144016047164093774e-01
5.727376861397471819e-01
1.007319239471299310e-01
2.651942746354389313e-01
4.322992697805497775e-01
5.727376861397478480e-01
2.554137890641719477e-01
3.418134779723998595e-01
5.727376861397479590e-01
5.727376861397475150e-01
2.517962516518924554e-01
3.414567516220216990e-16
5.727376861397479590e-01
5.727376861397479590e-01
5.727376861397479590e-01
9.558060813664762594e-16
4.316618559663898957e-01
2.936103234188632283e-01
0.000000000000000000e+00
4.568693590233051105e-01
1.567022911315256728e-01
6.297966036375410304e-02
5.727376861397479590e-01
2.978304707228961237e-16
5.345237014759047778e-01
5.727376861397476260e-01
0.000000000000000000e+00
2.679591962687294937e-01
5.727376861397469598e-01
5.727376861397469598e-01
5.579318811203323181e-01
5.727376861397462937e-01
5.727376861397479590e-01
5.128226422627361059e-01
5.727376861397470709e-01
5.727376861397479590e-01
2.205927055297498274e-01
2.381276736753082657e-01
2.729326195286679857e-01
1.730668054963917513e-01
5.727376861397479590e-01
5.727376861397479590e-01
5.727376861397479590e-01
5.727376861397467378e-01
5.727376861397467378e-01
5.727376861397472929e-01
4.372503833694145348e-16
5.727376861397475150e-01
0.000000000000000000e+00
5.040666567296951950e-01
2.569923466736277473e-01
5.727376861397439622e-01
1.194067987110206397e-01
1.630676367445904607e-02
0.000000000000000000e+00
3.843117661036485888e-01
3.657953848235850347e-01
5.727376861397479590e-01
1.321732252624314430e-01
5.390366641136741244e-01
5.727376861397479590e-01
5.727376861397479590e-01
6.732848984350739419e-02
3.450916731261278736e-01
5.727376861397478480e-01
0.000000000000000000e+00
5.727376861397479590e-01
5.727376861397479590e-01
5.198343874469615322e-01
3.669694485808349671e-01
5.727376861397389662e-01
9.579631411750824665e-02
5.727376861397479590e-01
5.727376861397479590e-01
5.727376861397476260e-01
5.727376861397476260e-01
5.727376861397479590e-01
9.604214777544781856e-17
5.480005306050446112e-01
7.615399658522473136e-02
5.727376861397479590e-01
0.000000000000000000e+00
4.050606597989429014e-01
1.193740259129507514e-01
3.042317907645544217e-01
5.727376861397479590e-01
5.727376861397479590e-01
0.000000000000000000e+00
5.118174556867884917e-01
5.727376861397474039e-01
5.727376861397477370e-01
5.727376861397479590e-01
1.304737648090094349e-01
5.102868194968303017e-01
2.852570497530646509e-01
2.525773025963961863e-16
2.642637638169658132e-01
0.000000000000000000e+00
4.658595727177138879e-01
4.088164726872050014e-01
5.727376861397479590e-01
3.223499800578357721e-01
4.278738254796924378e-01
5.727376861397479590e-01
2.211052306966446446e-01
5.305468919533063987e-01
5.089336724438269649e-02
5.727376861397476260e-01
5.727376861397479590e-01
2.250280317860037793e-01
5.777197694826263544e-17
5.727376861397479590e-01
7.033291210619696532e-02
2.081904683484279428e-01
3.845678506545016084e-01
3.501723500598085126e-01
1.723403619248519425e-01
5.600688749440942971e-01
4.158646524359231322e-01
2.965346433076026522e-01
0.000000000000000000e+00
4.017791231217440195e-01
3.365003137583347792e-01
0.000000000000000000e+00
5.685566232913933371e-01
5.476127081264818841e-01
1.729955192685719498e-02
9.373676885196710259e-03
2.721144254888583751e-16
5.727376861397479590e-01
4.418631856321778573e-01
5.727376861397472929e-01
5.727376861397475150e-01
3.995174787523137483e-01
5.727376861397479590e-01
5.727376861397477370e-01
5.727376861397470709e-01
2.651953304493931962e-01
5.443478594615319688e-01
1.883451654422195753e-01
2.327017312375909142e-01
5.727376861397479590e-01
1.209693831443623552e-01
3.769594621773544874e-01
5.727376861397478480e-01
5.774711367592240978e-16
5.727376861397479590e-01
4.388345320688639140e-01
2.385532776416330603e-01
0.000000000000000000e+00
4.369350090718193691e-02
4.727325699911122947e-01
3.691859025699555930e-01
1.117790218869963298e-01
0.000000000000000000e+00
2.044142491313777066e-01
1.650359328901527256e-01
2.012348542561773757e-01
2.908240364213226514e-01
3.859088616111061576e-01
3.862545599402525953e-01
3.806500762589740128e-01
0.000000000000000000e+00
1.994762978159670685e-01
4.710859724429988238e-01
5.727376861397478480e-01
5.727376861397479590e-01
0.000000000000000000e+00
0.000000000000000000e+00
5.727376861397479590e-01
5.727376861397479590e-01
5.727376861397479590e-01
3.709634404933012385e-16
3.357969937310661401e-01
4.885711945417982038e-01
1.848077339549209219e-01
3.821054798507301786e-01
3.838661413187894333e-01
1.051305558439118525e-16
5.727376861397478480e-01
5.727376861397479590e-01
4.126720161739252934e-01
5.727376861397479590e-01
8.496116188430738458e-02
4.981627835097478529e-01
5.727376861397479590e-01
3.777419185152764980e-01
3.931392544826782798e-01
1.551045779217087583e-01
2.237067705161983888e-01
0.000000000000000000e+00
2.892154629307029379e-01
1.644914951782145141e-01
4.935424324272730257e-01
5.727376861397456276e-01
3.093952054842341037e-01
1.976952725496272656e-01
0.000000000000000000e+00
1.623247500603648943e-16
5.727376861397479590e-01
5.727376861397479590e-01
4.383680474680467509e-01
8.591414022020999789e-17
3.267099092662679172e-01
5.727376861397479590e-01
4.600601539145786345e-03
0.000000000000000000e+00
7.450466230853722273e-16
2.999739318992183379e-01
5.727376861397468488e-01
2.617059879712752002e-01
0.000000000000000000e+00
5.727376861397479590e-01
0.000000000000000000e+00
3.620370520990401353e-01
5.727376861397479590e-01
1.863415985910893413e-01
3.291804479353344082e-01
5.727376861397470709e-01
0.000000000000000000e+00
6.045545947007356989e-17
3.830015712088424840e-01
1.891730195241197177e-01
4.338794695873956797e-16
3.234758558923933047e-01
1.815728983863533462e-16
5.727376861397479590e-01
5.727376861397477370e-01
0.000000000000000000e+00
5.727376861397479590e-01
5.727376861397479590e-01
5.727376861397465158e-01
5.727376861397479590e-01
3.104180708433544877e-01
0.000000000000000000e+00
0.000000000000000000e+00
2.452612333213760043e-01
1.814080913037593445e-01
0.000000000000000000e+00
5.727376861397479590e-01
2.647155327850593265e-01
5.727376861397478480e-01
3.569668010391645607e-01
3.954486741456296750e-01
5.727376861397478480e-01
1.977128634214265490e-01
0.000000000000000000e+00
4.626523495200167146e-01
4.823929880334018039e-01
4.629728968590131055e-01
5.727376861397472929e-01
5.275614065988309953e-01
0.000000000000000000e+00
0.000000000000000000e+00
5.047535546619571460e-16
5.727376861397478480e-01
4.301689416424746004e-01
5.727376861397479590e-01
5.727376861397479590e-01
0.000000000000000000e+00
7.841446779568825033e-17
4.352407670163004338e-01
5.727376861397479590e-01
1.612911667719021946e-01
1.184095871906324371e-01
5.901768059524141211e-17
5.727376861397477370e-01
0.000000000000000000e+00
5.727376861397478480e-01
3.538206477117044058e-01
4.611083670192624995e-01
5.727376861397476260e-01
4.438029887601224188e-01
4.280164019285712662e-01
1.750924249855091153e-01
3.402217316268392669e-16
7.378646170070686516e-02
1.827611297212196062e-01
5.727376861397478480e-01
7.778851719618703354e-17
5.727376861397479590e-01
5.727376861397479590e-01
1.481897273371046986e-01
5.727376861397465158e-01
1.032973118917426686e-01
5.727376861397479590e-01
5.727376861397478480e-01
5.727376861397479590e-01
2.887635036942152178e-01
1.368497204174377035e-01
4.819088148573482111e-01
5.727376861397479590e-01
0.000000000000000000e+00
2.895298694125114647e-01
1.540956195536390960e-01
1.861297599775081357e-01
5.115084974574483911e-02
4.993254095806617943e-01
4.010884490988128603e-01
5.541533827804201451e-01
5.727376861397479590e-01
4.466379210169371672e-01
4.916510621743172549e-01
4.047043301802353416e-02
1.926394210933328466e-01
1.241383874705181412e-01
5.727376861397477370e-01
6.130134435763170964e-02
2.504495814092193302e-16
5.190242768586316366e-17
5.727376861397479590e-01
5.727376861397479590e-01
0.000000000000000000e+00
7.602475037341173414e-02
1.115639502101664488e-01
5.727376861397478480e-01
4.699444090446996958e-01
5.727376861397479590e-01
5.727376861397477370e-01
5.727376861397478480e-01
0.000000000000000000e+00
5.727376861397475150e-01
0.000000000000000000e+00
4.998966949677740579e-01
5.727376861397479590e-01
5.727376861397478480e-01
2.174340179109633120e-01
0.000000000000000000e+00
8.862066353648540576e-17
3.161644647385808971e-01
4.416121747705664680e-02
1.499962871596410841e-02
5.577878337656164698e-01
2.028798956637112016e-01
3.373556172470817960e-01
4.175845978864671793e-01
5.727376861397477370e-01
8.005278474457720728e-02
5.727376861397479590e-01
3.721017805337958340e-01
5.727376861397479590e-01
5.727376861397479590e-01
0.000000000000000000e+00
3.582967180924217510e-01
5.727376861397477370e-01
2.073725362494883984e-01
4.825721196434062943e-01
0.000000000000000000e+00
5.727376861397479590e-01
0.000000000000000000e+00
2.475783453454535321e-01
5.727376861397478480e-01
3.704202956340448827e-01
0.000000000000000000e+00
5.004427198955687661e-01
6.988855711183798512e-17
5.727376861397479590e-01
0.000000000000000000e+00
5.727376861397478480e-01
2.060095770315904795e-01
3.271612214088203130e-01
4.444190975964188439e-01
1.831788335354691266e-01
5.007019879586490640e-01
5.249343939666292203e-01
1.085276215308933756e-01
5.727376861397478480e-01
0.000000000000000000e+00
5.727376861397478480e-01
3.957917652816576592e-01
0.000000000000000000e+00
5.727376861397479590e-01
5.727376861397479590e-01
5.533602151882873743e-01
0.000000000000000000e+00
5.727376861397465158e-01
9.894078159387913185e-02
5.727376861397478480e-01
3.468129931735370319e-01
4.366593189084792548e-01
5.727376861397479590e-01
5.727376861397478480e-01
4.001269676145052245e-01
5.727376861397475150e-01
1.028837264309870186e-01
0.000000000000000000e+00
5.195236205468264368e-01
2.394168227266225690e-01
7.977886468165651390e-02
3.206237675151110134e-01
7.499461551082499984e-17
4.728240747226361007e-01
0.000000000000000000e+00
0.000000000000000000e+00
3.902467319516350064e-01
8.256689515648787947e-02
1.042874910302220987e-02
5.481286576650503672e-01
4.871659843138975154e-01
4.206099585114633777e-01
3.461616014650920614e-01
5.727376861397478480e-01
4.233036961918336671e-01
4.479133522067377804e-01
5.727376861397479590e-01
3.135680115595257944e-01
5.727376861397479590e-01
1.091878508551010603e-16
2.787956685109518884e-01
5.727376861397475150e-01
5.727376861397479590e-01
5.727376861397479590e-01
6.397997548481625107e-02
1.984825397368014388e-01
5.727376861397479590e-01
5.727376861397478480e-01
3.602686506832482038e-01
3.094612588005467013e-01
5.727376861397479590e-01
1.345972348404212426e-01
4.600084026816733118e-01
4.393560817523240458e-01
8.266307823699421686e-02
5.673997094165467159e-01
5.727376861397479590e-01
4.165209651536317947e-01
2.361718794266627341e-01
5.727376861397479590e-01
3.986183129668221525e-01
5.727376861397471819e-01
0.000000000000000000e+00
3.747357147768917152e-01
7.787123292138789673e-17
5.727376861397479590e-01
1.959457728588327174e-01
0.000000000000000000e+00
5.727376861397477370e-01
3.983924311977613542e-01
2.526926408178757355e-01
1.662184480500963069e-01
5.586293959301245724e-17
1.005729945400123809e-01
2.177659241873811380e-01
3.314431526655441385e-01
4.950053230727035070e-01
3.924795147672925921e-01
4.910985926252938727e-01
2.498204542267521561e-02
5.727376861397478480e-01
5.727376861397478480e-01
6.703013883999256304e-18
2.104488044074165065e-01
3.681218469657289716e-01
4.198764225605584599e-01
5.727376861397479590e-01
3.706824891716278483e-16
1.129429141040691996e-02
3.724151068961353839e-01
5.727376861397477370e-01
5.727376861397479590e-01
4.621508481121106016e-01
5.727376861397479590e-01
5.727376861397479590e-01
1.522870869775470593e-01
3.224920096783459034e-01
3.981080151701164027e-01
1.624254868495789705e-01
5.727376861397478480e-01
1.787018340440393316e-01
0.000000000000000000e+00
0.000000000000000000e+00
3.217676498461981560e-01
3.259350822206004139e-01
2.168787228425218955e-17
1.432368278178282285e-16
1.687807590589451151e-02
7.625019985060327819e-03
3.593850139875118375e-17
5.444293305814903450e-01
5.727376861397477370e-01
5.727376861397471819e-01
5.727376861397475150e-01
4.850291781838339533e-01
3.536712749487649909e-01
5.727376861397479590e-01
8.338349371084582387e-17
1.325807350147720221e-01
2.187267164845676792e-01
5.727376861397479590e-01
8.036338349892095667e-02
5.447561782376576511e-01
4.653625245096318919e-01
4.350276224549249893e-01
9.868106285523617349e-02
5.727376861397476260e-01
1.763640300742025657e-01
5.727376861397479590e-01
2.149021857308626160e-01
5.727376861397479590e-01
5.727376861397478480e-01
1.756182760666947795e-16
0.000000000000000000e+00
3.163790111870435906e-01
2.005916001531318493e-01
2.464881193325006437e-01
0.000000000000000000e+00
7.423257812927698540e-02
5.727376861397479590e-01
5.605007006219286936e-01
1.987352309826926830e-02
3.743416725967505521e-01
4.658063332379614452e-01
3.665382249451255570e-01
9.697821610611519205e-02
1.758209191614456823e-01
5.205263611769832544e-01
5.727376861397475150e-01
5.727376861397479590e-01
5.727376861397479590e-01
4.981482857369002315e-01
5.158310656366477120e-01
1.751183221243612087e-01
3.452008727667937533e-16
3.208332460334140833e-16
5.727376861397479590e-01
5.727376861397479590e-01
5.727376861397479590e-01
5.727376861397479590e-01
3.582123008635054728e-01
3.213541234873487085e-01
4.876828905195377262e-01
3.455597916293945415e-01
1.700298392590481877e-01
5.727376861397479590e-01
2.106465598484771843e-17
4.035253721075631184e-01
3.654412413667220139e-01
1.770684564311413023e-01
2.824999475971877727e-01
1.751159033301892543e-01
1.445837409013822628e-01
8.285878534047858023e-18
1.491013601639308295e-01
4.504007019104264899e-17
5.727376861397478480e-01
0.000000000000000000e+00
5.727376861397471819e-01
9.006823942780479986e-02
3.877070429926655626e-01
1.977128634213237424e-01
5.727376861397479590e-01
3.995181727563245633e-01
5.727376861397479590e-01
2.697329052629040547e-01
3.960166061018422501e-01
5.727376861397479590e-01
2.133709680116625564e-16
3.491337267502251929e-01
3.121433414825981467e-01
3.291616900927432088e-01
4.552760592972809328e-01
5.322745285731993459e-01
5.727376861397479590e-01
8.358999287016122270e-02
3.995057323672742688e-01
4.003518514506681503e-01
5.727376861397478480e-01
4.891395813542379067e-01
1.663968340154054759e-01
2.420836253487815837e-01
5.727376861397479590e-01
2.187918377014404780e-01
3.266950243424543987e-01
1.260400732662213711e-16
3.893578216134315206e-01
4.329919800569896780e-17
5.774895804972895518e-18
4.411303780164631538e-01
5.727376861397479590e-01
5.727376861397479590e-01
2.501738560065990269e-01
4.744439629058077035e-01
3.746752909239853269e-01
5.727376861397478480e-01
1.977685601211597588e-01
2.239404352399607112e-01
5.495177575091269029e-01
3.761627772128676162e-01
5.727376861397479590e-01
2.637154844318532199e-01
5.027122132003630783e-01
4.389948675932508482e-01
5.727376861397478480e-01
1.390614262109483024e-01
5.727376861397479590e-01
5.727376861397476260e-01
3.600198110854312405e-01
4.615921354318562320e-01
5.727376861397479590e-01
1.565721448059109455e-01
2.207319302557178564e-01
5.727376861397475150e-01
3.881489629566540216e-16
2.811462799649001736e-17
2.398054616504367575e-01
5.455059283827456973e-01
5.337477049691174980e-01
0.000000000000000000e+00
3.192039629035470782e-01
3.564153817224224863e-01
5.727376861397479590e-01
5.727376861397479590e-01
7.696115118849691510e-17
3.404072552476709125e-16
2.909851317017106420e-01
3.977683636499728115e-01
5.727376861397479590e-01
5.727376861397479590e-01
3.851774335645747338e-01
5.727376861397479590e-01
5.727376861397477370e-01
4.332235159212149411e-01
1.689088147521532746e-01
0.000000000000000000e+00
5.727376861397479590e-01
2.530310913142184703e-01
2.642039904549569607e-01
2.243692887923949285e-16
5.727376861397479590e-01
3.000537247527373517e-17
2.632955471516615006e-02
1.227239170316439670e-01
5.787197037755581257e-17
2.740001852159624218e-01
5.283930362506176204e-01
4.165629957752973178e-01
2.974190862804082123e-04
5.727376861397479590e-01
5.727376861397479590e-01
5.727376861397479590e-01
3.161872695392591304e-01
5.727376861397479590e-01
5.727376861397479590e-01
4.735938648244351623e-01
0.000000000000000000e+00
4.589261238171407076e-01
1.837420845951503456e-01
9.547274007913344866e-17
0.000000000000000000e+00
5.727376861397479590e-01
5.727376861397479590e-01
2.704574357608872104e-01
2.049651602706755449e-01
5.727376861397479590e-01
3.956864513989251098e-01
4.786114782150637237e-01
5.727376861397479590e-01
1.785716560475647807e-01
4.994179633639123650e-01
5.727376861397479590e-01
5.727376861397476260e-01
3.238144867004306704e-01
1.483010219691753511e-16
3.977643282530574642e-01
2.442582011714761747e-01
5.727376861397462937e-01
1.688343552784050683e-01
2.972361994669827090e-01
5.727376861397479590e-01
1.333046182808922500e-16
4.790929412242976304e-01
4.309463704134349760e-01
4.714343782996476273e-01
5.727376861397479590e-01
5.727376861397476260e-01
5.420284503511897389e-01
5.727376861397478480e-01
2.546781121091574659e-02
5.440128100612479090e-01
5.727376861397478480e-01
5.727376861397479590e-01
3.249875062204762854e-01
5.727376861397479590e-01
1.584075686144917061e-01
0.000000000000000000e+00
0.000000000000000000e+00
0.000000000000000000e+00
1.215547197748176461e-01
4.311162877111102687e-01
1.221741278502318753e-16
3.711014298445615145e-01
3.598056681748126318e-01
5.727376861397479590e-01
5.688910519574071900e-01
3.815532879967247770e-01
9.222805001357359256e-02
2.056801140971897812e-01
3.696801551645427231e-01
3.250749458967694960e-01
5.727376861397479590e-01
5.797730625939689067e-16
3.934421957042893991e-01
5.727376861397477370e-01
5.727376861397479590e-01
0.000000000000000000e+00
5.727376861397479590e-01
3.041725096063284117e-01
4.199053322562016355e-01
5.727376861397479590e-01
6.979428073739613048e-02
1.320177376968553473e-01
1.261434395336916703e-01
5.727376861397479590e-01
4.088346341431032815e-01
4.856588239186876019e-17
0.000000000000000000e+00
2.101239835883340814e-03
5.727376861397479590e-01
1.041597682895488712e-17
2.462872572030269380e-01
5.120916090414544541e-01
5.727376861397478480e-01
4.672861455257297236e-01
5.616125100065421094e-01
1.847029569592032253e-02
5.727376861397478480e-01
5.727376861397479590e-01
3.566538293673349180e-01
4.392673078222392552e-19
4.768017579325573389e-18
3.212271044909774667e-17
5.727376861397479590e-01
5.638392735040465009e-01
5.624616988921633531e-01
4.186994079613432507e-01
0.000000000000000000e+00
5.727376861397479590e-01
4.084074294385444115e-01
4.239315241866849493e-01
0.000000000000000000e+00
1.082247316529053871e-01
3.865346677098845940e-01
0.000000000000000000e+00
1.849782201050966801e-01
0.000000000000000000e+00
5.727376861397471819e-01
5.135926288249725857e-01
4.786249173357405573e-02
9.229995533436783975e-17
5.727376861397479590e-01
5.727376861397479590e-01
5.673865778198946552e-01
2.994179216650064701e-01
1.972054701775920460e-01
9.596356069288682761e-03
7.725051864722996551e-17
5.727376861397479590e-01
4.090113099374061423e-01
5.727376861397478480e-01
5.727376861397468488e-01
2.385475596910199281e-01
2.870839370038690344e-02
6.891280003519700825e-02
5.727376861397478480e-01
4.368296742645385033e-01
0.000000000000000000e+00
5.727376861397479590e-01
5.727376861397478480e-01
5.727376861397479590e-01
4.249761846345660454e-01
3.191550590232661957e-17
4.693328671637249094e-01
2.203579595169023742e-01
4.236899837670430879e-01
2.911890848626555450e-01
5.727376861397479590e-01
5.727376861397457386e-01
1.899828743859744984e-01
3.511651695558500735e-02
4.600903320212527126e-01
5.677552406653775252e-01
2.860727444894172744e-01
3.924487572832476845e-01
3.140014948535388428e-01
3.951870641865956046e-01
5.727376861397479590e-01
2.585271726119994090e-02
5.462075422782531470e-02
0.000000000000000000e+00
5.727376861397479590e-01
2.240944117517620349e-01
3.957931961326623949e-01
5.727376861397479590e-01
0.000000000000000000e+00
3.924981621088276529e-01
5.727376861397479590e-01
5.727376861397479590e-01
4.054707613359606055e-01
5.191547792432853470e-01
5.727376861397474039e-01
2.153358834277378786e-01
5.727376861397479590e-01
3.943917655852564597e-01
5.727376861397479590e-01
5.727376861397478480e-01
3.289732798356496679e-01
3.685004494673886355e-01
3.338620360837489254e-01
3.705473204871161941e-01
2.819994102356038757e-01
2.949072648474226344e-01
3.936630547848821715e-01
4.660725416413199484e-01
6.801659575468811669e-02
5.727376861397478480e-01
4.439360656311786002e-01
1.987482732907455696e-01
1.524043248004768036e-01
5.727376861397478480e-01
0.000000000000000000e+00
5.727376861397479590e-01
3.209436581927479493e-01
5.404920398420804961e-01
5.727376861397475150e-01
5.727376861397479590e-01
1.053253628461669894e-01
5.727376861397478480e-01
