0.000000000000000000e+00
5.932125050263188492e-13
2.285329936371347235e-11
8.427898465789259458e-12
1.972327321668795856e-11
0.000000000000000000e+00
0.000000000000000000e+00
0.000000000000000000e+00
0.000000000000000000e+00
0.000000000000000000e+00
9.146533249402606831e-12
0.000000000000000000e+00
0.000000000000000000e+00
0.000000000000000000e+00
0.000000000000000000e+00
8.896648063301260692e-13
2.275877931421195862e-11
0.000000000000000000e+00
1.284048538437043295e-12
0.000000000000000000e+00
3.218800749221087886e-12
0.000000000000000000e+00
1.612821346408345551e-11
0.000000000000000000e+00
7.783388848414357128e-12
3.464672762867749635e-12
0.000000000000000000e+00
2.129627810418459072e-11
3.102483052776671305e-12
1.837918095461916010e-11
0.000000000000000000e+00
6.238042901953392269e-12
1.010815924301943895e-11
8.018327576432527914e-01
1.362656484214401856e-11
1.679964130416697973e-11
0.000000000000000000e+00
0.000000000000000000e+00
0.000000000000000000e+00
0.000000000000000000e+00
0.000000000000000000e+00
1.766842347701787231e-11
2.788020949126161203e-11
0.000000000000000000e+00
0.000000000000000000e+00
5.990919069034384981e-01
0.000000000000000000e+00
0.000000000000000000e+00
0.000000000000000000e+00
1.426591199522663966e-11
0.000000000000000000e+00
1.938899444865107189e-11
0.000000000000000000e+00
1.355370448842855069e-12
0.000000000000000000e+00
0.000000000000000000e+00
0.000000000000000000e+00
0.000000000000000000e+00
0.000000000000000000e+00
1.088297338581066806e-10
0.000000000000000000e+00
0.000000000000000000e+00
2.186409417904414900e-11
5.806785027689711143e-12
0.000000000000000000e+00
1.690165394225418486e-11
0.000000000000000000e+00
1.451912101813578004e-11
0.000000000000000000e+00
6.731002510215390693e-12
2.319564050968592812e-11
2.052243170639631262e-12
8.018327590901593860e-01
0.000000000000000000e+00
0.000000000000000000e+00
9.171028339558939988e-13
8.952913798122439595e-12
1.155063640747982642e-11
7.534586318617591530e-12
0.000000000000000000e+00
0.000000000000000000e+00
1.964304541771711634e-11
8.018327590620917267e-01
2.539296969539357659e-12
3.900274541697598796e-12
0.000000000000000000e+00
0.000000000000000000e+00
0.000000000000000000e+00
0.000000000000000000e+00
2.356422040341290416e-12
4.871816591492749708e-12
0.000000000000000000e+00
1.752860016996623151e-11
0.000000000000000000e+00
0.000000000000000000e+00
3.039753595839472709e-11
1.402535537312747441e-12
0.000000000000000000e+00
4.140765228304167712e-12
0.000000000000000000e+00
1.655761396481291092e-11
1.259222687532403081e-11
0.000000000000000000e+00
0.000000000000000000e+00
0.000000000000000000e+00
0.000000000000000000e+00
2.804186637136278915e-01
7.282269721073891096e-12
0.000000000000000000e+00
0.000000000000000000e+00
2.108114615572919579e-11
0.000000000000000000e+00
0.000000000000000000e+00
1.543460018208376372e-11
6.226386208022060907e-13
4.216455926697501775e-10
2.509384886611589797e-12
0.000000000000000000e+00
4.458289908263204661e-12
3.532501374234006326e-10
8.036212688211282109e-12
0.000000000000000000e+00
0.000000000000000000e+00
4.256341791906488299e-12
1.412929537236147009e-13
0.000000000000000000e+00
1.918441370502338340e-12
0.000000000000000000e+00
9.407764525241833279e-12
0.000000000000000000e+00
5.107893401014702116e-12
0.000000000000000000e+00
3.151865688557739026e-11
0.000000000000000000e+00
1.208769705729465843e-12
0.000000000000000000e+00
7.647434751800300215e-12
0.000000000000000000e+00
6.647829682197651689e-12
0.000000000000000000e+00
1.092805659485939141e-11
0.000000000000000000e+00
3.056744254230274948e-12
3.188224084876274152e-11
1.498201535394277714e-11
2.336794880850316236e-12
1.004279774116877693e-11
0.000000000000000000e+00
0.000000000000000000e+00
6.404118967933106628e-12
0.000000000000000000e+00
0.000000000000000000e+00
0.000000000000000000e+00
0.000000000000000000e+00
0.000000000000000000e+00
1.032934793262343286e-11
0.000000000000000000e+00
0.000000000000000000e+00
9.561539122350152322e-12
1.335630875483720010e-11
1.331027186113056236e-11
2.278235924240434399e-11
0.000000000000000000e+00
0.000000000000000000e+00
0.000000000000000000e+00
0.000000000000000000e+00
1.146492339294105101e-11
0.000000000000000000e+00
0.000000000000000000e+00
1.075243759830792289e-12
0.000000000000000000e+00
0.000000000000000000e+00
5.230377842682404211e-12
2.173363107200002147e-11
0.000000000000000000e+00
7.194089945052663115e-12
0.000000000000000000e+00
0.000000000000000000e+00
5.897227391934687740e-12
0.000000000000000000e+00
1.821186341748676037e-11
0.000000000000000000e+00
0.000000000000000000e+00
0.000000000000000000e+00
0.000000000000000000e+00
2.330085621393008943e-11
0.000000000000000000e+00
1.768630862139963500e-11
4.921721574284464794e-12
0.000000000000000000e+00
2.350078515692612433e-11
2.430130232371830059e-11
0.000000000000000000e+00
8.018327590621043832e-01
0.000000000000000000e+00
0.000000000000000000e+00
1.268578805511861008e-11
8.018327590511948877e-01
0.000000000000000000e+00
3.156567383193253702e-12
0.000000000000000000e+00
2.177737163624431627e-12
1.976179210455129187e-11
0.000000000000000000e+00
0.000000000000000000e+00
0.000000000000000000e+00
8.018327605956472315e-01
4.417362974390463786e-13
1.806109481613548796e-11
6.065908866870292948e-12
8.018327575193676671e-01
4.471041872309940564e-12
0.000000000000000000e+00
1.932037261241548287e-11
6.698811936187604970e-12
0.000000000000000000e+00
8.665619700411075457e-12
0.000000000000000000e+00
6.426498098888276774e-12
4.541081794639720696e-12
1.961105614703354740e-11
4.602815339686076098e-12
0.000000000000000000e+00
9.510013979494382923e-12
0.000000000000000000e+00
1.328555782958194783e-11
1.936696721463342020e-11
1.990220821704777767e-11
0.000000000000000000e+00
0.000000000000000000e+00
0.000000000000000000e+00
0.000000000000000000e+00
1.073726281185151245e-11
0.000000000000000000e+00
0.000000000000000000e+00
3.555061998268029547e-12
0.000000000000000000e+00
2.825344215154126694e-12
0.000000000000000000e+00
1.081019253034274973e-11
1.303451015174618802e-11
8.018327590502892788e-01
0.000000000000000000e+00
0.000000000000000000e+00
1.410923062968497207e-12
1.691813841761569959e-01
0.000000000000000000e+00
0.000000000000000000e+00
0.000000000000000000e+00
1.939335356451536053e-12
1.813270614928576144e-11
0.000000000000000000e+00
2.116023873525336493e-11
1.144600215089480336e-12
0.000000000000000000e+00
0.000000000000000000e+00
0.000000000000000000e+00
0.000000000000000000e+00
0.000000000000000000e+00
0.000000000000000000e+00
5.851884004285043513e-11
1.162195962490860187e-11
2.951114839735244104e-10
1.426415370781582491e-12
2.167092776696885290e-12
2.422942065712146440e-12
0.000000000000000000e+00
0.000000000000000000e+00
1.553414757856487482e-11
4.316244616640109275e-12
0.000000000000000000e+00
0.000000000000000000e+00
4.816301387609881310e-12
0.000000000000000000e+00
0.000000000000000000e+00
0.000000000000000000e+00
1.241298024557766185e-11
0.000000000000000000e+00
4.915265787220403571e-12
3.163791767588353959e-11
5.051367687867603013e-12
3.054194271496235852e-11
0.000000000000000000e+00
0.000000000000000000e+00
4.480689225697345489e-12
0.000000000000000000e+00
3.687990423266724374e-12
8.018327591056862991e-01
0.000000000000000000e+00
6.674908928640961951e-12
8.018327590503941948e-01
6.965118882007871190e-12
4.418771171945377936e-12
0.000000000000000000e+00
0.000000000000000000e+00
0.000000000000000000e+00
0.000000000000000000e+00
0.000000000000000000e+00
9.413175412505703286e-12
2.049709545947395055e-11
0.000000000000000000e+00
0.000000000000000000e+00
1.172913920089444577e-11
0.000000000000000000e+00
4.240568474263378602e-12
0.000000000000000000e+00
0.000000000000000000e+00
8.018327597061398748e-01
0.000000000000000000e+00
5.860832804519176654e-13
0.000000000000000000e+00
0.000000000000000000e+00
5.102102308077424290e-12
9.142869410701407497e-12
8.567432271768348405e-12
0.000000000000000000e+00
0.000000000000000000e+00
2.307226697869172814e-11
1.899365035399604103e-11
8.018327595494765259e-01
1.425023707708694559e-11
0.000000000000000000e+00
1.058576649718495214e-11
1.258328136644551627e-11
0.000000000000000000e+00
0.000000000000000000e+00
0.000000000000000000e+00
0.000000000000000000e+00
0.000000000000000000e+00
0.000000000000000000e+00
0.000000000000000000e+00
0.000000000000000000e+00
1.590321026946366461e-11
2.023030531160150149e-11
1.073036722414962689e-11
6.715737944046881143e-12
0.000000000000000000e+00
2.113033058712277780e-11
0.000000000000000000e+00
0.000000000000000000e+00
0.000000000000000000e+00
0.000000000000000000e+00
8.294229884204771565e-13
1.209821410976715031e-11
1.668985910937789728e-11
4.177807262622649702e-12
0.000000000000000000e+00
0.000000000000000000e+00
0.000000000000000000e+00
0.000000000000000000e+00
0.000000000000000000e+00
0.000000000000000000e+00
0.000000000000000000e+00
3.947476184769594613e-12
0.000000000000000000e+00
0.000000000000000000e+00
0.000000000000000000e+00
5.163291736742671415e-12
1.106358003287930369e-11
0.000000000000000000e+00
0.000000000000000000e+00
2.120339419173242327e-11
0.000000000000000000e+00
8.680532812850880865e-12
6.865238203972490168e-12
0.000000000000000000e+00
0.000000000000000000e+00
0.000000000000000000e+00
0.000000000000000000e+00
0.000000000000000000e+00
2.967578266099554519e-11
4.929126466796765860e-12
1.370487823398492613e-12
0.000000000000000000e+00
8.405892303073506247e-12
0.000000000000000000e+00
0.000000000000000000e+00
0.000000000000000000e+00
9.752154216684833755e-12
0.000000000000000000e+00
3.888664723328528509e-12
0.000000000000000000e+00
3.363858830125028408e-12
6.443721902828433253e-12
2.525000674346828048e-11
9.699273213232072175e-12
5.163890703773838800e-12
0.000000000000000000e+00
2.125298793664189777e-11
1.648592024242495928e-11
1.211198151297620109e-11
4.067709054177795175e-11
3.636549808104309498e-12
0.000000000000000000e+00
0.000000000000000000e+00
2.501429712076478287e-12
5.929653466229708775e-12
0.000000000000000000e+00
5.206983491975311754e-12
7.181712782178630085e-12
0.000000000000000000e+00
4.802475007461891587e-12
2.006729234559201909e-12
8.018327592466407694e-01
0.000000000000000000e+00
0.000000000000000000e+00
1.075386542762871484e-11
1.455869575340093140e-11
1.718807594256870317e-12
1.012104821344063376e-11
5.474757609614402470e-12
6.650352593605606409e-12
0.000000000000000000e+00
0.000000000000000000e+00
3.715414648816782184e-01
2.097655835211545009e-11
7.706156998014814833e-12
1.649170510031944097e-12
9.395859996996005467e-12
6.646465400446204678e-10
4.745387501698280566e-12
7.456437393385118830e-13
0.000000000000000000e+00
5.573088686989411139e-13
0.000000000000000000e+00
0.000000000000000000e+00
1.097553012480515641e-11
0.000000000000000000e+00
7.777934298107284154e-12
0.000000000000000000e+00
0.000000000000000000e+00
1.397904565449738726e-11
0.000000000000000000e+00
0.000000000000000000e+00
2.593696939377569122e-12
2.170967659929214918e-11
5.102464833184272815e-12
0.000000000000000000e+00
2.221436871772349658e-11
4.898306168362576113e-12
0.000000000000000000e+00
0.000000000000000000e+00
0.000000000000000000e+00
0.000000000000000000e+00
9.300820650688042933e-12
0.000000000000000000e+00
0.000000000000000000e+00
6.621264293275833512e-12
3.062150117323781590e-12
2.373709921664172791e-12
1.822656300609258058e-11
4.061724586458403678e-11
1.252453296090632168e-11
8.930665317150176025e-12
4.822349573622459232e-12
0.000000000000000000e+00
0.000000000000000000e+00
0.000000000000000000e+00
0.000000000000000000e+00
2.483402557392938395e-11
0.000000000000000000e+00
0.000000000000000000e+00
0.000000000000000000e+00
0.000000000000000000e+00
2.287138282579463324e-11
0.000000000000000000e+00
1.202137419303023685e-11
1.375983473656847493e-11
1.522524865845698230e-11
0.000000000000000000e+00
0.000000000000000000e+00
0.000000000000000000e+00
0.000000000000000000e+00
0.000000000000000000e+00
1.774120781963492275e-11
0.000000000000000000e+00
0.000000000000000000e+00
3.957658409443035678e-11
2.633799715515248080e-11
1.697101620375967073e-11
8.284830402353040641e-12
8.626250421610334782e-12
6.568086428541910736e-12
4.408934011718659824e-12
5.423276996816114548e-13
5.633228731448090464e-12
1.183261183103682898e-13
0.000000000000000000e+00
6.599781651722411491e-12
0.000000000000000000e+00
0.000000000000000000e+00
1.603211542943254176e-11
0.000000000000000000e+00
0.000000000000000000e+00
8.327034985998012838e-12
2.174937012325756335e-11
2.640514104591794659e-12
7.094709469027929923e-12
0.000000000000000000e+00
1.582361866055734817e-11
7.698275515294998886e-12
3.555981972736941653e-11
0.000000000000000000e+00
0.000000000000000000e+00
1.593202917813487244e-09
0.000000000000000000e+00
0.000000000000000000e+00
0.000000000000000000e+00
2.002614897604098263e-11
0.000000000000000000e+00
0.000000000000000000e+00
8.475854834847548878e-13
0.000000000000000000e+00
0.000000000000000000e+00
0.000000000000000000e+00
0.000000000000000000e+00
3.959566310287892609e-12
3.206090888466170130e-11
1.338509786200570017e-11
0.000000000000000000e+00
0.000000000000000000e+00
5.083575038096498596e-12
1.479994913406014445e-12
1.506349199496262235e-11
0.000000000000000000e+00
5.601886110282309240e-12
1.674895114106335139e-11
0.000000000000000000e+00
0.000000000000000000e+00
3.762257650616079538e-12
5.867043758236999263e-12
1.785680404781948437e-12
0.000000000000000000e+00
0.000000000000000000e+00
0.000000000000000000e+00
0.000000000000000000e+00
6.680845074601205783e-12
1.968135090889536263e-11
8.814358222977166366e-12
2.892040676653712593e-10
0.000000000000000000e+00
8.018327590915077518e-01
3.054999988554603058e-11
6.014195643061259120e-12
0.000000000000000000e+00
4.155769860211303219e-12
5.585483012163245269e-12
3.415319761649039213e-11
0.000000000000000000e+00
3.093735425110725362e-11
2.016731233800233103e-11
1.940180619153072503e-11
0.000000000000000000e+00
9.932252798621886214e-12
4.416704778420909913e-12
2.288016939890443350e-12
4.931538893503716843e-12
1.247293235535978260e-11
0.000000000000000000e+00
0.000000000000000000e+00
0.000000000000000000e+00
0.000000000000000000e+00
0.000000000000000000e+00
4.043236011488055760e-12
2.958340691907568974e-12
9.332748627485921094e-12
8.018327595496035354e-01
0.000000000000000000e+00
2.993783565525855346e-11
6.815625346312366075e-12
1.980410712806420381e-11
1.341065823777911966e-11
0.000000000000000000e+00
1.996025422747331978e-09
4.962731111341726065e-01
2.907076584646372913e-12
0.000000000000000000e+00
0.000000000000000000e+00
8.445430723482230514e-12
0.000000000000000000e+00
5.559652105396624912e-13
5.983428953092429544e-12
8.018327595494356697e-01
0.000000000000000000e+00
8.018327595495904347e-01
3.464265880605184829e-12
0.000000000000000000e+00
0.000000000000000000e+00
0.000000000000000000e+00
9.483254124618832666e-10
6.612889285422096149e-12
3.777922240527516989e-13
0.000000000000000000e+00
2.021370859712912661e-12
8.018327590503006030e-01
1.065815627067664659e-12
3.600604252954968095e-12
0.000000000000000000e+00
4.038201519782357520e-12
0.000000000000000000e+00
3.498782192758830039e-12
0.000000000000000000e+00
0.000000000000000000e+00
1.594480400069635356e-12
2.951072617330609698e-10
8.018327597117709260e-01
4.470128330666284838e-12
3.948950219047461556e-11
3.655889308151302879e-11
2.315606980892793179e-11
6.479837368274274091e-12
0.000000000000000000e+00
6.634562876496717885e-13
9.483785165579366791e-12
0.000000000000000000e+00
0.000000000000000000e+00
5.800119798945143883e-10
2.146595668362799386e-12
2.151889545864675494e-12
2.289494998495673738e-11
9.899803010923569857e-12
0.000000000000000000e+00
0.000000000000000000e+00
9.526269657858224058e-12
0.000000000000000000e+00
2.338646869778394261e-12
1.141829565066086343e-11
8.058355974303795951e-12
2.711981758055949187e-11
8.018327590502590807e-01
0.000000000000000000e+00
2.492217274240441907e-11
0.000000000000000000e+00
1.697702489794935534e-11
5.822230137914074175e-12
0.000000000000000000e+00
0.000000000000000000e+00
0.000000000000000000e+00
7.320644029094916926e-12
8.980244275235282959e-13
0.000000000000000000e+00
0.000000000000000000e+00
3.709726699938992097e-11
3.634975739207881477e-12
3.903354371336816949e-11
5.888482433292279405e-12
0.000000000000000000e+00
3.068724636318944136e-11
0.000000000000000000e+00
0.000000000000000000e+00
7.414651537166091052e-12
3.275044982582022749e-11
4.124857058216488593e-12
0.000000000000000000e+00
8.264461017945982958e-12
0.000000000000000000e+00
6.712055780763004852e-12
8.821480071952134018e-12
3.750750538661069820e-12
0.000000000000000000e+00
0.000000000000000000e+00
2.715664136242106167e-11
4.008495777421589135e-12
1.440307518696404038e-13
0.000000000000000000e+00
0.000000000000000000e+00
0.000000000000000000e+00
0.000000000000000000e+00
0.000000000000000000e+00
0.000000000000000000e+00
0.000000000000000000e+00
2.247560419765630983e-12
0.000000000000000000e+00
4.330721120842606995e-12
5.132101589764963113e-12
8.388098153410942582e-12
8.625059551069053139e-12
0.000000000000000000e+00
0.000000000000000000e+00
2.079778205565142016e-11
0.000000000000000000e+00
4.365645416563436770e-13
6.512430210800504592e-12
6.454357643261466270e-12
1.255300491310741425e-11
1.899082229325799996e-11
0.000000000000000000e+00
7.813694306080452876e-12
6.001990531359665710e-13
9.677108674541933986e-12
0.000000000000000000e+00
6.822665120013054972e-13
0.000000000000000000e+00
6.911769008589800899e-12
1.814993262043975560e-11
1.128037275415362757e-12
9.684212458480371347e-13
0.000000000000000000e+00
1.773815357186635827e-11
0.000000000000000000e+00
2.916425812257424206e-11
3.453486443222257463e-11
5.932965923397690148e-12
3.771563444843707157e-12
0.000000000000000000e+00
0.000000000000000000e+00
7.077352540619728018e-12
3.025854461686843317e-12
0.000000000000000000e+00
2.163788387212957311e-11
0.000000000000000000e+00
6.337287982856341731e-12
3.162251681306571946e-13
0.000000000000000000e+00
0.000000000000000000e+00
1.524541061571818223e-11
1.042085773162379536e-11
0.000000000000000000e+00
8.060488795706798762e-12
3.387901425966620876e-12
2.535760465259568506e-11
1.108441728858356277e-11
2.007090929138820623e-11
1.549132079082489278e-11
2.061235464234250813e-12
0.000000000000000000e+00
2.410218487823487859e-11
0.000000000000000000e+00
3.622731516156086526e-12
0.000000000000000000e+00
1.996298182419343717e-11
0.000000000000000000e+00
7.406114829797326649e-12
2.752280046793449795e-12
1.530344064234165053e-11
0.000000000000000000e+00
1.342457044525294362e-11
0.000000000000000000e+00
0.000000000000000000e+00
0.000000000000000000e+00
1.231693678074363761e-11
0.000000000000000000e+00
8.018327590511735714e-01
8.018327590777450942e-01
0.000000000000000000e+00
0.000000000000000000e+00
0.000000000000000000e+00
0.000000000000000000e+00
2.276110586630692325e-11
2.187843748988874129e-12
0.000000000000000000e+00
2.271603780831375621e-12
0.000000000000000000e+00
0.000000000000000000e+00
7.063244624043235512e-12
3.747568519707533158e-12
0.000000000000000000e+00
8.319509849742137625e-12
0.000000000000000000e+00
0.000000000000000000e+00
0.000000000000000000e+00
7.187050041634845840e-12
4.534984580103825896e-12
4.973926581285007993e-12
7.576908718231655570e-12
2.216124159487041422e-11
2.170310167000155318e-12
2.090772712153363923e-11
2.538551157903699383e-11
0.000000000000000000e+00
1.399783512749200122e-11
0.000000000000000000e+00
0.000000000000000000e+00
0.000000000000000000e+00
0.000000000000000000e+00
0.000000000000000000e+00
0.000000000000000000e+00
0.000000000000000000e+00
2.437129658813196580e-11
9.504236401363034355e-12
0.000000000000000000e+00
8.018327590766038959e-01
1.316926420268996224e-11
4.376292727433460433e-12
9.916783456846636181e-12
1.083979064144063085e-11
0.000000000000000000e+00
1.858769541036514966e-11
0.000000000000000000e+00
0.000000000000000000e+00
0.000000000000000000e+00
0.000000000000000000e+00
1.082289805494932084e-11
1.116221672915523295e-11
1.111211533398726065e-11
0.000000000000000000e+00
3.205523674961960231e-11
2.319121798368297532e-12
1.162144069257817911e-11
0.000000000000000000e+00
0.000000000000000000e+00
0.000000000000000000e+00
0.000000000000000000e+00
1.444291415306292649e-11
0.000000000000000000e+00
8.018327590621099343e-01
4.091903705265033556e-13
0.000000000000000000e+00
0.000000000000000000e+00
2.092579454507703422e-12
6.056220039629713649e-12
1.024468137309365273e-11
7.190322961195230924e-12
0.000000000000000000e+00
1.158864539551045993e-11
3.623273802303257699e-11
0.000000000000000000e+00
0.000000000000000000e+00
0.000000000000000000e+00
0.000000000000000000e+00
9.400283363198737730e-12
0.000000000000000000e+00
0.000000000000000000e+00
9.870156412414721203e-12
0.000000000000000000e+00
0.000000000000000000e+00
1.584410350525762531e-11
2.069702366498966570e-11
3.714602818813789111e-11
0.000000000000000000e+00
2.942695895917563610e-12
0.000000000000000000e+00
2.802337774185442253e-12
1.826433478260346834e-12
0.000000000000000000e+00
0.000000000000000000e+00
3.715908458509215029e-01
0.000000000000000000e+00
4.999945667366346595e-12
0.000000000000000000e+00
0.000000000000000000e+00
0.000000000000000000e+00
3.842583682864958544e-11
0.000000000000000000e+00
2.801297848537216309e-11
0.000000000000000000e+00
5.061126282092572652e-13
8.635531234693298196e-12
0.000000000000000000e+00
3.019820371659617459e-12
0.000000000000000000e+00
2.192759405209037688e-11
0.000000000000000000e+00
4.175496994688506492e-12
3.979190132361321602e-12
8.549659967056989008e-12
0.000000000000000000e+00
0.000000000000000000e+00
5.052789271799327923e-12
0.000000000000000000e+00
1.045161715750497074e-11
1.335657385346905504e-12
1.015147503104404014e-11
8.018327600508766695e-01
2.253528923050838730e-12
0.000000000000000000e+00
3.789416556110436348e-11
3.575483261425851017e-11
0.000000000000000000e+00
1.031531999536449208e-11
2.073788170994048413e-11
1.296629496765972296e-11
