1.417747165864936471e-12
0.000000000000000000e+00
0.000000000000000000e+00
0.000000000000000000e+00
0.000000000000000000e+00
8.135024360402330247e-13
5.887595114136569249e-13
0.000000000000000000e+00
1.625908503514354005e-12
1.540114373479019315e-12
0.000000000000000000e+00
8.622852327740259827e-13
1.442334802916954201e-12
6.351084466234184683e-13
1.120330180048537363e-12
0.000000000000000000e+00
0.000000000000000000e+00
7.923348573403126358e-12
0.000000000000000000e+00
7.488293760243066723e-13
0.000000000000000000e+00
1.094170607151851150e-12
0.000000000000000000e+00
1.532216552349485902e-12
0.000000000000000000e+00
0.000000000000000000e+00
8.045688021485305429e-13
0.000000000000000000e+00
0.000000000000000000e+00
0.000000000000000000e+00
1.551073499310188899e-13
0.000000000000000000e+00
0.000000000000000000e+00
5.727376861397479590e-01
0.000000000000000000e+00
0.000000000000000000e+00
1.098723008621814296e-13
1.241433522924730169e-12
1.626726821603693402e-12
5.471189048537071807e-14
1.481107992063451624e-12
0.000000000000000000e+00
0.000000000000000000e+00
1.980654853036299744e-12
4.303006982121923827e-13
5.727376861397479590e-01
0.000000000000000000e+00
2.803588046804979601e-12
7.928424374336654017e-12
0.000000000000000000e+00
8.351577877754556099e-12
0.000000000000000000e+00
1.165108927966936365e-12
0.000000000000000000e+00
9.930061146128652214e-12
2.899939124791406456e-13
5.242165559441445089e-13
7.294432148441936733e-12
1.707900845179828041e-12
0.000000000000000000e+00
8.080987224434970913e-12
2.290332383276007211e-12
0.000000000000000000e+00
0.000000000000000000e+00
1.058202837162849519e-11
0.000000000000000000e+00
6.268082080405740082e-13
0.000000000000000000e+00
2.321429207911499577e-12
0.000000000000000000e+00
0.000000000000000000e+00
0.000000000000000000e+00
5.727376861397479590e-01
4.567129393049101757e-13
1.279568477438818744e-12
0.000000000000000000e+00
0.000000000000000000e+00
0.000000000000000000e+00
0.000000000000000000e+00
9.847364613827694751e-12
1.802920307841839347e-12
0.000000000000000000e+00
5.727376861397479590e-01
0.000000000000000000e+00
0.000000000000000000e+00
7.026737663539334536e-13
2.317887314761340134e-12
8.367265127418443227e-13
1.158968658143738823e-12
0.000000000000000000e+00
0.000000000000000000e+00
1.194255773010492279e-12
0.000000000000000000e+00
1.397550001573195175e-12
1.795016974383397872e-12
0.000000000000000000e+00
0.000000000000000000e+00
4.192068051143889423e-12
0.000000000000000000e+00
6.504988475623080724e-13
0.000000000000000000e+00
0.000000000000000000e+00
2.613450587457322117e-13
1.888407031920514029e-12
3.137559989479643745e-13
6.788731616351884475e-13
5.625267077070741362e-01
0.000000000000000000e+00
7.223136168124818536e-12
8.792367431281962935e-13
0.000000000000000000e+00
0.000000000000000000e+00
1.413211867316085096e-12
0.000000000000000000e+00
0.000000000000000000e+00
0.000000000000000000e+00
0.000000000000000000e+00
9.195983257721649045e-13
0.000000000000000000e+00
5.028722561793882440e-01
0.000000000000000000e+00
4.774870118698266171e-13
1.483441044151472983e-12
0.000000000000000000e+00
0.000000000000000000e+00
7.397209115817473312e-12
0.000000000000000000e+00
1.154779932467581401e-12
0.000000000000000000e+00
1.474121103416787874e-12
0.000000000000000000e+00
8.038758309269553357e-12
0.000000000000000000e+00
2.278827900426409479e-12
0.000000000000000000e+00
4.175569140836044912e-13
0.000000000000000000e+00
2.395145934838232981e-12
0.000000000000000000e+00
9.842753367978327695e-13
0.000000000000000000e+00
2.937854843949471915e-12
0.000000000000000000e+00
0.000000000000000000e+00
0.000000000000000000e+00
0.000000000000000000e+00
0.000000000000000000e+00
1.042076339175437210e-11
1.922162431822275648e-14
0.000000000000000000e+00
2.518077284342908641e-12
3.036400091808251391e-12
6.419689595576418882e-12
3.016847013692301595e-12
1.310374010734756883e-12
0.000000000000000000e+00
8.984704528977253277e-13
1.261144921195515687e-12
0.000000000000000000e+00
0.000000000000000000e+00
0.000000000000000000e+00
0.000000000000000000e+00
5.221107451319396189e-14
2.625723131634776950e-13
4.772572440338592171e-13
7.194033143886917970e-12
0.000000000000000000e+00
0.000000000000000000e+00
1.031826946746709064e-12
0.000000000000000000e+00
5.337743907992750670e-13
1.924296114344231050e-12
0.000000000000000000e+00
0.000000000000000000e+00
5.120292121832940106e-12
0.000000000000000000e+00
4.308965500589240365e-13
7.190910368036759996e-14
0.000000000000000000e+00
2.244683845829703798e-12
0.000000000000000000e+00
1.763900839400062812e-12
7.931474787384983793e-12
2.296508780076481308e-13
1.320756558790646830e-12
0.000000000000000000e+00
7.626161544181724235e-13
0.000000000000000000e+00
0.000000000000000000e+00
4.913541441163980474e-12
0.000000000000000000e+00
0.000000000000000000e+00
9.134173337390422350e-13
5.727376861397479590e-01
1.599820272175744169e-12
1.291460778226427547e-12
0.000000000000000000e+00
5.727376861397479590e-01
1.892235076334964907e-12
0.000000000000000000e+00
2.043495963466034691e-12
0.000000000000000000e+00
0.000000000000000000e+00
8.937528833770833843e-13
1.308434236670442386e-12
1.266108430874094523e-12
1.793080297576596932e-10
0.000000000000000000e+00
0.000000000000000000e+00
0.000000000000000000e+00
5.727376861397479590e-01
0.000000000000000000e+00
3.837356700906709335e-12
0.000000000000000000e+00
0.000000000000000000e+00
0.000000000000000000e+00
0.000000000000000000e+00
1.919494997144042200e-12
0.000000000000000000e+00
0.000000000000000000e+00
0.000000000000000000e+00
0.000000000000000000e+00
1.498642274065284559e-13
0.000000000000000000e+00
3.172855884483983489e-13
0.000000000000000000e+00
0.000000000000000000e+00
0.000000000000000000e+00
1.890842262241408863e-12
9.793616198130881456e-13
4.359926453824562815e-12
5.705704845906564851e-13
0.000000000000000000e+00
2.813982052400362687e-12
2.140746055473497616e-12
0.000000000000000000e+00
8.162851946888750375e-13
0.000000000000000000e+00
1.233049711325015100e-12
0.000000000000000000e+00
0.000000000000000000e+00
5.727376861397479590e-01
1.994755962315569385e-12
2.023520653858333295e-12
0.000000000000000000e+00
3.152335729809479054e-11
6.404295691279466998e-13
2.880922862998020732e-12
7.659913373326751099e-12
0.000000000000000000e+00
0.000000000000000000e+00
1.047429835328864168e-12
0.000000000000000000e+00
0.000000000000000000e+00
6.773976921167371342e-13
3.803523820743877181e-13
1.006050629563012700e-12
2.889629185806963651e-12
9.098019774236456065e-13
5.806138953812368346e-13
0.000000000000000000e+00
0.000000000000000000e+00
0.000000000000000000e+00
0.000000000000000000e+00
0.000000000000000000e+00
0.000000000000000000e+00
2.687592223495902448e-13
5.645705620040272789e-13
0.000000000000000000e+00
0.000000000000000000e+00
7.199540679614497954e-13
1.718816823713235664e-12
0.000000000000000000e+00
1.172811227986143042e-12
4.529672539727209522e-13
1.278908792445785540e-12
0.000000000000000000e+00
3.117724588941986632e-12
0.000000000000000000e+00
0.000000000000000000e+00
0.000000000000000000e+00
0.000000000000000000e+00
4.692782327580344535e-14
7.525941631973790984e-13
0.000000000000000000e+00
1.244119728196965015e-13
0.000000000000000000e+00
5.727376861397479590e-01
1.677453968632610182e-12
0.000000000000000000e+00
5.727376861397479590e-01
0.000000000000000000e+00
0.000000000000000000e+00
1.803552643347791541e-12
7.929136562664357630e-12
9.980891426647446420e-13
6.007312674218547073e-12
1.060667727061879006e-12
0.000000000000000000e+00
0.000000000000000000e+00
5.897298339500062312e-12
9.252457752282468233e-13
0.000000000000000000e+00
2.845226234325912739e-13
0.000000000000000000e+00
3.033190869762434557e-13
3.812372141609188383e-12
5.727376861397479590e-01
1.614323412130984634e-12
0.000000000000000000e+00
7.362707370437150508e-14
1.258661311573439939e-12
0.000000000000000000e+00
0.000000000000000000e+00
0.000000000000000000e+00
1.614380598197967019e-12
8.682246667514126716e-13
0.000000000000000000e+00
0.000000000000000000e+00
5.727376861397479590e-01
0.000000000000000000e+00
8.392262679109851273e-13
0.000000000000000000e+00
0.000000000000000000e+00
1.792282700798625167e-13
1.370138109631138693e-12
1.355404158081163646e-12
1.809783060385734169e-12
1.529666715993712836e-12
3.047541343150180486e-13
9.404268920921181345e-12
1.381128793963322633e-12
0.000000000000000000e+00
0.000000000000000000e+00
0.000000000000000000e+00
0.000000000000000000e+00
4.128990040129335123e-12
0.000000000000000000e+00
1.649013839415603131e-12
8.021843934067251276e-13
7.401368387147238442e-12
9.134865987250727766e-13
0.000000000000000000e+00
0.000000000000000000e+00
0.000000000000000000e+00
0.000000000000000000e+00
2.081489515098274441e-13
2.399924140070454163e-12
1.580936193187902855e-12
5.867370751401108953e-13
1.303646198444020591e-13
3.390512301727000016e-13
1.743367938107804976e-12
0.000000000000000000e+00
2.230959375071426380e-12
7.129420752466888217e-13
8.975818145483432861e-13
0.000000000000000000e+00
0.000000000000000000e+00
7.785283107016691110e-14
1.460668629403157211e-12
0.000000000000000000e+00
2.089713438812599068e-12
0.000000000000000000e+00
0.000000000000000000e+00
5.804406675103110004e-13
3.089173670486907782e-12
2.057035093196311312e-12
1.407206220080858538e-12
2.875034531094438456e-12
0.000000000000000000e+00
0.000000000000000000e+00
0.000000000000000000e+00
1.389834037429688693e-12
0.000000000000000000e+00
2.070044417583722046e-14
1.085276047663054562e-12
2.670928420116430383e-13
0.000000000000000000e+00
7.165538068859047846e-11
0.000000000000000000e+00
0.000000000000000000e+00
0.000000000000000000e+00
0.000000000000000000e+00
0.000000000000000000e+00
0.000000000000000000e+00
0.000000000000000000e+00
1.253995046220755244e-12
0.000000000000000000e+00
0.000000000000000000e+00
0.000000000000000000e+00
0.000000000000000000e+00
0.000000000000000000e+00
2.134376906391222985e-12
1.016983746400759964e-14
0.000000000000000000e+00
0.000000000000000000e+00
1.194203036291299937e-12
0.000000000000000000e+00
0.000000000000000000e+00
1.065800351933585131e-12
0.000000000000000000e+00
0.000000000000000000e+00
5.727376861397479590e-01
2.138725808764723087e-12
3.136247043201526142e-13
0.000000000000000000e+00
0.000000000000000000e+00
0.000000000000000000e+00
0.000000000000000000e+00
0.000000000000000000e+00
0.000000000000000000e+00
5.750031008403274991e-13
7.747379031527992966e-13
3.559711625638128929e-01
0.000000000000000000e+00
0.000000000000000000e+00
0.000000000000000000e+00
0.000000000000000000e+00
3.915964172986502029e-11
0.000000000000000000e+00
0.000000000000000000e+00
2.168890303969834268e-12
0.000000000000000000e+00
2.281509874096246987e-12
2.904732212929941207e-12
0.000000000000000000e+00
9.549004734183718735e-13
0.000000000000000000e+00
4.079768471069166664e-13
4.284005038687174221e-13
0.000000000000000000e+00
5.492476892119007498e-13
8.273036914390821679e-13
0.000000000000000000e+00
0.000000000000000000e+00
0.000000000000000000e+00
7.435068124849570533e-12
0.000000000000000000e+00
0.000000000000000000e+00
1.024684451516167311e-13
7.775578194662173664e-13
9.281003390635468978e-13
1.379365826260465755e-12
0.000000000000000000e+00
1.737297133628978549e-12
9.553655324114654246e-13
0.000000000000000000e+00
0.000000000000000000e+00
0.000000000000000000e+00
0.000000000000000000e+00
0.000000000000000000e+00
0.000000000000000000e+00
0.000000000000000000e+00
0.000000000000000000e+00
6.169772355783120986e-13
9.973197437631121949e-13
6.690375693237101725e-12
1.197544339204177293e-12
0.000000000000000000e+00
7.580822373761293157e-13
1.665138605202663444e-12
1.073637991185602484e-12
1.146818389026843773e-12
0.000000000000000000e+00
1.014437809191688733e-12
0.000000000000000000e+00
0.000000000000000000e+00
0.000000000000000000e+00
5.947039433019394610e-13
6.374547815241069840e-13
2.612389457135314919e-13
3.526566432500450454e-12
4.678009626884217392e-11
0.000000000000000000e+00
1.135543200124430962e-12
1.919219776537454762e-12
0.000000000000000000e+00
0.000000000000000000e+00
0.000000000000000000e+00
0.000000000000000000e+00
0.000000000000000000e+00
0.000000000000000000e+00
0.000000000000000000e+00
0.000000000000000000e+00
0.000000000000000000e+00
0.000000000000000000e+00
1.821216684778267101e-12
0.000000000000000000e+00
5.771004308425106367e-13
9.155200057899126155e-12
0.000000000000000000e+00
1.886097965901518792e-12
1.937649107008823927e-12
0.000000000000000000e+00
0.000000000000000000e+00
0.000000000000000000e+00
0.000000000000000000e+00
1.793516794978372280e-12
0.000000000000000000e+00
0.000000000000000000e+00
0.000000000000000000e+00
1.959669252223128919e-12
1.892353065682785273e-12
0.000000000000000000e+00
1.227198485270699172e-12
1.731058277692260354e-12
1.419664188812316009e-12
0.000000000000000000e+00
6.507583112152953914e-13
1.971330043298039163e-14
0.000000000000000000e+00
1.010448759812629629e-12
4.346422071011600809e-13
3.140415353071876774e-12
6.988525498484319298e-13
0.000000000000000000e+00
0.000000000000000000e+00
0.000000000000000000e+00
3.328902065583484624e-13
6.110354956616269702e-12
0.000000000000000000e+00
0.000000000000000000e+00
0.000000000000000000e+00
0.000000000000000000e+00
0.000000000000000000e+00
0.000000000000000000e+00
5.849135636282440788e-13
2.099271690825508365e-12
0.000000000000000000e+00
0.000000000000000000e+00
0.000000000000000000e+00
4.852570364950055659e-12
1.340087504428217674e-12
1.147739981256604019e-12
2.770305237219252369e-12
0.000000000000000000e+00
0.000000000000000000e+00
0.000000000000000000e+00
0.000000000000000000e+00
7.867705518223174650e-15
5.727376861397479590e-01
0.000000000000000000e+00
0.000000000000000000e+00
1.374368039153264653e-12
0.000000000000000000e+00
0.000000000000000000e+00
0.000000000000000000e+00
1.099492666167486106e-12
0.000000000000000000e+00
0.000000000000000000e+00
0.000000000000000000e+00
1.442592019931096350e-12
0.000000000000000000e+00
0.000000000000000000e+00
0.000000000000000000e+00
0.000000000000000000e+00
0.000000000000000000e+00
1.526995857773476945e-12
1.367110711615929945e-12
2.432944629322295547e-13
5.310388258888700456e-13
1.689741759263644378e-12
0.000000000000000000e+00
0.000000000000000000e+00
0.000000000000000000e+00
5.727376861397479590e-01
5.006989399125028211e-13
0.000000000000000000e+00
0.000000000000000000e+00
0.000000000000000000e+00
0.000000000000000000e+00
8.441763736920997305e-12
0.000000000000000000e+00
2.445171813186115539e-01
0.000000000000000000e+00
5.709266548939987022e-14
1.866380642531986381e-12
0.000000000000000000e+00
1.286236949662002851e-12
0.000000000000000000e+00
0.000000000000000000e+00
5.727376861397479590e-01
2.430759865261124801e-13
5.727376861397479590e-01
0.000000000000000000e+00
1.863119629538509828e-12
1.686600461836183890e-12
1.863934005112987545e-12
2.523052417751717180e-02
0.000000000000000000e+00
0.000000000000000000e+00
2.308402962175551160e-13
0.000000000000000000e+00
5.727376861397479590e-01
0.000000000000000000e+00
0.000000000000000000e+00
2.425196073242502885e-12
0.000000000000000000e+00
3.953787148397798641e-13
0.000000000000000000e+00
1.020759141076334050e-12
1.462565936234190686e-12
0.000000000000000000e+00
0.000000000000000000e+00
5.727376861397479590e-01
0.000000000000000000e+00
0.000000000000000000e+00
0.000000000000000000e+00
0.000000000000000000e+00
0.000000000000000000e+00
6.738142836428026661e-13
0.000000000000000000e+00
0.000000000000000000e+00
1.009596329993205044e-12
3.950948105134001845e-12
7.921024704892237993e-11
0.000000000000000000e+00
0.000000000000000000e+00
0.000000000000000000e+00
0.000000000000000000e+00
1.083400355729825585e-12
3.421391277245496635e-13
0.000000000000000000e+00
4.752831358241146751e-13
0.000000000000000000e+00
0.000000000000000000e+00
0.000000000000000000e+00
0.000000000000000000e+00
5.727376861397479590e-01
2.255848413183261503e-12
0.000000000000000000e+00
2.032574086060746960e-12
0.000000000000000000e+00
0.000000000000000000e+00
1.809637237086993700e-12
2.985178778683025422e-12
1.045078719758088096e-13
0.000000000000000000e+00
0.000000000000000000e+00
5.094004042663088730e-13
1.731320433653374466e-12
0.000000000000000000e+00
0.000000000000000000e+00
0.000000000000000000e+00
0.000000000000000000e+00
1.900943828845345334e-12
0.000000000000000000e+00
1.239414527580383513e-12
3.931752390615683868e-13
0.000000000000000000e+00
0.000000000000000000e+00
0.000000000000000000e+00
9.761251977797707557e-13
0.000000000000000000e+00
1.750668309759943710e-12
0.000000000000000000e+00
0.000000000000000000e+00
0.000000000000000000e+00
1.914573144881302760e-12
1.050856562011725307e-10
0.000000000000000000e+00
0.000000000000000000e+00
1.330660679473128092e-14
9.870136166975881154e-13
0.000000000000000000e+00
8.446259932898300108e-13
1.521204259987219228e-12
1.817369323444919405e-12
4.082743271778489267e-13
2.125193351667722201e-12
0.000000000000000000e+00
1.522107875012606880e-12
0.000000000000000000e+00
0.000000000000000000e+00
0.000000000000000000e+00
0.000000000000000000e+00
1.276222878199387421e-12
3.220510317592344939e-13
0.000000000000000000e+00
2.981833110142572622e-12
0.000000000000000000e+00
0.000000000000000000e+00
0.000000000000000000e+00
0.000000000000000000e+00
0.000000000000000000e+00
8.302858673044759569e-13
0.000000000000000000e+00
0.000000000000000000e+00
0.000000000000000000e+00
1.154426474435561055e-12
0.000000000000000000e+00
9.429197920219234387e-14
0.000000000000000000e+00
0.000000000000000000e+00
0.000000000000000000e+00
0.000000000000000000e+00
2.662695594534496835e-12
0.000000000000000000e+00
5.517485765715542379e-13
0.000000000000000000e+00
0.000000000000000000e+00
0.000000000000000000e+00
0.000000000000000000e+00
2.664055854834667003e-14
5.359296651127977167e-13
0.000000000000000000e+00
0.000000000000000000e+00
1.050610364690909594e-10
0.000000000000000000e+00
6.130888605255990371e-12
0.000000000000000000e+00
9.639849642223949474e-14
1.153075588803758266e-12
1.337611511414368317e-13
0.000000000000000000e+00
0.000000000000000000e+00
9.626527831897340256e-13
0.000000000000000000e+00
0.000000000000000000e+00
0.000000000000000000e+00
0.000000000000000000e+00
0.000000000000000000e+00
0.000000000000000000e+00
0.000000000000000000e+00
4.592252020205337551e-13
0.000000000000000000e+00
5.295569656279995219e-13
0.000000000000000000e+00
1.345100824672865280e-12
0.000000000000000000e+00
6.413763666898198097e-13
0.000000000000000000e+00
0.000000000000000000e+00
0.000000000000000000e+00
2.146613855314541004e-12
0.000000000000000000e+00
4.099816014149604849e-12
9.263951676564967234e-13
9.261520053969540330e-13
0.000000000000000000e+00
1.478063934368822615e-12
5.727376861397479590e-01
5.727376861397479590e-01
8.310029474797915882e-13
5.534855251550714636e-13
1.212878295672690863e-12
9.162529168899754689e-13
0.000000000000000000e+00
0.000000000000000000e+00
1.462103439314273620e-12
0.000000000000000000e+00
3.282806050935930595e-13
5.174039153827365046e-12
0.000000000000000000e+00
0.000000000000000000e+00
2.960617900983058073e-12
0.000000000000000000e+00
1.285224349898098192e-12
6.436108746495018259e-13
1.675733534896045117e-12
0.000000000000000000e+00
0.000000000000000000e+00
0.000000000000000000e+00
0.000000000000000000e+00
0.000000000000000000e+00
0.000000000000000000e+00
0.000000000000000000e+00
0.000000000000000000e+00
5.548262583075891852e-14
0.000000000000000000e+00
1.428401085341876971e-12
1.859776339063174139e-12
1.567812599786906730e-13
1.223021098789728541e-12
1.421060846579367335e-12
4.871316506718078901e-13
1.160967912243802269e-12
0.000000000000000000e+00
0.000000000000000000e+00
0.000000000000000000e+00
5.727376861397479590e-01
0.000000000000000000e+00
0.000000000000000000e+00
0.000000000000000000e+00
0.000000000000000000e+00
8.389252258661549466e-13
0.000000000000000000e+00
1.518492779440849488e-12
7.013954469741737423e-13
1.704246355780114409e-12
6.196112800482239371e-12
0.000000000000000000e+00
0.000000000000000000e+00
0.000000000000000000e+00
5.892348680665680378e-12
0.000000000000000000e+00
0.000000000000000000e+00
0.000000000000000000e+00
1.111958805076034374e-12
6.621272714195660548e-13
6.587937220867625694e-13
3.237412727692761269e-12
0.000000000000000000e+00
5.767573551025728860e-12
5.727376861397479590e-01
0.000000000000000000e+00
3.887492654880269025e-13
1.026376172535535290e-11
0.000000000000000000e+00
0.000000000000000000e+00
0.000000000000000000e+00
0.000000000000000000e+00
1.367484693462652307e-12
0.000000000000000000e+00
0.000000000000000000e+00
1.167497964717224167e-12
8.501588970654086100e-13
7.220984640266718458e-12
8.371899347087921690e-13
0.000000000000000000e+00
1.870351838361396176e-13
1.446680887042301094e-13
0.000000000000000000e+00
1.463983362597829769e-12
1.590924554833391259e-12
0.000000000000000000e+00
0.000000000000000000e+00
0.000000000000000000e+00
7.402554144323810067e-12
0.000000000000000000e+00
1.165854956031691727e-12
0.000000000000000000e+00
0.000000000000000000e+00
2.381323211299192276e-13
1.730465364366765844e-12
3.559767720954982728e-01
4.199529153935130307e-13
0.000000000000000000e+00
9.160901810030657974e-12
8.241615836069754431e-12
1.127651463632763651e-13
0.000000000000000000e+00
1.690150448104402818e-13
0.000000000000000000e+00
9.519881150946939119e-13
0.000000000000000000e+00
0.000000000000000000e+00
4.986149568359312325e-12
0.000000000000000000e+00
2.205313990655905982e-12
0.000000000000000000e+00
1.647631204613139428e-12
0.000000000000000000e+00
0.000000000000000000e+00
0.000000000000000000e+00
9.817469355414727721e-14
2.705781103763684345e-13
0.000000000000000000e+00
2.265491460538722768e-13
0.000000000000000000e+00
0.000000000000000000e+00
0.000000000000000000e+00
5.727376861397479590e-01
0.000000000000000000e+00
1.307606929267431809e-12
0.000000000000000000e+00
0.000000000000000000e+00
6.459178798500516695e-12
0.000000000000000000e+00
0.000000000000000000e+00
0.000000000000000000e+00
