2.441337748023618137e-01
6.813260451131619710e-01
6.792213619595627305e-01
8.018327605956472315e-01
6.127892528636887937e-01
5.195849458298785750e-01
6.515034436406086371e-01
7.431450897487135165e-01
7.355602331238411118e-01
6.285247656719649134e-01
8.018327605956457882e-01
7.732176882083571234e-01
6.547990634213083361e-01
8.018327605956472315e-01
8.018327605956472315e-01
8.018327605956472315e-01
6.177196629236918479e-01
2.498165294469688325e-01
8.018327605956472315e-01
8.018327605956416804e-01
8.018327605956465653e-01
8.018327605956465653e-01
8.018327605956441229e-01
5.021504179345565033e-01
7.490817440737870259e-01
8.018327605956472315e-01
5.664305374868835452e-01
7.494962483009105503e-01
7.494893812656555632e-01
7.494005062877411305e-01
7.464292366021192393e-01
7.321785083991137755e-02
8.018327605956472315e-01
8.018327605956466764e-01
7.480174067013196648e-01
7.078405638450274706e-01
6.624661876123659754e-01
8.018327605956472315e-01
4.534878021653288016e-01
6.468067040908203058e-01
8.018327605956463433e-01
6.753801461853242705e-01
7.492600356976213405e-01
8.018327605956472315e-01
8.018327605956472315e-01
7.766621348064211006e-01
8.018327605956472315e-01
8.018327605956472315e-01
2.498261013773105388e-01
5.373457032143269529e-01
7.494964064423429440e-01
8.018327605956468984e-01
5.197529775877293146e-01
8.018327605956463433e-01
7.494889820807850711e-01
4.654526513107301033e-01
8.018327605956470094e-01
7.494729584182860949e-01
8.018327605956467874e-01
8.018327605956472315e-01
8.018327605956472315e-01
6.785965218227884010e-01
6.651663967185195148e-01
3.401997197427468200e-01
6.812651521700759938e-01
6.958495470709107344e-01
8.018327605956470094e-01
7.464472316132375607e-01
2.599629885598997991e-01
8.018327605956472315e-01
6.991722926064177779e-01
6.281208658799616318e-01
8.018327605956468984e-01
7.494747682334864658e-01
6.745590613136331903e-01
7.420510505875330676e-01
8.018327605956430126e-01
7.888501550633515436e-01
7.317594970111700459e-01
8.018327605956472315e-01
8.018327605956467874e-01
5.119966249193994567e-01
2.497676569372165589e-01
7.244267635406516082e-01
4.728935148302947922e-01
8.018327605956472315e-01
8.006848400856089176e-01
8.018327605956461213e-01
8.018327605956462323e-01
8.018327605956472315e-01
8.018327605956470094e-01
4.720536996708515343e-01
8.018327605956472315e-01
5.009458979381541388e-01
8.018327605956445669e-01
4.928591975804938463e-01
8.018327605956472315e-01
8.018327605956472315e-01
5.058841363815451686e-01
5.446144845341056584e-01
7.402850845057672435e-01
5.419106122005357129e-01
7.494560615089187472e-01
5.762628235974228685e-01
7.488238841371346322e-01
8.018327605956466764e-01
8.018327605956458992e-01
7.643955771915960096e-01
8.018327605956472315e-01
7.492075476126536238e-01
5.986850270583591316e-01
8.018327605956468984e-01
8.018327605956458992e-01
7.466066375192785820e-01
6.186679540659747456e-01
8.018327605956471205e-01
5.531889460819039428e-01
7.494938330065731291e-01
8.018327605956458992e-01
8.018327605956472315e-01
7.519665883116664062e-01
8.018327605956472315e-01
0.000000000000000000e+00
7.493008691295914847e-01
6.059011847016614327e-01
7.494862574263174704e-01
5.206583421037609405e-01
6.462482228226372749e-01
6.672551714569802117e-01
8.018327605956472315e-01
8.018327605956472315e-01
7.494721981300611624e-01
5.853887721535319111e-01
7.073532857845499233e-01
8.018327605956468984e-01
7.488122805253267789e-01
8.018327605956472315e-01
8.018327605956463433e-01
6.841810179407176173e-01
5.470490640458264275e-01
3.027057127748592480e-01
6.992177966011362544e-01
6.350432473089838714e-01
7.359658733240511674e-01
6.616022537201803333e-01
8.018327605956451221e-01
5.607711893605300535e-01
6.812654517047066483e-01
8.018327605956471205e-01
6.248749312070762674e-01
8.006390065984250182e-01
7.422758418160466110e-02
7.494718456139436435e-01
8.018327605956450110e-01
5.715128616496255587e-01
2.780001412567206787e-01
7.460077772459436929e-01
5.915752017343123281e-01
6.882450982816974427e-01
7.378458905224009046e-01
7.447779066360837863e-01
7.026553179531249693e-01
6.724656847574199681e-01
7.026002829098219049e-01
8.018327605956467874e-01
6.521349367048555612e-01
7.254787639572245483e-01
6.457013766282709843e-01
4.119508290037454667e-01
6.593011614944648269e-01
6.197007137629382267e-01
4.092968723302111145e-01
8.018327605956467874e-01
6.563180722646237975e-01
8.018327605956472315e-01
7.160014863182582179e-01
7.494952938579406698e-01
8.018327605956472315e-01
6.927118218296420826e-01
8.018327605956470094e-01
7.473285551272572658e-01
8.018327605956467874e-01
2.498278277723452734e-01
8.018327605956458992e-01
5.287670390699907852e-01
8.018327605956462323e-01
8.018327605956463433e-01
7.326156726599311053e-01
7.423602143057000946e-01
7.468157237400662174e-01
2.868390038987765345e-01
7.494917813983148491e-01
4.841929901767797473e-01
2.497775137457549088e-01
6.216835566904078680e-01
2.519621990084457419e-01
7.369403397399267863e-01
3.747388307695027621e-01
5.662756909822449503e-01
7.409147792074715078e-01
5.346123373489261033e-01
6.833381751898061074e-01
3.791606561086046656e-01
8.018327605956472315e-01
7.640983809065514665e-01
4.498102084873971118e-01
8.018327605956466764e-01
4.503487856559011404e-01
6.446569748090151819e-01
8.018327605956472315e-01
8.018327605956472315e-01
8.018327605956472315e-01
8.018327605956472315e-01
3.507628689292726643e-01
7.445320174655455370e-01
7.492733943140069686e-01
8.018327605956472315e-01
2.061116534011575296e-01
8.018327605956470094e-01
8.018327605956472315e-01
4.546262874662546083e-01
5.970085898954166082e-01
7.452005575868014819e-01
5.348393778370031937e-01
6.510503642519304135e-01
7.494903500176584021e-01
7.346129097166843591e-01
8.018327605956468984e-01
5.164940431796978260e-01
4.722427636209389212e-01
7.494906763555865270e-01
3.022616178874777404e-01
7.359323971040615531e-01
8.018327605956470094e-01
4.609149817014904227e-01
6.797659891003227095e-01
7.171545464048738605e-01
5.580089724070362855e-01
8.018327605956472315e-01
8.018327605956460102e-01
7.096083219227556915e-01
1.873666735496673230e-01
2.126315676872933547e-01
4.382990353114640802e-01
6.765920019233190308e-01
8.018327605956472315e-01
8.018327605956472315e-01
3.276126232964259311e-01
7.427490332589130606e-01
8.018327605956471205e-01
8.018327605956468984e-01
6.349387822996395148e-01
3.713989409596128444e-01
6.919364554179927573e-01
8.018327605956472315e-01
4.904078186388688976e-01
4.362344894136978568e-01
3.257822250171071299e-01
3.297109114164507027e-01
7.466502446717376840e-01
8.018327605956472315e-01
6.091594139237943573e-01
3.747279048305848237e-01
8.018327605956471205e-01
6.495498340633917289e-01
8.018327605956468984e-01
8.018327605956472315e-01
6.610839037880950064e-01
1.952590552316429973e-01
7.318076357418804578e-01
3.564898073236283937e-01
8.018327605956472315e-01
7.635796954013366333e-01
5.558116159509277621e-01
8.018327605956460102e-01
8.018327605956452331e-01
8.018327605956467874e-01
8.018327605956472315e-01
6.928288305116807599e-01
0.000000000000000000e+00
7.783848200071573631e-01
7.135581506462359558e-01
8.018327605956467874e-01
5.012935009257389884e-01
8.018327605956465653e-01
8.018327605956463433e-01
8.018327605956472315e-01
8.018327605956472315e-01
7.036495193442678930e-01
7.077823499926966244e-01
1.873514932075119876e-01
5.973084848907815880e-01
8.018327605956472315e-01
8.018327605956463433e-01
8.018327605956471205e-01
8.018327605956464543e-01
8.018327605956467874e-01
6.073010387510936053e-02
5.634709069412153770e-01
4.636980614142209856e-01
8.018327605956472315e-01
7.086768403825975948e-01
7.486613917008534402e-01
8.018327605956464543e-01
8.018327605956472315e-01
5.428341876075013506e-01
8.018327605956472315e-01
8.018327605956465653e-01
6.842046561282089101e-01
7.167204177620908334e-01
2.086598030852178723e-02
6.743543615057752127e-01
1.585999087511690275e-01
7.227122020501594024e-01
8.018327605956472315e-01
7.461798288839393001e-01
8.018327605956472315e-01
7.396851203467326163e-01
7.188583176674362418e-01
1.873437318685839126e-01
4.792166803072597792e-01
6.629374429794775425e-01
7.355494966709525961e-01
7.483631521698110856e-01
4.287243054998734482e-01
7.485608906708531851e-01
8.018327605956466764e-01
8.018327605956472315e-01
8.018327605956472315e-01
5.483764901386795065e-01
7.494954482064981605e-01
7.494592801969914841e-01
8.018327605956452331e-01
7.303200932651010557e-01
6.258187569968913788e-01
8.018327605956472315e-01
8.018327605956472315e-01
6.479286646791860838e-01
6.929003634592219019e-01
5.986153054298668508e-01
8.018327605956472315e-01
4.246150247575696257e-01
7.473138644508049433e-01
8.018327605956471205e-01
8.018327605956458992e-01
7.306793281329095890e-01
7.368570078186347239e-01
7.351003600477503674e-01
6.200640851039653789e-01
7.273835408414325299e-01
5.607687718815331790e-01
7.466399494946320825e-01
8.018327605956472315e-01
6.254099563877729695e-01
4.927851530755752441e-01
8.018327605956472315e-01
8.018327605956472315e-01
4.889103019476861434e-01
7.263966860677202320e-01
6.700951753850667991e-01
8.018327605956458992e-01
7.264789082024006861e-01
8.018327605956472315e-01
7.494794361268655170e-01
5.742869599770652478e-01
1.827347247498916638e-01
6.419913417944411727e-01
2.879203514041541734e-01
8.018327605956472315e-01
8.018327605956472315e-01
7.494437233477636573e-01
5.781557103200440917e-01
1.833372638783187149e-16
4.902638919068265100e-01
6.823418746644999144e-01
6.402220329397785292e-01
5.541598144846904272e-01
7.415450724501796431e-01
6.830365259425101865e-01
8.018327605956468984e-01
6.338041362719071259e-01
7.494962483008570375e-01
8.018327605956472315e-01
8.018327605956472315e-01
7.418085656848517617e-01
8.018327605956472315e-01
8.018327605956472315e-01
6.171815030592782136e-01
5.151139637998463083e-01
7.494643771335848248e-01
6.789318399181913932e-01
7.026466992259514655e-01
4.246507368694242834e-01
8.018327605956472315e-01
3.967520930658950951e-01
7.061284356333251688e-01
8.018327605956472315e-01
6.943207472968724314e-01
4.177190323922924109e-01
8.018327605956465653e-01
4.035184135830792718e-01
8.018327605956471205e-01
8.018327605956472315e-01
8.018327605956453441e-01
6.322759178682786363e-01
8.018327605956472315e-01
8.018327605956466764e-01
4.886405737666318361e-01
8.018327605956472315e-01
7.428654131403781280e-01
6.801552777060013710e-01
7.492634029100200266e-01
8.018327605956472315e-01
8.018327605956472315e-01
3.747365169890832792e-01
2.618119212658576722e-01
7.493026525147914452e-01
8.018327605956472315e-01
7.422641172783112085e-01
5.411062186518081907e-01
7.527450185459855225e-01
7.259326738068133666e-01
8.018327605956472315e-01
8.018327605956444559e-01
6.751642730664109138e-01
8.018327605956472315e-01
7.474640998031727435e-01
5.737617753770732909e-01
7.494758811716211166e-01
6.590172799589707475e-01
3.789171890861731673e-01
7.486031553639866942e-01
5.170371632473640400e-01
8.018327605956470094e-01
4.806496209973197820e-01
2.383192571626555900e-01
8.018327605956462323e-01
5.857710369869753020e-01
3.976329443150014020e-01
7.481519023308541572e-01
6.056437128007137183e-01
6.164332400590646355e-01
7.439468978244451192e-01
6.995324513726137727e-01
8.018327605956472315e-01
5.324586027705299207e-01
7.244042666559140642e-01
5.982983030728981078e-01
4.786547146478072889e-01
7.484352444748337829e-01
6.070190948191100944e-01
7.481624372953131763e-01
8.018327605956472315e-01
4.652525590397847965e-01
8.018327605956472315e-01
8.018327605956472315e-01
8.018327605956471205e-01
8.018327605956464543e-01
5.416330929159315355e-01
7.487607685848514105e-01
8.018327605956472315e-01
8.018327605956472315e-01
6.196121083452711398e-01
8.018327605956449000e-01
6.962169929635089183e-01
7.086786864323820767e-01
7.408813668376493800e-01
5.289092312818959307e-01
7.461580243263845613e-01
8.018327605956467874e-01
7.949742840775892994e-01
6.252975118937396104e-01
7.484594249983650416e-01
8.018327605956472315e-01
8.018327605956472315e-01
1.367237300377520670e-01
5.137968329296119796e-01
8.018327605956462323e-01
7.491657375137797947e-01
6.229943491801605004e-01
7.203202564938014918e-01
8.018327605956472315e-01
3.900180041213532900e-01
7.098306674953228645e-01
5.641246727184857646e-01
3.417893656988491569e-01
5.744872207266151776e-01
6.614042408312149623e-01
8.018327605956464543e-01
6.648357373200659559e-01
3.747437982904335274e-01
8.018327605956472315e-01
6.412797316432445882e-01
8.018327605956470094e-01
6.917202504159198906e-01
5.634555924614059741e-01
6.483422965575201813e-01
8.018327605956468984e-01
8.018327605956470094e-01
8.018327605956472315e-01
4.388771930559119960e-01
6.191478958454189607e-01
8.018327605956472315e-01
8.018327605956439008e-01
8.018327605956461213e-01
6.425715967778782289e-01
8.018327605956472315e-01
6.278478870974655290e-01
7.204558518946982959e-01
8.018327605956472315e-01
4.123281117944107010e-01
5.168006385863450625e-01
8.018327605956472315e-01
3.440858161362060907e-01
5.423592842530742253e-01
5.111719462105883682e-01
5.824315194563586262e-01
7.050973043624076952e-01
4.318820686024214539e-01
3.411070699568912734e-01
5.608642145815974089e-01
3.261936467642419513e-01
1.365510466446111237e-01
5.263411849371081308e-01
8.018327605956464543e-01
8.018327605956403481e-01
7.494917040133287633e-01
5.818141403344659901e-01
7.125304977339683710e-01
8.018327605956472315e-01
5.346752339448949121e-01
7.217457209045142763e-01
8.018327605956472315e-01
5.052041435617058429e-01
5.393622867125327236e-01
7.461626636326128548e-01
6.856280419146602023e-01
6.807738722090537209e-01
8.018327605956472315e-01
8.018327605956465653e-01
8.018327605956472315e-01
8.018327605956472315e-01
1.125378931027051915e-01
8.018327605956458992e-01
8.018327605956472315e-01
4.141549672494681533e-01
5.663732183734594416e-01
7.441826954571584274e-01
4.605669156819137688e-01
7.159842597912569051e-01
5.096035477388689561e-01
6.288803770164709261e-01
8.018327605956472315e-01
7.072560531425468033e-01
7.029460589419791461e-01
6.558868055489963655e-01
7.228095614226308641e-01
6.781437625365162036e-01
8.018327605956472315e-01
5.266981871258955561e-01
7.474988002010413135e-01
7.494807149036062377e-01
8.018327605956472315e-01
8.018327605956472315e-01
8.018327605956464543e-01
7.306035027107806723e-01
1.873469455468690370e-01
3.436771197001091127e-01
5.462893790705538599e-01
7.334202305466226424e-01
8.018327605956472315e-01
8.018327605956465653e-01
7.494752267269590984e-01
8.018327605956456772e-01
8.018327605956472315e-01
8.018327605956472315e-01
4.758081216339754005e-01
4.710724335209979241e-01
7.408859009706246779e-01
2.908500056721064486e-01
7.415266692808005766e-01
7.300428172537672955e-01
1.873469455469138900e-01
6.236172167442330938e-01
1.873403971596568907e-01
7.151250258094971057e-01
4.023814347976977235e-01
2.544384342006688615e-01
1.228443413073439239e-16
7.494962483006870624e-01
8.018327605956472315e-01
8.018327605956472315e-01
6.759576253290828785e-01
7.486825025371653952e-01
1.873514932077390838e-01
7.447746719191056242e-01
2.993328264400476613e-01
7.494144049638853389e-01
6.956322090269210223e-01
6.543625726087634042e-01
8.018327605956466764e-01
8.018327605956472315e-01
5.638601858985585746e-01
7.174730606793636722e-01
3.747255236977651283e-01
8.018327605956472315e-01
6.450848758397761395e-01
8.018327605956471205e-01
6.462593290968943194e-01
7.350114040648978442e-01
5.162202671366193929e-01
7.490882810638790357e-01
7.258338083918151051e-01
7.578404619849844481e-01
2.903845395331385304e-01
7.494906452659393370e-01
2.605939546539852159e-01
6.501169165524289806e-01
7.049644116041438036e-01
7.207209142076149710e-01
6.677297483340913775e-01
4.252257156687138662e-01
7.412669686766985011e-01
8.018327605956472315e-01
7.494964064422685590e-01
6.438837156532791761e-01
7.435944832284500094e-01
6.912640589648773037e-01
8.001242661094730702e-01
1.873698179166180811e-01
5.222308540793394460e-01
7.455860025930237667e-01
5.696214604727772857e-01
8.018327605956468984e-01
5.351742825971068651e-01
8.018327605956466764e-01
7.317950045747916299e-01
7.116019891860851931e-01
6.824197141618703055e-01
7.494943320709311907e-01
8.018327605956465653e-01
7.867397433940300777e-01
6.015835694415417878e-01
7.492805388632481911e-01
4.608326927245431359e-01
7.745950952240380216e-01
8.018327605956470094e-01
7.406662304124024265e-01
5.003984208860358107e-01
6.695254743965173283e-01
7.493101893303923955e-01
7.472221698670151735e-01
3.810729520764697398e-01
6.004112885938047706e-01
4.704896007069375163e-01
8.018327605956472315e-01
8.018327605956472315e-01
5.926173246518134929e-01
3.150962207146174032e-01
8.018327605956467874e-01
3.747377916973685941e-01
7.494760143666443497e-01
7.493425903917948494e-01
8.018327605956465653e-01
8.018327605956467874e-01
7.494183531572463641e-01
8.018327605956472315e-01
7.239558537688731699e-01
5.225650340056138543e-02
7.468929333637409629e-01
6.719525691315842986e-01
5.814459517049842541e-01
6.723363125188819289e-01
8.018327605956472315e-01
6.928201691966473508e-01
8.018327605956472315e-01
7.930285981051838906e-01
5.654991911918475500e-01
5.349294701259758034e-01
7.389165798233984228e-01
6.242368585754966004e-01
5.840549255569816856e-01
8.018327605956452331e-01
7.379964025241244618e-01
8.018327605956471205e-01
7.340024234834465755e-01
8.018327605956472315e-01
8.018327605956472315e-01
8.018327605956472315e-01
3.836811577480626068e-01
7.343091547375620864e-01
7.374235461669281788e-01
2.489338859389702840e-01
6.278288361692160313e-01
8.018327605956426796e-01
8.018327605956464543e-01
8.018327605956461213e-01
6.289041893503360958e-01
8.018327605956468984e-01
6.751888878323661913e-01
7.038215553319855378e-01
7.489194834749572927e-01
7.293122073344349143e-01
7.388351715355682137e-01
8.018327605956463433e-01
7.494869405426703990e-01
8.018327605956472315e-01
7.933472506406105129e-01
3.747377916973317902e-01
6.462211699181110713e-01
8.018327605956472315e-01
5.252631670297331912e-01
8.018327605956468984e-01
7.466108031256898370e-01
8.018327605956468984e-01
7.483592920884580835e-01
7.460711663044899966e-01
8.018327605956472315e-01
6.874361626243532530e-01
8.018327605956471205e-01
6.614517243441795369e-01
7.418776069181950428e-01
6.726036693468768757e-01
8.018327605956472315e-01
7.025142691989572086e-01
7.494528731926883847e-01
6.878052030051843291e-01
8.018327605956471205e-01
5.312764881055392907e-01
3.523956178716334819e-01
5.488671030648787363e-01
4.402209083633539799e-01
5.478441916521304966e-01
7.422303577070091807e-01
5.634062296857826890e-01
7.043135272396304769e-01
6.891183729312965189e-01
7.494940551936321027e-01
8.018327605956472315e-01
5.474895787539687531e-01
7.344384461077981818e-01
6.607332271797452528e-01
3.747362953482020198e-01
7.073354188308468293e-01
8.018327605956471205e-01
6.465689887675504233e-01
2.723275135118193857e-01
8.018327605956464543e-01
7.493415664150108180e-01
8.018327605956470094e-01
8.018327605956472315e-01
8.018327605956472315e-01
1.637079804247914550e-01
7.494940551935955764e-01
6.001057162776550769e-01
3.966172100735931294e-01
5.618626820117470499e-01
7.494671018645956417e-01
6.714574298529273344e-01
1.681747352094720149e-01
2.605453301783512421e-01
7.068497131120927701e-01
8.018327605956460102e-01
5.402664890063445524e-01
7.309036826192852887e-01
7.950119099865275984e-01
7.411971538579154029e-01
6.565269132814640640e-01
7.322139310189804684e-01
6.724421806866225371e-01
7.483389535580757812e-01
8.018327605956472315e-01
8.018327605956472315e-01
8.018327605956471205e-01
4.383339721693855773e-01
2.865858491057552415e-01
8.018327605956472315e-01
7.424256126680082168e-01
7.473630978027656635e-01
8.018327605956472315e-01
4.043004801420759242e-01
7.995593302790889867e-01
7.099072499867674635e-01
6.813924533598434419e-01
2.592220795500937980e-01
6.440645164533890243e-01
5.673650008531000433e-01
5.570258719052798568e-01
3.680110767542248973e-01
4.759610129681778878e-01
8.018327605956472315e-01
8.018327605956465653e-01
5.234409536664509366e-01
7.065765661460911007e-01
7.471205000700960053e-01
8.018327605956470094e-01
7.642696799089705451e-01
6.748771501725577826e-01
8.018327605956471205e-01
5.556178438808438980e-01
1.058188233701147368e-01
7.461116275048408353e-01
7.364158059914189813e-01
7.479859977960682249e-01
8.018327605956468984e-01
2.497817742016451570e-01
4.844883870740539500e-01
5.265076582355286972e-01
7.494954482064183354e-01
7.179108949344344959e-01
5.766084115832728063e-01
7.059340720548814563e-01
8.018327605956472315e-01
7.492743969268359505e-01
7.260624075274187961e-01
3.608298820872169466e-01
2.848500184664384260e-01
4.970669447093156723e-01
8.018327605956467874e-01
6.823995317443567465e-01
6.962171897294583411e-01
8.018327605956464543e-01
5.282222132053580044e-01
6.185073392351270183e-01
8.018327605956472315e-01
7.407681006258982626e-01
5.277319688295087907e-01
7.320815057694504135e-01
7.047736268339703791e-01
7.224342579623493910e-01
8.018327605956472315e-01
4.886279346641083654e-01
5.650323571705568870e-01
8.018327605956468984e-01
7.329896562321885911e-01
8.018327605956472315e-01
3.747347001809682165e-01
8.018327605956470094e-01
2.021321150717946269e-01
3.747313579610425660e-01
8.018327605956472315e-01
7.488611641453499779e-01
7.141000642428123601e-01
5.844681562302097566e-01
7.494964308529690200e-01
4.810626853006610415e-01
8.018327605956472315e-01
7.127194349057420775e-01
7.494964064421492100e-01
7.278389420892437123e-01
7.457553366702454056e-01
4.176856468442080583e-01
3.574498218035424002e-01
8.018327605956467874e-01
8.018327605956465653e-01
5.070337681462920854e-01
6.846114881149478748e-01
7.353616355107572833e-01
7.264307571838413136e-01
8.018327605956445669e-01
6.767647820814629567e-01
5.912530781199081265e-01
7.090003188926053967e-01
8.018327605956472315e-01
8.018327605956468984e-01
8.018327605956472315e-01
7.022985034942432758e-01
8.018327605956472315e-01
8.018327605956466764e-01
8.018327605956457882e-01
6.655756091314790623e-01
8.018327605956472315e-01
