1.890996281915731658e-01
5.267428442671022726e-01
5.251190836323884614e-01
5.727376861397479590e-01
4.737701059160941419e-01
4.017533110278966313e-01
5.037025670870184380e-01
5.727376861397445174e-01
5.686781785027466007e-01
4.859351508755875848e-01
5.727376861397479590e-01
5.727376861397479590e-01
5.062405826529728925e-01
5.727376861397479590e-01
5.727376861397479590e-01
5.727376861397479590e-01
4.775670456541867837e-01
1.931959982502652606e-01
5.727376861397479590e-01
5.727376861397479590e-01
5.727376861397388552e-01
5.727376861397479590e-01
5.727376861397479590e-01
3.882439586497271611e-01
5.727376861397479590e-01
5.727376861397479590e-01
4.379558406320329111e-01
5.727376861397479590e-01
5.727376861397479590e-01
5.727376861397479590e-01
5.727376861397479590e-01
5.623868773729449183e-02
5.727376861397479590e-01
5.727376861397375230e-01
5.727376861397479590e-01
5.472437326328433160e-01
5.727376861397180940e-01
5.727376861397479590e-01
3.504278719075911153e-01
5.000816932477752941e-01
5.727376861397479590e-01
5.221710894705320349e-01
5.727376861397479590e-01
5.727376861397479590e-01
5.727376861397479590e-01
5.727376861397479590e-01
5.727376861397479590e-01
5.727376861397479590e-01
1.932033861521910700e-01
4.154511158036980345e-01
5.727376861397479590e-01
5.727376861397479590e-01
5.727376861397427410e-01
5.727376861397479590e-01
5.727376861397479590e-01
3.598818716645840188e-01
5.727376861397479590e-01
5.727376861397479590e-01
5.727376861397479590e-01
5.727376861397479590e-01
5.727376861397479590e-01
5.246615497138227280e-01
5.727376861397197594e-01
2.623103332242291974e-01
5.266961471576501186e-01
5.379765485935834590e-01
5.727376861397479590e-01
5.727376861397479590e-01
2.010752314512272154e-01
5.727376861397479590e-01
5.405346134704723804e-01
4.856408052657653074e-01
5.727376861397479590e-01
5.727376861397479590e-01
5.727376861397479590e-01
5.727376861397479590e-01
5.727376861397424079e-01
5.727376861397450725e-01
5.657372746920429352e-01
5.727376861397479590e-01
5.727376861397479590e-01
3.958470407774180577e-01
1.930600772490511374e-01
5.600704166841922182e-01
3.656101775769036721e-01
5.727376861397479590e-01
5.727376861397479590e-01
5.727376861397479590e-01
5.727376861397479590e-01
5.727376861397479590e-01
5.727376861397479590e-01
5.727376861397465158e-01
5.727376861397479590e-01
5.727376861397370789e-01
5.727376861397479590e-01
5.727376861397417418e-01
5.727376861397479590e-01
5.727376861397479590e-01
3.911154443799836344e-01
4.210502604502980861e-01
5.723368197282721059e-01
4.189544565321978165e-01
5.727376861397479590e-01
4.455248836342884378e-01
5.727376861397479590e-01
5.727376861397479590e-01
5.727376861397479590e-01
5.727376861397479590e-01
5.727376861397479590e-01
5.727376861397479590e-01
4.628665829926107977e-01
5.727376861397479590e-01
5.727376861397479590e-01
5.727376861397479590e-01
4.782941311751387481e-01
5.727376861397479590e-01
4.276811526227806137e-01
5.727376861397479590e-01
5.727376861397479590e-01
5.727376861397479590e-01
5.727376861397479590e-01
5.727376861397479590e-01
2.187858997703545638e-15
5.727376861397479590e-01
5.727376861397476260e-01
5.727376861397479590e-01
5.727376861397366348e-01
4.996305965407467076e-01
5.158679168464141984e-01
5.727376861397479590e-01
5.727376861397479590e-01
5.727376861397479590e-01
5.727376861397265317e-01
5.468674377954484411e-01
5.727376861397479590e-01
5.727376861397479590e-01
5.727376861397479590e-01
5.727376861397479590e-01
5.289560636240291380e-01
4.229411599684259060e-01
2.340222232373375122e-01
5.727376861397479590e-01
5.727376861397451835e-01
5.689972620616804422e-01
5.114892539094286761e-01
5.727376861397479590e-01
4.335317984543780034e-01
5.266950632682100286e-01
5.727376861397479590e-01
5.727376861397457386e-01
5.727376861397479590e-01
5.775486354272299505e-02
5.727376861397479590e-01
5.727376861397479590e-01
4.418687541323342849e-01
2.149073061686237185e-01
5.727376861397479590e-01
4.572685089872637887e-01
5.320941853706193658e-01
5.704455177334757376e-01
5.727376861397479590e-01
5.432328181354750818e-01
5.198979815466704402e-01
5.432020806585740047e-01
5.727376861397479590e-01
5.727376861397440733e-01
5.608845634954154891e-01
4.992070653061189134e-01
3.184739784819137220e-01
5.727376861397451835e-01
4.791465549541317204e-01
3.164586222422900441e-01
5.727376861397479590e-01
5.074273684489659653e-01
5.727376861397479590e-01
5.535514784336872385e-01
5.727376861397479590e-01
5.727376861397479590e-01
5.355375614351730595e-01
5.727376861397479590e-01
5.727376861397479590e-01
5.727376861397479590e-01
1.932033861521051943e-01
5.727376861397479590e-01
4.088180141187083283e-01
5.727376861397479590e-01
5.727376861397479590e-01
5.727376861397479590e-01
5.727376861397479590e-01
5.727376861397461827e-01
2.218115470371874176e-01
5.727376861397479590e-01
3.743532438221413572e-01
1.930588852962128732e-01
5.727376861397479590e-01
1.947772049959271279e-01
5.697428571304783418e-01
2.897158658735876635e-01
4.377899911326121885e-01
5.727376861397460717e-01
4.133538244152195618e-01
5.283013445079265402e-01
5.727376861397286412e-01
5.727376861397479590e-01
5.727376861397474039e-01
3.477514718441256369e-01
5.727376861397479590e-01
5.727376861397293073e-01
4.983976269312703211e-01
5.727376861397479590e-01
5.727376861397479590e-01
5.727376861397479590e-01
5.727376861397479590e-01
5.727376861397227570e-01
5.727376861397479590e-01
5.727376861397479590e-01
5.727376861397479590e-01
1.592337544228487056e-01
5.727376861397479590e-01
5.727376861397479590e-01
3.514688771235616183e-01
5.727376861397469598e-01
5.727376861397479590e-01
5.727376861397364127e-01
5.033408384015349846e-01
5.727376861397479590e-01
5.679415852763529671e-01
5.727376861397479590e-01
3.993032219265893468e-01
3.650964951588396290e-01
5.727376861397479590e-01
2.327911278711265741e-01
5.689656194132182154e-01
5.727376861397472929e-01
3.564738399379993039e-01
5.727376861397479590e-01
5.544505445217546846e-01
5.727376861397379670e-01
5.727376861397479590e-01
5.727376861397479590e-01
5.486182556484963113e-01
1.449219239027450257e-01
1.646527793016492325e-01
3.389613548671127630e-01
5.230881228529052906e-01
5.727376861397479590e-01
5.727376861397479590e-01
5.727376861397368568e-01
5.727376861397479590e-01
5.727376861397479590e-01
5.727376861397479590e-01
4.908917517300852018e-01
3.995862158651308227e-01
5.349501598309966965e-01
5.727376861397479590e-01
3.790906932446210797e-01
3.372639942933747803e-01
5.727376861397346364e-01
2.548395286555927841e-01
5.727376861397479590e-01
5.727376861397479590e-01
4.709509926697705851e-01
2.897036216085086546e-01
5.727376861397479590e-01
5.727376861397434071e-01
5.727376861397479590e-01
5.727376861397479590e-01
5.110927794947841551e-01
1.508709639363888244e-01
5.657740010594768387e-01
2.755903150916566013e-01
5.727376861397479590e-01
5.727376861397479590e-01
4.298654313521264592e-01
5.727376861397479590e-01
5.727376861397479590e-01
5.727376861397479590e-01
5.727376861397479590e-01
5.356411028053126300e-01
3.563283778016096415e-01
5.727376861397479590e-01
5.727376861397336372e-01
5.727376861397479590e-01
3.874700905286465602e-01
5.727376861397479590e-01
5.727376861397479590e-01
5.727376861397479590e-01
5.727376861397479590e-01
5.440038369690012310e-01
5.727376861397479590e-01
1.449243558614423388e-01
5.727376861397479590e-01
5.727376861397479590e-01
5.727376861397479590e-01
5.727376861397479590e-01
5.727376861397479590e-01
5.727376861397479590e-01
4.709842197981805451e-02
5.727376861397477370e-01
5.727376861397338592e-01
5.727376861397479590e-01
5.478900847511415373e-01
5.727376861397479590e-01
5.727376861397479590e-01
5.727376861397479590e-01
5.727376861397327490e-01
5.727376861397479590e-01
5.727376861397479590e-01
5.289503802595870718e-01
5.541079360188954084e-01
1.552674911329370890e-02
5.213550282638613753e-01
1.232745411165643568e-01
5.587401594635235114e-01
5.727376861397479590e-01
5.727376861397479590e-01
5.727376861397479590e-01
5.718595883267367785e-01
5.557596900994938860e-01
1.447548816809710592e-01
3.704758124047541901e-01
5.727376861397479590e-01
5.686825639537159693e-01
5.727376861397479590e-01
3.314616377788378032e-01
5.727376861397479590e-01
5.727376861397479590e-01
5.727376861397479590e-01
5.727376861397479590e-01
4.240443321754199246e-01
5.727376861397479590e-01
5.727376861397479590e-01
5.727376861397479590e-01
5.646324134737605860e-01
4.838223749367438487e-01
5.727376861397479590e-01
5.727376861397479590e-01
5.009344117036544919e-01
5.356924659989833470e-01
4.628454874561794274e-01
5.727376861397479590e-01
3.282617165603649578e-01
5.727376861397479590e-01
5.727376861397479590e-01
5.727376861397479590e-01
5.649010975600177176e-01
5.696765217212232946e-01
5.683193889153076439e-01
4.793844357014044877e-01
5.623500820747799889e-01
4.335556048356050129e-01
5.727376861397479590e-01
5.727376861397479590e-01
5.727376861397479590e-01
3.809620876263107303e-01
5.727376861397479590e-01
5.727376861397479590e-01
3.780058990570845934e-01
5.615972104303108559e-01
5.180653546429719869e-01
5.727376861397479590e-01
5.616533158933727510e-01
5.727376861397479590e-01
5.727376861397479590e-01
4.439793823378961335e-01
1.411299280063348371e-01
4.963296207518139158e-01
2.221501096297646138e-01
5.727376861397479590e-01
5.727376861397479590e-01
5.727376861397479590e-01
4.470089777165840994e-01
0.000000000000000000e+00
3.790456616221807851e-01
5.275279565405334159e-01
4.949689789345215751e-01
4.284151509774800082e-01
5.727376861397479590e-01
5.280636071671883647e-01
5.727376861397479590e-01
4.900111061813628988e-01
5.727376861397479590e-01
5.727376861397462937e-01
5.727376861397479590e-01
5.727376861397479590e-01
5.727376861397479590e-01
5.727376861397479590e-01
4.771573351039210542e-01
3.982927044627042057e-01
5.727376861397479590e-01
5.248920745188457859e-01
5.432221490396403896e-01
3.282753645430093736e-01
5.727376861397479590e-01
3.067292508190768152e-01
5.459190772629810562e-01
5.727376861397479590e-01
5.367846480944178378e-01
3.229545036195036189e-01
5.727376861397479590e-01
3.119553278844331423e-01
5.727376861397479590e-01
5.727376861397479590e-01
5.727376861397479590e-01
4.888347412481826026e-01
5.727376861397479590e-01
5.727376861397479590e-01
3.778550634673868980e-01
5.727376861397479590e-01
5.727376861397479590e-01
5.258415167105572330e-01
5.727376861397479590e-01
5.727376861397479590e-01
5.727376861397479590e-01
2.897094797826031964e-01
5.026316542841796631e-01
5.727376861397479590e-01
5.727376861397479590e-01
5.727376861397479590e-01
5.727376861397442953e-01
5.727376861397479590e-01
5.612475550211838415e-01
5.727376861397479590e-01
5.727376861397479590e-01
5.219809587123181993e-01
5.727376861397479590e-01
5.727376861397479590e-01
5.727376861397469598e-01
5.727376861397479590e-01
5.727376861397263097e-01
2.929085336119571226e-01
5.727376861397479590e-01
3.997576717709899197e-01
5.727376861397479590e-01
5.727376861397439622e-01
3.496086748376603937e-01
5.727376861397479590e-01
5.727376861397472929e-01
3.072929427956795356e-01
5.727376861397479590e-01
5.727376861397474039e-01
4.765909803392548438e-01
5.727376861397479590e-01
5.408151718806375463e-01
5.727376861397479590e-01
4.116434204236241734e-01
5.600496391087699255e-01
5.727376861397422969e-01
3.700528484564168941e-01
5.727376861397479590e-01
4.693095241674787310e-01
5.727376861397479590e-01
5.727376861397479590e-01
5.727376861397347474e-01
5.727376861397479590e-01
5.727376861397479590e-01
5.727376861397479590e-01
5.727376861397479590e-01
4.187286475311432499e-01
5.727376861397479590e-01
5.727376861397479590e-01
5.727376861397479590e-01
4.790392596028064665e-01
5.727376861397479590e-01
5.382542465488381334e-01
5.478923796658764500e-01
5.727376861397479590e-01
4.089304919921668557e-01
5.727376861397479590e-01
5.727376861397479590e-01
5.727376861397479590e-01
4.834294162470508249e-01
5.727376861397479590e-01
5.727376861397479590e-01
5.727376861397479590e-01
1.055897996775703868e-01
3.972226699543316975e-01
5.727376861397479590e-01
5.727376861397479590e-01
4.816688013928325796e-01
5.727376861397414087e-01
5.727376861397479590e-01
3.015096357424708606e-01
5.727376861397479590e-01
5.727376861397479590e-01
2.645129896971287198e-01
4.441532035119797328e-01
5.113391185532218941e-01
5.727376861397479590e-01
5.139955185533072735e-01
2.897210857854679578e-01
5.727376861397479590e-01
4.958787678943181176e-01
5.727376861397479590e-01
5.347786887617483886e-01
4.356395016698323408e-01
5.727376861397479590e-01
5.727376861397479590e-01
5.727376861397479590e-01
5.727376861397479590e-01
3.392815924361278768e-01
5.727376861397479590e-01
5.727376861397479590e-01
5.727376861397479590e-01
5.727376861397479590e-01
4.967893857773949540e-01
5.727376861397479590e-01
4.854124608251819684e-01
5.569955342214092386e-01
5.727376861397479590e-01
3.187853652417189654e-01
3.995489655978124999e-01
5.727376861397479590e-01
2.659708074574370640e-01
4.190199032487934572e-01
5.727376861397330821e-01
4.503004308821244028e-01
5.451221862454351808e-01
3.339170764901112087e-01
2.636591711625422829e-01
5.727376861397454055e-01
2.522107395510985728e-01
5.305874358186921658e-01
4.069450319137745686e-01
5.727376861397479590e-01
5.727376861397479590e-01
5.727376861397479590e-01
4.498516160590506630e-01
5.508681621100328663e-01
5.727376861397479590e-01
4.134334950803239539e-01
5.580011857992881463e-01
5.727376861397479590e-01
3.906046575545407129e-01
4.171302544662021661e-01
5.727376861397479590e-01
5.300660139439654639e-01
5.263249985543604348e-01
5.727376861397479590e-01
5.727376861397479590e-01
5.727376861397479590e-01
5.727376861397479590e-01
4.102255845508796517e-01
5.727376861397479590e-01
5.727376861397479590e-01
3.201936026060699381e-01
4.378811349767374739e-01
5.727376861397479590e-01
3.561087330786083527e-01
5.535380412379706794e-01
5.727376861397229790e-01
4.861938718757022881e-01
5.727376861397479590e-01
5.467968966004022047e-01
5.434617432413997307e-01
5.727376861397436292e-01
5.588196881616489531e-01
5.242911013840461099e-01
5.727376861397479590e-01
4.072102004217086901e-01
5.727376861397479590e-01
5.727376861397479590e-01
5.727376861397479590e-01
5.727376861397479590e-01
5.727376861397479590e-01
5.648458318208606777e-01
1.447691411673075745e-01
2.656637833571877105e-01
5.727376861397256436e-01
5.727376861397479590e-01
5.727376861397479590e-01
5.727376861397479590e-01
5.727376861397479590e-01
5.727376861397479590e-01
5.727376861397479590e-01
5.727376861397479590e-01
3.684776541065654665e-01
3.641054903171448975e-01
5.727376861397479590e-01
2.249259606426980140e-01
5.727376861397479590e-01
5.644151010857494377e-01
1.447691411673215633e-01
4.821836694753792174e-01
1.447610862806060494e-01
5.528809360765820635e-01
3.113884223291880637e-01
1.976785249189596805e-01
3.979500306488713078e-15
5.727376861397479590e-01
5.727376861397479590e-01
5.727376861397479590e-01
5.226130253307343931e-01
5.727376861397479590e-01
1.449243558613775573e-01
5.727376861397375230e-01
5.727376861397345253e-01
5.727376861397479590e-01
5.378042109614852295e-01
5.058903169103374786e-01
5.727376861397479590e-01
5.727376861397479590e-01
5.727376861397394103e-01
5.546829117887339677e-01
2.897123773591610552e-01
5.727376861397479590e-01
4.987291720057800415e-01
5.727376861397479590e-01
4.996828409659210823e-01
5.682703182058312930e-01
3.990370245842730368e-01
5.727376861397479590e-01
5.611538077740139130e-01
5.727376861397479590e-01
2.245362214384742927e-01
5.727376861397479590e-01
5.727376861397338592e-01
5.025954072337590617e-01
5.727376861397479590e-01
5.571991422307667197e-01
5.162558653918297713e-01
3.287818986084266037e-01
5.727376861397479590e-01
5.727376861397479590e-01
5.727376861397479590e-01
4.978010378854678120e-01
5.727376861397479590e-01
5.344241640439656438e-01
5.727376861397479590e-01
1.449219239027938755e-01
4.036505752107559242e-01
5.727376861397479590e-01
4.404102917847456111e-01
5.727376861397479590e-01
4.138894644665279676e-01
5.727376861397479590e-01
5.727376861397411867e-01
5.727376861397479590e-01
5.727376861397479590e-01
5.727376861397479590e-01
5.727376861397479590e-01
5.727376861397479590e-01
4.651617559128055079e-01
5.727376861397479590e-01
5.727376861397430741e-01
5.727376861397479590e-01
5.727376861397479590e-01
5.727376861397440733e-01
3.868863614901553172e-01
5.176163945700897884e-01
5.727376861397479590e-01
5.727376861397479590e-01
5.727376861397320829e-01
4.642142720776762377e-01
5.727376861397369678e-01
5.727376861397479590e-01
5.727376861397479590e-01
5.727376861397479590e-01
2.436167698346033972e-01
5.727376861397479590e-01
2.897172017205740246e-01
5.727376861397479590e-01
5.727376861397479590e-01
5.727376861397479590e-01
5.727376861397479590e-01
5.727376861397479590e-01
5.727376861397479590e-01
5.597077185555784373e-01
3.995024320209177721e-02
5.727376861397479590e-01
5.194978380587380595e-01
4.495436297944517823e-01
5.197831534399774966e-01
5.727376861397479590e-01
5.356332013676212700e-01
5.727376861397479590e-01
5.727376861397479590e-01
4.371612189104769897e-01
4.135577491155928431e-01
5.712739851899065746e-01
4.822322717917458257e-01
4.515527333567135870e-01
5.727376861397479590e-01
5.705592925080220645e-01
5.727376861397479590e-01
5.674723886637760284e-01
5.727376861397479590e-01
5.727376861397479590e-01
5.727376861397479590e-01
2.966080254556473506e-01
5.677168116573241274e-01
5.701196262672856285e-01
3.859390110144870212e-01
5.727376861397424079e-01
5.727376861397479590e-01
5.727376861397479590e-01
5.727376861397479590e-01
4.862224191665770467e-01
5.727376861397479590e-01
5.219939239699311617e-01
5.727376861397361907e-01
5.727376861397479590e-01
5.727376861397479590e-01
5.712063044488134844e-01
5.727376861397479590e-01
5.727376861397479590e-01
5.727376861397479590e-01
5.727376861397479590e-01
2.897172017205520977e-01
4.996052093447604370e-01
5.727376861397479590e-01
4.061414748687178777e-01
5.727376861397479590e-01
5.727376861397479590e-01
5.727376861397479590e-01
5.727376861397479590e-01
5.727376861397479590e-01
5.727376861397479590e-01
5.727376861397373009e-01
5.727376861397479590e-01
5.113422611271613016e-01
5.727376861397479590e-01
5.200220621244224795e-01
5.727376861397479590e-01
5.727376861397422969e-01
5.727376861397479590e-01
5.317548308813707658e-01
5.727376861397479590e-01
4.107323317764515758e-01
2.724324231353492665e-01
4.243589432146401830e-01
5.727376861397344143e-01
5.727376861397442953e-01
5.727376861397479590e-01
4.356034889217367256e-01
5.445155554446606816e-01
5.727376861397479590e-01
5.727376861397479590e-01
5.727376861397479590e-01
4.232802975245523180e-01
5.678100139089090614e-01
5.108413662244242204e-01
2.897176384229359636e-01
5.727376861397479590e-01
5.727376861397479590e-01
5.727376861397479590e-01
2.105081298413753466e-01
5.727376861397479590e-01
5.727376861397479590e-01
5.727376861397479590e-01
5.727376861397479590e-01
5.727376861397479590e-01
4.824760182895041494e-01
5.727376861397479590e-01
4.639608035925627538e-01
3.066382378316892532e-01
4.344088182249073449e-01
5.727376861397479590e-01
5.727376861397477370e-01
1.296389450776238572e-01
2.018153785717112791e-01
5.464932156385537976e-01
5.727376861397479590e-01
4.176990817343087525e-01
5.650903510956727382e-01
5.727376861397445174e-01
5.727376861397479590e-01
5.727376861397294183e-01
5.660881684836869265e-01
5.198717748262898786e-01
5.727376861397479590e-01
5.727376861397479590e-01
5.727376861397479590e-01
5.727376861397479590e-01
3.388209261427721497e-01
2.211306552249912849e-01
5.727376861397479590e-01
5.727376861397479590e-01
5.727376861397479590e-01
5.727376861397479590e-01
5.727376861397237562e-01
5.727376861397479590e-01
5.727376861397479590e-01
5.267987069304651548e-01
2.004017396546534102e-01
4.979354551264394968e-01
4.386425742148351015e-01
4.306622026516969126e-01
2.848385743261567793e-01
3.679776020224848065e-01
5.727376861397479590e-01
5.727376861397479590e-01
5.727376861397459606e-01
5.462731944012595431e-01
5.727376861397479590e-01
5.727376861397479590e-01
5.727376861397255325e-01
5.727376861397479590e-01
5.727376861397479590e-01
4.295590567213388722e-01
8.300480774946106255e-02
5.727376861397479590e-01
5.693496017386315833e-01
5.727376861397479590e-01
5.727376861397479590e-01
1.930588852961627466e-01
3.745781760435542007e-01
4.072884886517753045e-01
5.727376861397479590e-01
5.550351901272190247e-01
4.458107255372299460e-01
5.457686156292792523e-01
5.727376861397479590e-01
5.727376861397479590e-01
5.613394239211018100e-01
2.789239010056622781e-01
2.202246998523334776e-01
5.727376861397454055e-01
5.727376861397479590e-01
5.275529036353455714e-01
5.727376861397466268e-01
5.727376861397479590e-01
4.084031405421573169e-01
5.727376861397465158e-01
5.727376861397479590e-01
5.727006832292460548e-01
4.080175329308703414e-01
5.659853464552168090e-01
5.448718505615001151e-01
5.727376861397479590e-01
5.727376861397479590e-01
3.778130876094024093e-01
5.727376861397466268e-01
5.727376861397479590e-01
5.666851522209331860e-01
5.727376861397479590e-01
2.897179750072743087e-01
5.727376861397479590e-01
1.558215558760014385e-01
2.897199890233030928e-01
5.727376861397479590e-01
5.727376861397479590e-01
5.520948077360087192e-01
4.518761142762598992e-01
5.727376861397479590e-01
3.719342330633765847e-01
5.727376861397479590e-01
5.510157739987207037e-01
5.727376861397479590e-01
5.627061915842773709e-01
5.727376861397479590e-01
3.229360598003741534e-01
2.754341585445582719e-01
5.727376861397479590e-01
5.727376861397479590e-01
5.727376861397414087e-01
5.292928963598129144e-01
5.685224865523125226e-01
5.616390261595972655e-01
5.727376861397479590e-01
5.232166734522061269e-01
4.571221699553433271e-01
5.481389437961752265e-01
5.727376861397479590e-01
5.727376861397479590e-01
5.727376861397479590e-01
5.429577501250965055e-01
5.727376861397479590e-01
5.727376861397479590e-01
5.727376861397479590e-01
5.145698944641738937e-01
5.727376861397479590e-01
